[1.761s] Invoking command in '/home/charlie/traversability_analysis_ws_ros2/src/simulation': PYTHONPATH=/home/charlie/traversability_analysis_ws_ros2/build/simulation/prefix_override:/home/charlie/traversability_analysis_ws_ros2/install/simulation/lib/python3.8/site-packages:${PYTHONPATH} /usr/bin/python3 setup.py egg_info --egg-base ../../build/simulation build --build-base /home/charlie/traversability_analysis_ws_ros2/build/simulation/build install --record /home/charlie/traversability_analysis_ws_ros2/build/simulation/install.log --install-scripts $base/lib/simulation --single-version-externally-managed
[2.140s] /home/charlie/.local/lib/python3.8/site-packages/setuptools/dist.py:770: UserWarning: Usage of dash-separated 'script-dir' will not be supported in future versions. Please use the underscore name 'script_dir' instead
[2.141s]   warnings.warn(
[2.264s] running egg_info
[2.282s] writing ../../build/simulation/simulation.egg-info/PKG-INFO
[2.282s] writing dependency_links to ../../build/simulation/simulation.egg-info/dependency_links.txt
[2.283s] writing entry points to ../../build/simulation/simulation.egg-info/entry_points.txt
[2.283s] writing requirements to ../../build/simulation/simulation.egg-info/requires.txt
[2.283s] writing top-level names to ../../build/simulation/simulation.egg-info/top_level.txt
[2.322s] reading manifest file '../../build/simulation/simulation.egg-info/SOURCES.txt'
[2.323s] writing manifest file '../../build/simulation/simulation.egg-info/SOURCES.txt'
[2.323s] running build
[2.323s] running build_py
[2.324s] running install
[2.324s] /home/charlie/.local/lib/python3.8/site-packages/setuptools/command/install.py:34: SetuptoolsDeprecationWarning: setup.py install is deprecated. Use build and pip and other standards-based tools.
[2.324s]   warnings.warn(
[2.330s] running install_lib
[2.349s] running install_data
[2.366s] running install_egg_info
[2.385s] removing '/home/charlie/traversability_analysis_ws_ros2/install/simulation/lib/python3.8/site-packages/simulation-0.0.0-py3.8.egg-info' (and everything under it)
[2.385s] Copying ../../build/simulation/simulation.egg-info to /home/charlie/traversability_analysis_ws_ros2/install/simulation/lib/python3.8/site-packages/simulation-0.0.0-py3.8.egg-info
[2.386s] running install_scripts
[2.459s] Installing simulation_data_collection script to /home/charlie/traversability_analysis_ws_ros2/install/simulation/lib/simulation
[2.459s] writing list of installed files to '/home/charlie/traversability_analysis_ws_ros2/build/simulation/install.log'
[2.485s] Invoked command in '/home/charlie/traversability_analysis_ws_ros2/src/simulation' returned '0': PYTHONPATH=/home/charlie/traversability_analysis_ws_ros2/build/simulation/prefix_override:/home/charlie/traversability_analysis_ws_ros2/install/simulation/lib/python3.8/site-packages:${PYTHONPATH} /usr/bin/python3 setup.py egg_info --egg-base ../../build/simulation build --build-base /home/charlie/traversability_analysis_ws_ros2/build/simulation/build install --record /home/charlie/traversability_analysis_ws_ros2/build/simulation/install.log --install-scripts $base/lib/simulation --single-version-externally-managed
