[0.077s] Invoking command in '/home/charlie/traversability_analysis_ws_ros2/build/husky_description': CMAKE_PREFIX_PATH=${CMAKE_PREFIX_PATH}:/home/charlie/traversability_analysis_ws_ros2/install/simulation:/home/charlie/traversability_analysis_ws_ros2/install/dataset_generation_training:/opt/ros/foxy /usr/bin/cmake --build /home/charlie/traversability_analysis_ws_ros2/build/husky_description -- -j16 -l16
[0.794s] Invoked command in '/home/charlie/traversability_analysis_ws_ros2/build/husky_description' returned '0': CMAKE_PREFIX_PATH=${CMAKE_PREFIX_PATH}:/home/charlie/traversability_analysis_ws_ros2/install/simulation:/home/charlie/traversability_analysis_ws_ros2/install/dataset_generation_training:/opt/ros/foxy /usr/bin/cmake --build /home/charlie/traversability_analysis_ws_ros2/build/husky_description -- -j16 -l16
[0.829s] Invoking command in '/home/charlie/traversability_analysis_ws_ros2/build/husky_description': CMAKE_PREFIX_PATH=${CMAKE_PREFIX_PATH}:/home/charlie/traversability_analysis_ws_ros2/install/simulation:/home/charlie/traversability_analysis_ws_ros2/install/dataset_generation_training:/opt/ros/foxy /usr/bin/cmake --install /home/charlie/traversability_analysis_ws_ros2/build/husky_description
[0.841s] -- Install configuration: ""
[0.841s] -- Up-to-date: /home/charlie/traversability_analysis_ws_ros2/install/husky_description/share/husky_description/launch
[0.841s] -- Up-to-date: /home/charlie/traversability_analysis_ws_ros2/install/husky_description/share/husky_description/launch/description.launch.py
[0.841s] -- Up-to-date: /home/charlie/traversability_analysis_ws_ros2/install/husky_description/share/husky_description/launch/description.launch
[0.841s] -- Up-to-date: /home/charlie/traversability_analysis_ws_ros2/install/husky_description/share/husky_description/meshes
[0.841s] -- Up-to-date: /home/charlie/traversability_analysis_ws_ros2/install/husky_description/share/husky_description/meshes/top_plate.dae
[0.842s] -- Up-to-date: /home/charlie/traversability_analysis_ws_ros2/install/husky_description/share/husky_description/meshes/large_top_plate_collision.stl
[0.842s] -- Up-to-date: /home/charlie/traversability_analysis_ws_ros2/install/husky_description/share/husky_description/meshes/top_chassis.dae
[0.842s] -- Up-to-date: /home/charlie/traversability_analysis_ws_ros2/install/husky_description/share/husky_description/meshes/top_chassis.stl
[0.842s] -- Up-to-date: /home/charlie/traversability_analysis_ws_ros2/install/husky_description/share/husky_description/meshes/top_plate.stl
[0.842s] -- Up-to-date: /home/charlie/traversability_analysis_ws_ros2/install/husky_description/share/husky_description/meshes/bumper.dae
[0.842s] -- Up-to-date: /home/charlie/traversability_analysis_ws_ros2/install/husky_description/share/husky_description/meshes/wheel.stl
[0.842s] -- Up-to-date: /home/charlie/traversability_analysis_ws_ros2/install/husky_description/share/husky_description/meshes/wheel.dae
[0.842s] -- Up-to-date: /home/charlie/traversability_analysis_ws_ros2/install/husky_description/share/husky_description/meshes/user_rail.dae
[0.842s] -- Up-to-date: /home/charlie/traversability_analysis_ws_ros2/install/husky_description/share/husky_description/meshes/base_link.dae
[0.842s] -- Up-to-date: /home/charlie/traversability_analysis_ws_ros2/install/husky_description/share/husky_description/meshes/accessories
[0.842s] -- Up-to-date: /home/charlie/traversability_analysis_ws_ros2/install/husky_description/share/husky_description/meshes/accessories/300_mm_sensor_arch.dae
[0.842s] -- Up-to-date: /home/charlie/traversability_analysis_ws_ros2/install/husky_description/share/husky_description/meshes/accessories/lidar_mount.stl
[0.843s] -- Up-to-date: /home/charlie/traversability_analysis_ws_ros2/install/husky_description/share/husky_description/meshes/accessories/lms1xx_mount.stl
[0.843s] -- Up-to-date: /home/charlie/traversability_analysis_ws_ros2/install/husky_description/share/husky_description/meshes/accessories/510_mm_sensor_arch.dae
[0.843s] -- Up-to-date: /home/charlie/traversability_analysis_ws_ros2/install/husky_description/share/husky_description/meshes/accessories/510_mm_sensor_arch.stl
[0.843s] -- Up-to-date: /home/charlie/traversability_analysis_ws_ros2/install/husky_description/share/husky_description/meshes/accessories/lms1xx_mount.dae
[0.843s] -- Up-to-date: /home/charlie/traversability_analysis_ws_ros2/install/husky_description/share/husky_description/meshes/accessories/300_mm_sensor_arch.stl
[0.843s] -- Up-to-date: /home/charlie/traversability_analysis_ws_ros2/install/husky_description/share/husky_description/meshes/bumper_extension.dae
[0.843s] -- Up-to-date: /home/charlie/traversability_analysis_ws_ros2/install/husky_description/share/husky_description/meshes/user_rail.stl
[0.843s] -- Up-to-date: /home/charlie/traversability_analysis_ws_ros2/install/husky_description/share/husky_description/meshes/large_top_plate.dae
[0.844s] -- Up-to-date: /home/charlie/traversability_analysis_ws_ros2/install/husky_description/share/husky_description/meshes/base_link.stl
[0.844s] -- Up-to-date: /home/charlie/traversability_analysis_ws_ros2/install/husky_description/share/husky_description/urdf
[0.844s] -- Up-to-date: /home/charlie/traversability_analysis_ws_ros2/install/husky_description/share/husky_description/urdf/empty.urdf
[0.844s] -- Up-to-date: /home/charlie/traversability_analysis_ws_ros2/install/husky_description/share/husky_description/urdf/husky_macro.urdf.xacro
[0.844s] -- Up-to-date: /home/charlie/traversability_analysis_ws_ros2/install/husky_description/share/husky_description/urdf/husky.urdf.xacro
[0.844s] -- Up-to-date: /home/charlie/traversability_analysis_ws_ros2/install/husky_description/share/husky_description/urdf/decorations.urdf.xacro
[0.847s] -- Up-to-date: /home/charlie/traversability_analysis_ws_ros2/install/husky_description/share/husky_description/urdf/accessories
[0.847s] -- Up-to-date: /home/charlie/traversability_analysis_ws_ros2/install/husky_description/share/husky_description/urdf/accessories/intel_realsense.urdf.xacro
[0.847s] -- Up-to-date: /home/charlie/traversability_analysis_ws_ros2/install/husky_description/share/husky_description/urdf/accessories/sick_lms1xx_mount.urdf.xacro
[0.848s] -- Up-to-date: /home/charlie/traversability_analysis_ws_ros2/install/husky_description/share/husky_description/urdf/accessories/sensor_arch.urdf.xacro
[0.849s] -- Up-to-date: /home/charlie/traversability_analysis_ws_ros2/install/husky_description/share/husky_description/urdf/wheel.urdf.xacro
[0.851s] -- Up-to-date: /home/charlie/traversability_analysis_ws_ros2/install/husky_description/share/ament_index/resource_index/package_run_dependencies/husky_description
[0.851s] -- Up-to-date: /home/charlie/traversability_analysis_ws_ros2/install/husky_description/share/ament_index/resource_index/parent_prefix_path/husky_description
[0.852s] -- Up-to-date: /home/charlie/traversability_analysis_ws_ros2/install/husky_description/share/husky_description/environment/ament_prefix_path.sh
[0.852s] -- Up-to-date: /home/charlie/traversability_analysis_ws_ros2/install/husky_description/share/husky_description/environment/ament_prefix_path.dsv
[0.852s] -- Up-to-date: /home/charlie/traversability_analysis_ws_ros2/install/husky_description/share/husky_description/environment/path.sh
[0.852s] -- Up-to-date: /home/charlie/traversability_analysis_ws_ros2/install/husky_description/share/husky_description/environment/path.dsv
[0.852s] -- Up-to-date: /home/charlie/traversability_analysis_ws_ros2/install/husky_description/share/husky_description/local_setup.bash
[0.852s] -- Up-to-date: /home/charlie/traversability_analysis_ws_ros2/install/husky_description/share/husky_description/local_setup.sh
[0.852s] -- Up-to-date: /home/charlie/traversability_analysis_ws_ros2/install/husky_description/share/husky_description/local_setup.zsh
[0.852s] -- Up-to-date: /home/charlie/traversability_analysis_ws_ros2/install/husky_description/share/husky_description/local_setup.dsv
[0.852s] -- Installing: /home/charlie/traversability_analysis_ws_ros2/install/husky_description/share/husky_description/package.dsv
[0.852s] -- Up-to-date: /home/charlie/traversability_analysis_ws_ros2/install/husky_description/share/ament_index/resource_index/packages/husky_description
[0.852s] -- Up-to-date: /home/charlie/traversability_analysis_ws_ros2/install/husky_description/share/husky_description/cmake/ament_cmake_export_dependencies-extras.cmake
[0.852s] -- Up-to-date: /home/charlie/traversability_analysis_ws_ros2/install/husky_description/share/husky_description/cmake/husky_descriptionConfig.cmake
[0.852s] -- Up-to-date: /home/charlie/traversability_analysis_ws_ros2/install/husky_description/share/husky_description/cmake/husky_descriptionConfig-version.cmake
[0.854s] -- Up-to-date: /home/charlie/traversability_analysis_ws_ros2/install/husky_description/share/husky_description/package.xml
[0.854s] Invoked command in '/home/charlie/traversability_analysis_ws_ros2/build/husky_description' returned '0': CMAKE_PREFIX_PATH=${CMAKE_PREFIX_PATH}:/home/charlie/traversability_analysis_ws_ros2/install/simulation:/home/charlie/traversability_analysis_ws_ros2/install/dataset_generation_training:/opt/ros/foxy /usr/bin/cmake --install /home/charlie/traversability_analysis_ws_ros2/build/husky_description
