[0.075s] Invoking command in '/home/charlie/traversability_analysis_ws_ros2/build/husky_viz': CMAKE_PREFIX_PATH=/home/charlie/traversability_analysis_ws_ros2/install/husky_description:/home/charlie/traversability_analysis_ws_ros2/install/husky_desktop:/home/charlie/traversability_analysis_ws_ros2/install/husky_viz:/home/charlie/traversability_analysis_ws_ros2/install/husky_simulator:/home/charlie/traversability_analysis_ws_ros2/install/husky_robot:/home/charlie/traversability_analysis_ws_ros2/install/husky_bringup:/home/charlie/traversability_analysis_ws_ros2/install/husky_base:/home/charlie/traversability_analysis_ws_ros2/install/husky_msgs:/home/charlie/traversability_analysis_ws_ros2/install/husky_gazebo:/home/charlie/traversability_analysis_ws_ros2/install/husky_control:/home/charlie/traversability_analysis_ws_ros2/install/gazebo_map_creator:/home/charlie/traversability_analysis_ws_ros2/install/gazebo_map_creator_interface:/home/charlie/traversability_analysis_ws_ros2/install/simulation:/home/charlie/traversability_analysis_ws_ros2/install/evaluation:/home/charlie/traversability_analysis_ws_ros2/install/dataset_generation_training:/opt/ros/foxy /usr/bin/cmake --build /home/charlie/traversability_analysis_ws_ros2/build/husky_viz -- -j16 -l16
[0.139s] Invoked command in '/home/charlie/traversability_analysis_ws_ros2/build/husky_viz' returned '0': CMAKE_PREFIX_PATH=/home/charlie/traversability_analysis_ws_ros2/install/husky_description:/home/charlie/traversability_analysis_ws_ros2/install/husky_desktop:/home/charlie/traversability_analysis_ws_ros2/install/husky_viz:/home/charlie/traversability_analysis_ws_ros2/install/husky_simulator:/home/charlie/traversability_analysis_ws_ros2/install/husky_robot:/home/charlie/traversability_analysis_ws_ros2/install/husky_bringup:/home/charlie/traversability_analysis_ws_ros2/install/husky_base:/home/charlie/traversability_analysis_ws_ros2/install/husky_msgs:/home/charlie/traversability_analysis_ws_ros2/install/husky_gazebo:/home/charlie/traversability_analysis_ws_ros2/install/husky_control:/home/charlie/traversability_analysis_ws_ros2/install/gazebo_map_creator:/home/charlie/traversability_analysis_ws_ros2/install/gazebo_map_creator_interface:/home/charlie/traversability_analysis_ws_ros2/install/simulation:/home/charlie/traversability_analysis_ws_ros2/install/evaluation:/home/charlie/traversability_analysis_ws_ros2/install/dataset_generation_training:/opt/ros/foxy /usr/bin/cmake --build /home/charlie/traversability_analysis_ws_ros2/build/husky_viz -- -j16 -l16
[0.181s] Invoking command in '/home/charlie/traversability_analysis_ws_ros2/build/husky_viz': CMAKE_PREFIX_PATH=/home/charlie/traversability_analysis_ws_ros2/install/husky_description:/home/charlie/traversability_analysis_ws_ros2/install/husky_desktop:/home/charlie/traversability_analysis_ws_ros2/install/husky_viz:/home/charlie/traversability_analysis_ws_ros2/install/husky_simulator:/home/charlie/traversability_analysis_ws_ros2/install/husky_robot:/home/charlie/traversability_analysis_ws_ros2/install/husky_bringup:/home/charlie/traversability_analysis_ws_ros2/install/husky_base:/home/charlie/traversability_analysis_ws_ros2/install/husky_msgs:/home/charlie/traversability_analysis_ws_ros2/install/husky_gazebo:/home/charlie/traversability_analysis_ws_ros2/install/husky_control:/home/charlie/traversability_analysis_ws_ros2/install/gazebo_map_creator:/home/charlie/traversability_analysis_ws_ros2/install/gazebo_map_creator_interface:/home/charlie/traversability_analysis_ws_ros2/install/simulation:/home/charlie/traversability_analysis_ws_ros2/install/evaluation:/home/charlie/traversability_analysis_ws_ros2/install/dataset_generation_training:/opt/ros/foxy /usr/bin/cmake --install /home/charlie/traversability_analysis_ws_ros2/build/husky_viz
[0.207s] -- Install configuration: ""
[0.207s] -- Up-to-date: /home/charlie/traversability_analysis_ws_ros2/install/husky_viz/share/husky_viz/launch
[0.207s] -- Up-to-date: /home/charlie/traversability_analysis_ws_ros2/install/husky_viz/share/husky_viz/launch/view_robot.launch.py
[0.212s] -- Up-to-date: /home/charlie/traversability_analysis_ws_ros2/install/husky_viz/share/husky_viz/launch/view_model.launch
[0.212s] -- Up-to-date: /home/charlie/traversability_analysis_ws_ros2/install/husky_viz/share/husky_viz/launch/view_model.launch.py
[0.212s] -- Up-to-date: /home/charlie/traversability_analysis_ws_ros2/install/husky_viz/share/husky_viz/launch/view_robot.launch
[0.212s] -- Up-to-date: /home/charlie/traversability_analysis_ws_ros2/install/husky_viz/share/husky_viz/rviz
[0.212s] -- Up-to-date: /home/charlie/traversability_analysis_ws_ros2/install/husky_viz/share/husky_viz/rviz/test.rviz
[0.213s] -- Up-to-date: /home/charlie/traversability_analysis_ws_ros2/install/husky_viz/share/husky_viz/rviz/robot.rviz
[0.213s] -- Up-to-date: /home/charlie/traversability_analysis_ws_ros2/install/husky_viz/share/husky_viz/rviz/model.rviz
[0.213s] -- Up-to-date: /home/charlie/traversability_analysis_ws_ros2/install/husky_viz/share/ament_index/resource_index/package_run_dependencies/husky_viz
[0.213s] -- Up-to-date: /home/charlie/traversability_analysis_ws_ros2/install/husky_viz/share/ament_index/resource_index/parent_prefix_path/husky_viz
[0.213s] -- Up-to-date: /home/charlie/traversability_analysis_ws_ros2/install/husky_viz/share/husky_viz/environment/ament_prefix_path.sh
[0.213s] -- Up-to-date: /home/charlie/traversability_analysis_ws_ros2/install/husky_viz/share/husky_viz/environment/ament_prefix_path.dsv
[0.216s] -- Up-to-date: /home/charlie/traversability_analysis_ws_ros2/install/husky_viz/share/husky_viz/environment/path.sh
[0.216s] -- Up-to-date: /home/charlie/traversability_analysis_ws_ros2/install/husky_viz/share/husky_viz/environment/path.dsv
[0.216s] -- Up-to-date: /home/charlie/traversability_analysis_ws_ros2/install/husky_viz/share/husky_viz/local_setup.bash
[0.217s] -- Up-to-date: /home/charlie/traversability_analysis_ws_ros2/install/husky_viz/share/husky_viz/local_setup.sh
[0.217s] -- Up-to-date: /home/charlie/traversability_analysis_ws_ros2/install/husky_viz/share/husky_viz/local_setup.zsh
[0.217s] -- Up-to-date: /home/charlie/traversability_analysis_ws_ros2/install/husky_viz/share/husky_viz/local_setup.dsv
[0.218s] -- Installing: /home/charlie/traversability_analysis_ws_ros2/install/husky_viz/share/husky_viz/package.dsv
[0.221s] -- Up-to-date: /home/charlie/traversability_analysis_ws_ros2/install/husky_viz/share/ament_index/resource_index/packages/husky_viz
[0.221s] -- Up-to-date: /home/charlie/traversability_analysis_ws_ros2/install/husky_viz/share/husky_viz/cmake/husky_vizConfig.cmake
[0.221s] -- Up-to-date: /home/charlie/traversability_analysis_ws_ros2/install/husky_viz/share/husky_viz/cmake/husky_vizConfig-version.cmake
[0.221s] -- Up-to-date: /home/charlie/traversability_analysis_ws_ros2/install/husky_viz/share/husky_viz/package.xml
[0.222s] Invoked command in '/home/charlie/traversability_analysis_ws_ros2/build/husky_viz' returned '0': CMAKE_PREFIX_PATH=/home/charlie/traversability_analysis_ws_ros2/install/husky_description:/home/charlie/traversability_analysis_ws_ros2/install/husky_desktop:/home/charlie/traversability_analysis_ws_ros2/install/husky_viz:/home/charlie/traversability_analysis_ws_ros2/install/husky_simulator:/home/charlie/traversability_analysis_ws_ros2/install/husky_robot:/home/charlie/traversability_analysis_ws_ros2/install/husky_bringup:/home/charlie/traversability_analysis_ws_ros2/install/husky_base:/home/charlie/traversability_analysis_ws_ros2/install/husky_msgs:/home/charlie/traversability_analysis_ws_ros2/install/husky_gazebo:/home/charlie/traversability_analysis_ws_ros2/install/husky_control:/home/charlie/traversability_analysis_ws_ros2/install/gazebo_map_creator:/home/charlie/traversability_analysis_ws_ros2/install/gazebo_map_creator_interface:/home/charlie/traversability_analysis_ws_ros2/install/simulation:/home/charlie/traversability_analysis_ws_ros2/install/evaluation:/home/charlie/traversability_analysis_ws_ros2/install/dataset_generation_training:/opt/ros/foxy /usr/bin/cmake --install /home/charlie/traversability_analysis_ws_ros2/build/husky_viz
