/home/charlie/.local/lib/python3.8/site-packages/setuptools/dist.py:770: UserWarning: Usage of dash-separated 'script-dir' will not be supported in future versions. Please use the underscore name 'script_dir' instead
  warnings.warn(
running egg_info
writing ../../build/simulation/simulation.egg-info/PKG-INFO
writing dependency_links to ../../build/simulation/simulation.egg-info/dependency_links.txt
writing entry points to ../../build/simulation/simulation.egg-info/entry_points.txt
writing requirements to ../../build/simulation/simulation.egg-info/requires.txt
writing top-level names to ../../build/simulation/simulation.egg-info/top_level.txt
reading manifest file '../../build/simulation/simulation.egg-info/SOURCES.txt'
/home/charlie/.local/lib/python3.8/site-packages/setuptools/command/install.py:34: SetuptoolsDeprecationWarning: setup.py install is deprecated. Use build and pip and other standards-based tools.
  warnings.warn(
writing manifest file '../../build/simulation/simulation.egg-info/SOURCES.txt'
running build
running build_py
running install
running install_lib
running install_data
running install_egg_info
removing '/home/charlie/traversability_analysis_ws_ros2/install/simulation/lib/python3.8/site-packages/simulation-0.0.0-py3.8.egg-info' (and everything under it)
Copying ../../build/simulation/simulation.egg-info to /home/charlie/traversability_analysis_ws_ros2/install/simulation/lib/python3.8/site-packages/simulation-0.0.0-py3.8.egg-info
running install_scripts
Installing simulation_data_collection script to /home/charlie/traversability_analysis_ws_ros2/install/simulation/lib/simulation
writing list of installed files to '/home/charlie/traversability_analysis_ws_ros2/build/simulation/install.log'
