[0.119s] Invoking command in '/home/charlie/traversability_analysis_ws_ros2/build/husky_control': CMAKE_PREFIX_PATH=/home/charlie/traversability_analysis_ws_ros2/install/husky_description:/home/charlie/traversability_analysis_ws_ros2/install/husky_desktop:/home/charlie/traversability_analysis_ws_ros2/install/husky_viz:/home/charlie/traversability_analysis_ws_ros2/install/husky_simulator:/home/charlie/traversability_analysis_ws_ros2/install/husky_robot:/home/charlie/traversability_analysis_ws_ros2/install/husky_bringup:/home/charlie/traversability_analysis_ws_ros2/install/husky_base:/home/charlie/traversability_analysis_ws_ros2/install/husky_msgs:/home/charlie/traversability_analysis_ws_ros2/install/husky_gazebo:/home/charlie/traversability_analysis_ws_ros2/install/husky_control:/home/charlie/traversability_analysis_ws_ros2/install/gazebo_map_creator:/home/charlie/traversability_analysis_ws_ros2/install/gazebo_map_creator_interface:/home/charlie/traversability_analysis_ws_ros2/install/simulation:/home/charlie/traversability_analysis_ws_ros2/install/evaluation:/home/charlie/traversability_analysis_ws_ros2/install/dataset_generation_training:/opt/ros/foxy /usr/bin/cmake --build /home/charlie/traversability_analysis_ws_ros2/build/husky_control -- -j16 -l16
[0.230s] Invoked command in '/home/charlie/traversability_analysis_ws_ros2/build/husky_control' returned '0': CMAKE_PREFIX_PATH=/home/charlie/traversability_analysis_ws_ros2/install/husky_description:/home/charlie/traversability_analysis_ws_ros2/install/husky_desktop:/home/charlie/traversability_analysis_ws_ros2/install/husky_viz:/home/charlie/traversability_analysis_ws_ros2/install/husky_simulator:/home/charlie/traversability_analysis_ws_ros2/install/husky_robot:/home/charlie/traversability_analysis_ws_ros2/install/husky_bringup:/home/charlie/traversability_analysis_ws_ros2/install/husky_base:/home/charlie/traversability_analysis_ws_ros2/install/husky_msgs:/home/charlie/traversability_analysis_ws_ros2/install/husky_gazebo:/home/charlie/traversability_analysis_ws_ros2/install/husky_control:/home/charlie/traversability_analysis_ws_ros2/install/gazebo_map_creator:/home/charlie/traversability_analysis_ws_ros2/install/gazebo_map_creator_interface:/home/charlie/traversability_analysis_ws_ros2/install/simulation:/home/charlie/traversability_analysis_ws_ros2/install/evaluation:/home/charlie/traversability_analysis_ws_ros2/install/dataset_generation_training:/opt/ros/foxy /usr/bin/cmake --build /home/charlie/traversability_analysis_ws_ros2/build/husky_control -- -j16 -l16
[0.335s] Invoking command in '/home/charlie/traversability_analysis_ws_ros2/build/husky_control': CMAKE_PREFIX_PATH=/home/charlie/traversability_analysis_ws_ros2/install/husky_description:/home/charlie/traversability_analysis_ws_ros2/install/husky_desktop:/home/charlie/traversability_analysis_ws_ros2/install/husky_viz:/home/charlie/traversability_analysis_ws_ros2/install/husky_simulator:/home/charlie/traversability_analysis_ws_ros2/install/husky_robot:/home/charlie/traversability_analysis_ws_ros2/install/husky_bringup:/home/charlie/traversability_analysis_ws_ros2/install/husky_base:/home/charlie/traversability_analysis_ws_ros2/install/husky_msgs:/home/charlie/traversability_analysis_ws_ros2/install/husky_gazebo:/home/charlie/traversability_analysis_ws_ros2/install/husky_control:/home/charlie/traversability_analysis_ws_ros2/install/gazebo_map_creator:/home/charlie/traversability_analysis_ws_ros2/install/gazebo_map_creator_interface:/home/charlie/traversability_analysis_ws_ros2/install/simulation:/home/charlie/traversability_analysis_ws_ros2/install/evaluation:/home/charlie/traversability_analysis_ws_ros2/install/dataset_generation_training:/opt/ros/foxy /usr/bin/cmake --install /home/charlie/traversability_analysis_ws_ros2/build/husky_control
[0.346s] -- Install configuration: ""
[0.350s] -- Up-to-date: /home/charlie/traversability_analysis_ws_ros2/install/husky_control/share/husky_control/config
[0.351s] -- Up-to-date: /home/charlie/traversability_analysis_ws_ros2/install/husky_control/share/husky_control/config/teleop_logitech.yaml
[0.352s] -- Up-to-date: /home/charlie/traversability_analysis_ws_ros2/install/husky_control/share/husky_control/config/gazebo_interface.yaml
[0.353s] -- Up-to-date: /home/charlie/traversability_analysis_ws_ros2/install/husky_control/share/husky_control/config/public_interface.yaml
[0.353s] -- Up-to-date: /home/charlie/traversability_analysis_ws_ros2/install/husky_control/share/husky_control/config/teleop_interactive_markers.yaml
[0.354s] -- Up-to-date: /home/charlie/traversability_analysis_ws_ros2/install/husky_control/share/husky_control/config/twist_mux.yaml
[0.367s] -- Up-to-date: /home/charlie/traversability_analysis_ws_ros2/install/husky_control/share/husky_control/config/localization.yaml
[0.368s] -- Up-to-date: /home/charlie/traversability_analysis_ws_ros2/install/husky_control/share/husky_control/config/teleop_ps4.yaml
[0.369s] -- Up-to-date: /home/charlie/traversability_analysis_ws_ros2/install/husky_control/share/husky_control/config/control.yaml
[0.369s] -- Up-to-date: /home/charlie/traversability_analysis_ws_ros2/install/husky_control/share/husky_control/config/imu_filter.yaml
[0.369s] -- Up-to-date: /home/charlie/traversability_analysis_ws_ros2/install/husky_control/share/husky_control/config/empty.yaml
[0.369s] -- Up-to-date: /home/charlie/traversability_analysis_ws_ros2/install/husky_control/share/husky_control/launch
[0.369s] -- Up-to-date: /home/charlie/traversability_analysis_ws_ros2/install/husky_control/share/husky_control/launch/teleop.launch
[0.370s] -- Up-to-date: /home/charlie/traversability_analysis_ws_ros2/install/husky_control/share/husky_control/launch/teleop_joy.launch.py
[0.370s] -- Up-to-date: /home/charlie/traversability_analysis_ws_ros2/install/husky_control/share/husky_control/launch/teleop_base.launch.py
[0.370s] -- Up-to-date: /home/charlie/traversability_analysis_ws_ros2/install/husky_control/share/husky_control/launch/control.launch.py
[0.370s] -- Up-to-date: /home/charlie/traversability_analysis_ws_ros2/install/husky_control/share/husky_control/launch/control.launch
[0.370s] -- Up-to-date: /home/charlie/traversability_analysis_ws_ros2/install/husky_control/share/ament_index/resource_index/package_run_dependencies/husky_control
[0.370s] -- Up-to-date: /home/charlie/traversability_analysis_ws_ros2/install/husky_control/share/ament_index/resource_index/parent_prefix_path/husky_control
[0.371s] -- Up-to-date: /home/charlie/traversability_analysis_ws_ros2/install/husky_control/share/husky_control/environment/ament_prefix_path.sh
[0.371s] -- Up-to-date: /home/charlie/traversability_analysis_ws_ros2/install/husky_control/share/husky_control/environment/ament_prefix_path.dsv
[0.371s] -- Up-to-date: /home/charlie/traversability_analysis_ws_ros2/install/husky_control/share/husky_control/environment/path.sh
[0.371s] -- Up-to-date: /home/charlie/traversability_analysis_ws_ros2/install/husky_control/share/husky_control/environment/path.dsv
[0.371s] -- Up-to-date: /home/charlie/traversability_analysis_ws_ros2/install/husky_control/share/husky_control/local_setup.bash
[0.371s] -- Up-to-date: /home/charlie/traversability_analysis_ws_ros2/install/husky_control/share/husky_control/local_setup.sh
[0.371s] -- Up-to-date: /home/charlie/traversability_analysis_ws_ros2/install/husky_control/share/husky_control/local_setup.zsh
[0.372s] -- Up-to-date: /home/charlie/traversability_analysis_ws_ros2/install/husky_control/share/husky_control/local_setup.dsv
[0.372s] -- Installing: /home/charlie/traversability_analysis_ws_ros2/install/husky_control/share/husky_control/package.dsv
[0.382s] -- Up-to-date: /home/charlie/traversability_analysis_ws_ros2/install/husky_control/share/ament_index/resource_index/packages/husky_control
[0.382s] -- Up-to-date: /home/charlie/traversability_analysis_ws_ros2/install/husky_control/share/husky_control/cmake/husky_controlConfig.cmake
[0.383s] -- Up-to-date: /home/charlie/traversability_analysis_ws_ros2/install/husky_control/share/husky_control/cmake/husky_controlConfig-version.cmake
[0.383s] -- Up-to-date: /home/charlie/traversability_analysis_ws_ros2/install/husky_control/share/husky_control/package.xml
[0.397s] Invoked command in '/home/charlie/traversability_analysis_ws_ros2/build/husky_control' returned '0': CMAKE_PREFIX_PATH=/home/charlie/traversability_analysis_ws_ros2/install/husky_description:/home/charlie/traversability_analysis_ws_ros2/install/husky_desktop:/home/charlie/traversability_analysis_ws_ros2/install/husky_viz:/home/charlie/traversability_analysis_ws_ros2/install/husky_simulator:/home/charlie/traversability_analysis_ws_ros2/install/husky_robot:/home/charlie/traversability_analysis_ws_ros2/install/husky_bringup:/home/charlie/traversability_analysis_ws_ros2/install/husky_base:/home/charlie/traversability_analysis_ws_ros2/install/husky_msgs:/home/charlie/traversability_analysis_ws_ros2/install/husky_gazebo:/home/charlie/traversability_analysis_ws_ros2/install/husky_control:/home/charlie/traversability_analysis_ws_ros2/install/gazebo_map_creator:/home/charlie/traversability_analysis_ws_ros2/install/gazebo_map_creator_interface:/home/charlie/traversability_analysis_ws_ros2/install/simulation:/home/charlie/traversability_analysis_ws_ros2/install/evaluation:/home/charlie/traversability_analysis_ws_ros2/install/dataset_generation_training:/opt/ros/foxy /usr/bin/cmake --install /home/charlie/traversability_analysis_ws_ros2/build/husky_control
