[0.079s] Invoking command in '/home/charlie/traversability_analysis_ws_ros2/build/gazebo_map_creator_interface': CMAKE_PREFIX_PATH=${CMAKE_PREFIX_PATH}:/home/charlie/traversability_analysis_ws_ros2/install/simulation:/home/charlie/traversability_analysis_ws_ros2/install/evaluation:/home/charlie/traversability_analysis_ws_ros2/install/dataset_generation_training:/opt/ros/foxy /usr/bin/cmake --build /home/charlie/traversability_analysis_ws_ros2/build/gazebo_map_creator_interface -- -j16 -l16
[1.189s] [  3%] Built target gazebo_map_creator_interface__cpp
[1.189s] [ 12%] Built target gazebo_map_creator_interface__rosidl_generator_c
[1.189s] [ 22%] Built target gazebo_map_creator_interface__rosidl_typesupport_introspection_c
[1.189s] [ 32%] Built target gazebo_map_creator_interface__rosidl_typesupport_c
[1.190s] [ 41%] Built target gazebo_map_creator_interface__rosidl_typesupport_cpp
[1.190s] [ 51%] Built target gazebo_map_creator_interface__rosidl_typesupport_introspection_cpp
[1.190s] [ 61%] Built target gazebo_map_creator_interface__rosidl_typesupport_fastrtps_cpp
[1.190s] [ 70%] Built target gazebo_map_creator_interface__rosidl_typesupport_fastrtps_c
[1.190s] [ 70%] Built target gazebo_map_creator_interface
[1.190s] [ 74%] Built target gazebo_map_creator_interface__py
[1.190s] [ 80%] Built target gazebo_map_creator_interface__python
[1.191s] [ 87%] Built target gazebo_map_creator_interface__rosidl_typesupport_c__pyext
[1.191s] [ 93%] Built target gazebo_map_creator_interface__rosidl_typesupport_introspection_c__pyext
[1.191s] [100%] Built target gazebo_map_creator_interface__rosidl_typesupport_fastrtps_c__pyext
[1.198s] Invoked command in '/home/charlie/traversability_analysis_ws_ros2/build/gazebo_map_creator_interface' returned '0': CMAKE_PREFIX_PATH=${CMAKE_PREFIX_PATH}:/home/charlie/traversability_analysis_ws_ros2/install/simulation:/home/charlie/traversability_analysis_ws_ros2/install/evaluation:/home/charlie/traversability_analysis_ws_ros2/install/dataset_generation_training:/opt/ros/foxy /usr/bin/cmake --build /home/charlie/traversability_analysis_ws_ros2/build/gazebo_map_creator_interface -- -j16 -l16
[1.283s] Invoking command in '/home/charlie/traversability_analysis_ws_ros2/build/gazebo_map_creator_interface': CMAKE_PREFIX_PATH=${CMAKE_PREFIX_PATH}:/home/charlie/traversability_analysis_ws_ros2/install/simulation:/home/charlie/traversability_analysis_ws_ros2/install/evaluation:/home/charlie/traversability_analysis_ws_ros2/install/dataset_generation_training:/opt/ros/foxy /usr/bin/cmake --install /home/charlie/traversability_analysis_ws_ros2/build/gazebo_map_creator_interface
[1.294s] -- Install configuration: ""
[1.294s] -- Up-to-date: /home/charlie/traversability_analysis_ws_ros2/install/gazebo_map_creator_interface/share/ament_index/resource_index/rosidl_interfaces/gazebo_map_creator_interface
[1.295s] -- Up-to-date: /home/charlie/traversability_analysis_ws_ros2/install/gazebo_map_creator_interface/include/gazebo_map_creator_interface
[1.295s] -- Up-to-date: /home/charlie/traversability_analysis_ws_ros2/install/gazebo_map_creator_interface/include/gazebo_map_creator_interface/msg
[1.295s] -- Up-to-date: /home/charlie/traversability_analysis_ws_ros2/install/gazebo_map_creator_interface/include/gazebo_map_creator_interface/msg/rosidl_generator_c__visibility_control.h
[1.296s] -- Up-to-date: /home/charlie/traversability_analysis_ws_ros2/install/gazebo_map_creator_interface/include/gazebo_map_creator_interface/srv
[1.296s] -- Up-to-date: /home/charlie/traversability_analysis_ws_ros2/install/gazebo_map_creator_interface/include/gazebo_map_creator_interface/srv/map_request.h
[1.296s] -- Up-to-date: /home/charlie/traversability_analysis_ws_ros2/install/gazebo_map_creator_interface/include/gazebo_map_creator_interface/srv/detail
[1.296s] -- Up-to-date: /home/charlie/traversability_analysis_ws_ros2/install/gazebo_map_creator_interface/include/gazebo_map_creator_interface/srv/detail/map_request__functions.c
[1.296s] -- Up-to-date: /home/charlie/traversability_analysis_ws_ros2/install/gazebo_map_creator_interface/include/gazebo_map_creator_interface/srv/detail/map_request__struct.h
[1.296s] -- Up-to-date: /home/charlie/traversability_analysis_ws_ros2/install/gazebo_map_creator_interface/include/gazebo_map_creator_interface/srv/detail/map_request__type_support.h
[1.296s] -- Up-to-date: /home/charlie/traversability_analysis_ws_ros2/install/gazebo_map_creator_interface/include/gazebo_map_creator_interface/srv/detail/map_request__functions.h
[1.297s] -- Up-to-date: /home/charlie/traversability_analysis_ws_ros2/install/gazebo_map_creator_interface/share/gazebo_map_creator_interface/environment/library_path.sh
[1.297s] -- Up-to-date: /home/charlie/traversability_analysis_ws_ros2/install/gazebo_map_creator_interface/share/gazebo_map_creator_interface/environment/library_path.dsv
[1.297s] -- Up-to-date: /home/charlie/traversability_analysis_ws_ros2/install/gazebo_map_creator_interface/lib/libgazebo_map_creator_interface__rosidl_generator_c.so
[1.297s] -- Up-to-date: /home/charlie/traversability_analysis_ws_ros2/install/gazebo_map_creator_interface/include/gazebo_map_creator_interface
[1.297s] -- Up-to-date: /home/charlie/traversability_analysis_ws_ros2/install/gazebo_map_creator_interface/include/gazebo_map_creator_interface/msg
[1.298s] -- Up-to-date: /home/charlie/traversability_analysis_ws_ros2/install/gazebo_map_creator_interface/include/gazebo_map_creator_interface/msg/rosidl_typesupport_fastrtps_c__visibility_control.h
[1.298s] -- Up-to-date: /home/charlie/traversability_analysis_ws_ros2/install/gazebo_map_creator_interface/include/gazebo_map_creator_interface/srv
[1.298s] -- Up-to-date: /home/charlie/traversability_analysis_ws_ros2/install/gazebo_map_creator_interface/include/gazebo_map_creator_interface/srv/detail
[1.298s] -- Up-to-date: /home/charlie/traversability_analysis_ws_ros2/install/gazebo_map_creator_interface/include/gazebo_map_creator_interface/srv/detail/map_request__rosidl_typesupport_fastrtps_c.h
[1.298s] -- Up-to-date: /home/charlie/traversability_analysis_ws_ros2/install/gazebo_map_creator_interface/lib/libgazebo_map_creator_interface__rosidl_typesupport_fastrtps_c.so
[1.299s] -- Up-to-date: /home/charlie/traversability_analysis_ws_ros2/install/gazebo_map_creator_interface/include/gazebo_map_creator_interface
[1.299s] -- Up-to-date: /home/charlie/traversability_analysis_ws_ros2/install/gazebo_map_creator_interface/include/gazebo_map_creator_interface/msg
[1.299s] -- Up-to-date: /home/charlie/traversability_analysis_ws_ros2/install/gazebo_map_creator_interface/include/gazebo_map_creator_interface/msg/rosidl_typesupport_fastrtps_cpp__visibility_control.h
[1.299s] -- Up-to-date: /home/charlie/traversability_analysis_ws_ros2/install/gazebo_map_creator_interface/include/gazebo_map_creator_interface/srv
[1.299s] -- Up-to-date: /home/charlie/traversability_analysis_ws_ros2/install/gazebo_map_creator_interface/include/gazebo_map_creator_interface/srv/detail
[1.300s] -- Up-to-date: /home/charlie/traversability_analysis_ws_ros2/install/gazebo_map_creator_interface/include/gazebo_map_creator_interface/srv/detail/map_request__rosidl_typesupport_fastrtps_cpp.hpp
[1.300s] -- Up-to-date: /home/charlie/traversability_analysis_ws_ros2/install/gazebo_map_creator_interface/include/gazebo_map_creator_interface/srv/detail/dds_fastrtps
[1.300s] -- Up-to-date: /home/charlie/traversability_analysis_ws_ros2/install/gazebo_map_creator_interface/lib/libgazebo_map_creator_interface__rosidl_typesupport_fastrtps_cpp.so
[1.301s] -- Up-to-date: /home/charlie/traversability_analysis_ws_ros2/install/gazebo_map_creator_interface/include/gazebo_map_creator_interface
[1.301s] -- Up-to-date: /home/charlie/traversability_analysis_ws_ros2/install/gazebo_map_creator_interface/include/gazebo_map_creator_interface/msg
[1.301s] -- Up-to-date: /home/charlie/traversability_analysis_ws_ros2/install/gazebo_map_creator_interface/include/gazebo_map_creator_interface/msg/rosidl_typesupport_introspection_c__visibility_control.h
[1.301s] -- Up-to-date: /home/charlie/traversability_analysis_ws_ros2/install/gazebo_map_creator_interface/include/gazebo_map_creator_interface/srv
[1.315s] -- Up-to-date: /home/charlie/traversability_analysis_ws_ros2/install/gazebo_map_creator_interface/include/gazebo_map_creator_interface/srv/detail
[1.316s] -- Up-to-date: /home/charlie/traversability_analysis_ws_ros2/install/gazebo_map_creator_interface/include/gazebo_map_creator_interface/srv/detail/map_request__type_support.c
[1.316s] -- Up-to-date: /home/charlie/traversability_analysis_ws_ros2/install/gazebo_map_creator_interface/include/gazebo_map_creator_interface/srv/detail/map_request__rosidl_typesupport_introspection_c.h
[1.316s] -- Up-to-date: /home/charlie/traversability_analysis_ws_ros2/install/gazebo_map_creator_interface/lib/libgazebo_map_creator_interface__rosidl_typesupport_introspection_c.so
[1.317s] -- Up-to-date: /home/charlie/traversability_analysis_ws_ros2/install/gazebo_map_creator_interface/lib/libgazebo_map_creator_interface__rosidl_typesupport_c.so
[1.317s] -- Up-to-date: /home/charlie/traversability_analysis_ws_ros2/install/gazebo_map_creator_interface/include/gazebo_map_creator_interface
[1.317s] -- Up-to-date: /home/charlie/traversability_analysis_ws_ros2/install/gazebo_map_creator_interface/include/gazebo_map_creator_interface/srv
[1.317s] -- Up-to-date: /home/charlie/traversability_analysis_ws_ros2/install/gazebo_map_creator_interface/include/gazebo_map_creator_interface/srv/map_request.hpp
[1.317s] -- Up-to-date: /home/charlie/traversability_analysis_ws_ros2/install/gazebo_map_creator_interface/include/gazebo_map_creator_interface/srv/detail
[1.317s] -- Up-to-date: /home/charlie/traversability_analysis_ws_ros2/install/gazebo_map_creator_interface/include/gazebo_map_creator_interface/srv/detail/map_request__traits.hpp
[1.317s] -- Up-to-date: /home/charlie/traversability_analysis_ws_ros2/install/gazebo_map_creator_interface/include/gazebo_map_creator_interface/srv/detail/map_request__builder.hpp
[1.317s] -- Up-to-date: /home/charlie/traversability_analysis_ws_ros2/install/gazebo_map_creator_interface/include/gazebo_map_creator_interface/srv/detail/map_request__struct.hpp
[1.318s] -- Up-to-date: /home/charlie/traversability_analysis_ws_ros2/install/gazebo_map_creator_interface/include/gazebo_map_creator_interface
[1.318s] -- Up-to-date: /home/charlie/traversability_analysis_ws_ros2/install/gazebo_map_creator_interface/include/gazebo_map_creator_interface/srv
[1.318s] -- Up-to-date: /home/charlie/traversability_analysis_ws_ros2/install/gazebo_map_creator_interface/include/gazebo_map_creator_interface/srv/detail
[1.318s] -- Up-to-date: /home/charlie/traversability_analysis_ws_ros2/install/gazebo_map_creator_interface/include/gazebo_map_creator_interface/srv/detail/map_request__rosidl_typesupport_introspection_cpp.hpp
[1.318s] -- Up-to-date: /home/charlie/traversability_analysis_ws_ros2/install/gazebo_map_creator_interface/include/gazebo_map_creator_interface/srv/detail/map_request__type_support.cpp
[1.318s] -- Up-to-date: /home/charlie/traversability_analysis_ws_ros2/install/gazebo_map_creator_interface/lib/libgazebo_map_creator_interface__rosidl_typesupport_introspection_cpp.so
[1.319s] -- Up-to-date: /home/charlie/traversability_analysis_ws_ros2/install/gazebo_map_creator_interface/lib/libgazebo_map_creator_interface__rosidl_typesupport_cpp.so
[1.319s] -- Up-to-date: /home/charlie/traversability_analysis_ws_ros2/install/gazebo_map_creator_interface/share/gazebo_map_creator_interface/environment/pythonpath.sh
[1.320s] -- Up-to-date: /home/charlie/traversability_analysis_ws_ros2/install/gazebo_map_creator_interface/share/gazebo_map_creator_interface/environment/pythonpath.dsv
[1.320s] -- Up-to-date: /home/charlie/traversability_analysis_ws_ros2/install/gazebo_map_creator_interface/lib/python3.8/site-packages/gazebo_map_creator_interface/__init__.py
[1.346s] -- Up-to-date: /home/charlie/traversability_analysis_ws_ros2/install/gazebo_map_creator_interface/lib/python3.8/site-packages/gazebo_map_creator_interface/srv
[1.347s] -- Up-to-date: /home/charlie/traversability_analysis_ws_ros2/install/gazebo_map_creator_interface/lib/python3.8/site-packages/gazebo_map_creator_interface/srv/_map_request.py
[1.347s] -- Up-to-date: /home/charlie/traversability_analysis_ws_ros2/install/gazebo_map_creator_interface/lib/python3.8/site-packages/gazebo_map_creator_interface/srv/__init__.py
[1.347s] -- Up-to-date: /home/charlie/traversability_analysis_ws_ros2/install/gazebo_map_creator_interface/lib/python3.8/site-packages/gazebo_map_creator_interface/srv/_map_request_s.c
[1.347s] -- Up-to-date: /home/charlie/traversability_analysis_ws_ros2/install/gazebo_map_creator_interface/lib/python3.8/site-packages/gazebo_map_creator_interface/gazebo_map_creator_interface_s__rosidl_typesupport_fastrtps_c.cpython-38-x86_64-linux-gnu.so
[1.347s] -- Up-to-date: /home/charlie/traversability_analysis_ws_ros2/install/gazebo_map_creator_interface/lib/python3.8/site-packages/gazebo_map_creator_interface/gazebo_map_creator_interface_s__rosidl_typesupport_introspection_c.cpython-38-x86_64-linux-gnu.so
[1.347s] -- Up-to-date: /home/charlie/traversability_analysis_ws_ros2/install/gazebo_map_creator_interface/lib/python3.8/site-packages/gazebo_map_creator_interface/gazebo_map_creator_interface_s__rosidl_typesupport_c.cpython-38-x86_64-linux-gnu.so
[1.348s] -- Up-to-date: /home/charlie/traversability_analysis_ws_ros2/install/gazebo_map_creator_interface/lib/libgazebo_map_creator_interface__python.so
[1.348s] -- Up-to-date: /home/charlie/traversability_analysis_ws_ros2/install/gazebo_map_creator_interface/share/gazebo_map_creator_interface/srv/MapRequest.idl
[1.348s] -- Up-to-date: /home/charlie/traversability_analysis_ws_ros2/install/gazebo_map_creator_interface/share/gazebo_map_creator_interface/srv/MapRequest.srv
[1.348s] -- Up-to-date: /home/charlie/traversability_analysis_ws_ros2/install/gazebo_map_creator_interface/share/gazebo_map_creator_interface/srv/MapRequest_Request.msg
[1.348s] -- Up-to-date: /home/charlie/traversability_analysis_ws_ros2/install/gazebo_map_creator_interface/share/gazebo_map_creator_interface/srv/MapRequest_Response.msg
[1.348s] -- Up-to-date: /home/charlie/traversability_analysis_ws_ros2/install/gazebo_map_creator_interface/share/ament_index/resource_index/package_run_dependencies/gazebo_map_creator_interface
[1.348s] -- Up-to-date: /home/charlie/traversability_analysis_ws_ros2/install/gazebo_map_creator_interface/share/ament_index/resource_index/parent_prefix_path/gazebo_map_creator_interface
[1.348s] -- Up-to-date: /home/charlie/traversability_analysis_ws_ros2/install/gazebo_map_creator_interface/share/gazebo_map_creator_interface/environment/ament_prefix_path.sh
[1.348s] -- Up-to-date: /home/charlie/traversability_analysis_ws_ros2/install/gazebo_map_creator_interface/share/gazebo_map_creator_interface/environment/ament_prefix_path.dsv
[1.348s] -- Up-to-date: /home/charlie/traversability_analysis_ws_ros2/install/gazebo_map_creator_interface/share/gazebo_map_creator_interface/environment/path.sh
[1.348s] -- Up-to-date: /home/charlie/traversability_analysis_ws_ros2/install/gazebo_map_creator_interface/share/gazebo_map_creator_interface/environment/path.dsv
[1.349s] -- Up-to-date: /home/charlie/traversability_analysis_ws_ros2/install/gazebo_map_creator_interface/share/gazebo_map_creator_interface/local_setup.bash
[1.349s] -- Up-to-date: /home/charlie/traversability_analysis_ws_ros2/install/gazebo_map_creator_interface/share/gazebo_map_creator_interface/local_setup.sh
[1.349s] -- Up-to-date: /home/charlie/traversability_analysis_ws_ros2/install/gazebo_map_creator_interface/share/gazebo_map_creator_interface/local_setup.zsh
[1.349s] -- Up-to-date: /home/charlie/traversability_analysis_ws_ros2/install/gazebo_map_creator_interface/share/gazebo_map_creator_interface/local_setup.dsv
[1.350s] -- Installing: /home/charlie/traversability_analysis_ws_ros2/install/gazebo_map_creator_interface/share/gazebo_map_creator_interface/package.dsv
[1.350s] -- Up-to-date: /home/charlie/traversability_analysis_ws_ros2/install/gazebo_map_creator_interface/share/ament_index/resource_index/packages/gazebo_map_creator_interface
[1.351s] -- Up-to-date: /home/charlie/traversability_analysis_ws_ros2/install/gazebo_map_creator_interface/share/gazebo_map_creator_interface/cmake/gazebo_map_creator_interface__rosidl_generator_cExport.cmake
[1.351s] -- Up-to-date: /home/charlie/traversability_analysis_ws_ros2/install/gazebo_map_creator_interface/share/gazebo_map_creator_interface/cmake/gazebo_map_creator_interface__rosidl_generator_cExport-noconfig.cmake
[1.351s] -- Up-to-date: /home/charlie/traversability_analysis_ws_ros2/install/gazebo_map_creator_interface/share/gazebo_map_creator_interface/cmake/gazebo_map_creator_interface__rosidl_typesupport_introspection_cExport.cmake
[1.351s] -- Up-to-date: /home/charlie/traversability_analysis_ws_ros2/install/gazebo_map_creator_interface/share/gazebo_map_creator_interface/cmake/gazebo_map_creator_interface__rosidl_typesupport_introspection_cExport-noconfig.cmake
[1.351s] -- Up-to-date: /home/charlie/traversability_analysis_ws_ros2/install/gazebo_map_creator_interface/share/gazebo_map_creator_interface/cmake/gazebo_map_creator_interface__rosidl_typesupport_cExport.cmake
[1.352s] -- Up-to-date: /home/charlie/traversability_analysis_ws_ros2/install/gazebo_map_creator_interface/share/gazebo_map_creator_interface/cmake/gazebo_map_creator_interface__rosidl_typesupport_cExport-noconfig.cmake
[1.352s] -- Up-to-date: /home/charlie/traversability_analysis_ws_ros2/install/gazebo_map_creator_interface/share/gazebo_map_creator_interface/cmake/gazebo_map_creator_interface__rosidl_generator_cppExport.cmake
[1.352s] -- Up-to-date: /home/charlie/traversability_analysis_ws_ros2/install/gazebo_map_creator_interface/share/gazebo_map_creator_interface/cmake/gazebo_map_creator_interface__rosidl_typesupport_introspection_cppExport.cmake
[1.352s] -- Up-to-date: /home/charlie/traversability_analysis_ws_ros2/install/gazebo_map_creator_interface/share/gazebo_map_creator_interface/cmake/gazebo_map_creator_interface__rosidl_typesupport_introspection_cppExport-noconfig.cmake
[1.353s] -- Up-to-date: /home/charlie/traversability_analysis_ws_ros2/install/gazebo_map_creator_interface/share/gazebo_map_creator_interface/cmake/gazebo_map_creator_interface__rosidl_typesupport_cppExport.cmake
[1.353s] -- Up-to-date: /home/charlie/traversability_analysis_ws_ros2/install/gazebo_map_creator_interface/share/gazebo_map_creator_interface/cmake/gazebo_map_creator_interface__rosidl_typesupport_cppExport-noconfig.cmake
[1.353s] -- Up-to-date: /home/charlie/traversability_analysis_ws_ros2/install/gazebo_map_creator_interface/share/gazebo_map_creator_interface/cmake/rosidl_cmake-extras.cmake
[1.353s] -- Up-to-date: /home/charlie/traversability_analysis_ws_ros2/install/gazebo_map_creator_interface/share/gazebo_map_creator_interface/cmake/ament_cmake_export_dependencies-extras.cmake
[1.355s] -- Up-to-date: /home/charlie/traversability_analysis_ws_ros2/install/gazebo_map_creator_interface/share/gazebo_map_creator_interface/cmake/ament_cmake_export_libraries-extras.cmake
[1.356s] -- Up-to-date: /home/charlie/traversability_analysis_ws_ros2/install/gazebo_map_creator_interface/share/gazebo_map_creator_interface/cmake/ament_cmake_export_targets-extras.cmake
[1.356s] -- Up-to-date: /home/charlie/traversability_analysis_ws_ros2/install/gazebo_map_creator_interface/share/gazebo_map_creator_interface/cmake/ament_cmake_export_include_directories-extras.cmake
[1.356s] -- Up-to-date: /home/charlie/traversability_analysis_ws_ros2/install/gazebo_map_creator_interface/share/gazebo_map_creator_interface/cmake/rosidl_cmake_export_typesupport_libraries-extras.cmake
[1.356s] -- Up-to-date: /home/charlie/traversability_analysis_ws_ros2/install/gazebo_map_creator_interface/share/gazebo_map_creator_interface/cmake/rosidl_cmake_export_typesupport_targets-extras.cmake
[1.356s] -- Up-to-date: /home/charlie/traversability_analysis_ws_ros2/install/gazebo_map_creator_interface/share/gazebo_map_creator_interface/cmake/gazebo_map_creator_interfaceConfig.cmake
[1.356s] -- Up-to-date: /home/charlie/traversability_analysis_ws_ros2/install/gazebo_map_creator_interface/share/gazebo_map_creator_interface/cmake/gazebo_map_creator_interfaceConfig-version.cmake
[1.356s] -- Up-to-date: /home/charlie/traversability_analysis_ws_ros2/install/gazebo_map_creator_interface/share/gazebo_map_creator_interface/package.xml
[1.387s] Invoked command in '/home/charlie/traversability_analysis_ws_ros2/build/gazebo_map_creator_interface' returned '0': CMAKE_PREFIX_PATH=${CMAKE_PREFIX_PATH}:/home/charlie/traversability_analysis_ws_ros2/install/simulation:/home/charlie/traversability_analysis_ws_ros2/install/evaluation:/home/charlie/traversability_analysis_ws_ros2/install/dataset_generation_training:/opt/ros/foxy /usr/bin/cmake --install /home/charlie/traversability_analysis_ws_ros2/build/gazebo_map_creator_interface
