[0.018s] Invoking command in '/home/charlie/traversability_analysis_ws_ros2/build/husky_control': CMAKE_PREFIX_PATH=/home/charlie/traversability_analysis_ws_ros2/install/husky_description:/home/charlie/traversability_analysis_ws_ros2/install/husky_desktop:/home/charlie/traversability_analysis_ws_ros2/install/husky_viz:/home/charlie/traversability_analysis_ws_ros2/install/husky_simulator:/home/charlie/traversability_analysis_ws_ros2/install/husky_robot:/home/charlie/traversability_analysis_ws_ros2/install/husky_bringup:/home/charlie/traversability_analysis_ws_ros2/install/husky_base:/home/charlie/traversability_analysis_ws_ros2/install/husky_msgs:/home/charlie/traversability_analysis_ws_ros2/install/husky_gazebo:/home/charlie/traversability_analysis_ws_ros2/install/husky_control:/home/charlie/traversability_analysis_ws_ros2/install/gazebo_map_creator:/home/charlie/traversability_analysis_ws_ros2/install/gazebo_map_creator_interface:/home/charlie/traversability_analysis_ws_ros2/install/simulation:/opt/ros/foxy /usr/bin/cmake /home/charlie/traversability_analysis_ws_ros2/src/husky/husky_control -DCMAKE_INSTALL_PREFIX=/home/charlie/traversability_analysis_ws_ros2/install/husky_control
[0.051s] -- The C compiler identification is GNU 9.4.0
[0.088s] -- The CXX compiler identification is GNU 9.4.0
[0.092s] -- Check for working C compiler: /usr/bin/cc
[0.137s] -- Check for working C compiler: /usr/bin/cc -- works
[0.137s] -- Detecting C compiler ABI info
[0.183s] -- Detecting C compiler ABI info - done
[0.191s] -- Detecting C compile features
[0.192s] -- Detecting C compile features - done
[0.193s] -- Check for working CXX compiler: /usr/bin/c++
[0.243s] -- Check for working CXX compiler: /usr/bin/c++ -- works
[0.244s] -- Detecting CXX compiler ABI info
[0.297s] -- Detecting CXX compiler ABI info - done
[0.304s] -- Detecting CXX compile features
[0.305s] -- Detecting CXX compile features - done
[0.306s] -- Found ament_cmake: 0.9.11 (/opt/ros/foxy/share/ament_cmake/cmake)
[0.323s] -- Found PythonInterp: /usr/bin/python3 (found suitable version "3.8.10", minimum required is "3") 
[0.324s] -- Using PYTHON_EXECUTABLE: /usr/bin/python3
[0.558s] -- Configuring done
[0.558s] -- Generating done
[0.558s] -- Build files have been written to: /home/charlie/traversability_analysis_ws_ros2/build/husky_control
[0.561s] Invoked command in '/home/charlie/traversability_analysis_ws_ros2/build/husky_control' returned '0': CMAKE_PREFIX_PATH=/home/charlie/traversability_analysis_ws_ros2/install/husky_description:/home/charlie/traversability_analysis_ws_ros2/install/husky_desktop:/home/charlie/traversability_analysis_ws_ros2/install/husky_viz:/home/charlie/traversability_analysis_ws_ros2/install/husky_simulator:/home/charlie/traversability_analysis_ws_ros2/install/husky_robot:/home/charlie/traversability_analysis_ws_ros2/install/husky_bringup:/home/charlie/traversability_analysis_ws_ros2/install/husky_base:/home/charlie/traversability_analysis_ws_ros2/install/husky_msgs:/home/charlie/traversability_analysis_ws_ros2/install/husky_gazebo:/home/charlie/traversability_analysis_ws_ros2/install/husky_control:/home/charlie/traversability_analysis_ws_ros2/install/gazebo_map_creator:/home/charlie/traversability_analysis_ws_ros2/install/gazebo_map_creator_interface:/home/charlie/traversability_analysis_ws_ros2/install/simulation:/opt/ros/foxy /usr/bin/cmake /home/charlie/traversability_analysis_ws_ros2/src/husky/husky_control -DCMAKE_INSTALL_PREFIX=/home/charlie/traversability_analysis_ws_ros2/install/husky_control
[0.564s] Invoking command in '/home/charlie/traversability_analysis_ws_ros2/build/husky_control': CMAKE_PREFIX_PATH=/home/charlie/traversability_analysis_ws_ros2/install/husky_description:/home/charlie/traversability_analysis_ws_ros2/install/husky_desktop:/home/charlie/traversability_analysis_ws_ros2/install/husky_viz:/home/charlie/traversability_analysis_ws_ros2/install/husky_simulator:/home/charlie/traversability_analysis_ws_ros2/install/husky_robot:/home/charlie/traversability_analysis_ws_ros2/install/husky_bringup:/home/charlie/traversability_analysis_ws_ros2/install/husky_base:/home/charlie/traversability_analysis_ws_ros2/install/husky_msgs:/home/charlie/traversability_analysis_ws_ros2/install/husky_gazebo:/home/charlie/traversability_analysis_ws_ros2/install/husky_control:/home/charlie/traversability_analysis_ws_ros2/install/gazebo_map_creator:/home/charlie/traversability_analysis_ws_ros2/install/gazebo_map_creator_interface:/home/charlie/traversability_analysis_ws_ros2/install/simulation:/opt/ros/foxy /usr/bin/cmake --build /home/charlie/traversability_analysis_ws_ros2/build/husky_control -- -j16 -l16
[0.591s] Invoked command in '/home/charlie/traversability_analysis_ws_ros2/build/husky_control' returned '0': CMAKE_PREFIX_PATH=/home/charlie/traversability_analysis_ws_ros2/install/husky_description:/home/charlie/traversability_analysis_ws_ros2/install/husky_desktop:/home/charlie/traversability_analysis_ws_ros2/install/husky_viz:/home/charlie/traversability_analysis_ws_ros2/install/husky_simulator:/home/charlie/traversability_analysis_ws_ros2/install/husky_robot:/home/charlie/traversability_analysis_ws_ros2/install/husky_bringup:/home/charlie/traversability_analysis_ws_ros2/install/husky_base:/home/charlie/traversability_analysis_ws_ros2/install/husky_msgs:/home/charlie/traversability_analysis_ws_ros2/install/husky_gazebo:/home/charlie/traversability_analysis_ws_ros2/install/husky_control:/home/charlie/traversability_analysis_ws_ros2/install/gazebo_map_creator:/home/charlie/traversability_analysis_ws_ros2/install/gazebo_map_creator_interface:/home/charlie/traversability_analysis_ws_ros2/install/simulation:/opt/ros/foxy /usr/bin/cmake --build /home/charlie/traversability_analysis_ws_ros2/build/husky_control -- -j16 -l16
[0.607s] Invoking command in '/home/charlie/traversability_analysis_ws_ros2/build/husky_control': CMAKE_PREFIX_PATH=/home/charlie/traversability_analysis_ws_ros2/install/husky_description:/home/charlie/traversability_analysis_ws_ros2/install/husky_desktop:/home/charlie/traversability_analysis_ws_ros2/install/husky_viz:/home/charlie/traversability_analysis_ws_ros2/install/husky_simulator:/home/charlie/traversability_analysis_ws_ros2/install/husky_robot:/home/charlie/traversability_analysis_ws_ros2/install/husky_bringup:/home/charlie/traversability_analysis_ws_ros2/install/husky_base:/home/charlie/traversability_analysis_ws_ros2/install/husky_msgs:/home/charlie/traversability_analysis_ws_ros2/install/husky_gazebo:/home/charlie/traversability_analysis_ws_ros2/install/husky_control:/home/charlie/traversability_analysis_ws_ros2/install/gazebo_map_creator:/home/charlie/traversability_analysis_ws_ros2/install/gazebo_map_creator_interface:/home/charlie/traversability_analysis_ws_ros2/install/simulation:/opt/ros/foxy /usr/bin/cmake --install /home/charlie/traversability_analysis_ws_ros2/build/husky_control
[0.614s] -- Install configuration: ""
[0.614s] -- Installing: /home/charlie/traversability_analysis_ws_ros2/install/husky_control/share/husky_control/config
[0.614s] -- Installing: /home/charlie/traversability_analysis_ws_ros2/install/husky_control/share/husky_control/config/teleop_logitech.yaml
[0.614s] -- Installing: /home/charlie/traversability_analysis_ws_ros2/install/husky_control/share/husky_control/config/gazebo_interface.yaml
[0.615s] -- Installing: /home/charlie/traversability_analysis_ws_ros2/install/husky_control/share/husky_control/config/public_interface.yaml
[0.615s] -- Installing: /home/charlie/traversability_analysis_ws_ros2/install/husky_control/share/husky_control/config/teleop_interactive_markers.yaml
[0.615s] -- Installing: /home/charlie/traversability_analysis_ws_ros2/install/husky_control/share/husky_control/config/twist_mux.yaml
[0.615s] -- Installing: /home/charlie/traversability_analysis_ws_ros2/install/husky_control/share/husky_control/config/localization.yaml
[0.615s] -- Installing: /home/charlie/traversability_analysis_ws_ros2/install/husky_control/share/husky_control/config/teleop_ps4.yaml
[0.615s] -- Installing: /home/charlie/traversability_analysis_ws_ros2/install/husky_control/share/husky_control/config/control.yaml
[0.615s] -- Installing: /home/charlie/traversability_analysis_ws_ros2/install/husky_control/share/husky_control/config/imu_filter.yaml
[0.615s] -- Installing: /home/charlie/traversability_analysis_ws_ros2/install/husky_control/share/husky_control/config/empty.yaml
[0.615s] -- Installing: /home/charlie/traversability_analysis_ws_ros2/install/husky_control/share/husky_control/launch
[0.615s] -- Installing: /home/charlie/traversability_analysis_ws_ros2/install/husky_control/share/husky_control/launch/teleop.launch
[0.615s] -- Installing: /home/charlie/traversability_analysis_ws_ros2/install/husky_control/share/husky_control/launch/teleop_joy.launch.py
[0.615s] -- Installing: /home/charlie/traversability_analysis_ws_ros2/install/husky_control/share/husky_control/launch/teleop_base.launch.py
[0.615s] -- Installing: /home/charlie/traversability_analysis_ws_ros2/install/husky_control/share/husky_control/launch/control.launch.py
[0.615s] -- Installing: /home/charlie/traversability_analysis_ws_ros2/install/husky_control/share/husky_control/launch/control.launch
[0.615s] -- Installing: /home/charlie/traversability_analysis_ws_ros2/install/husky_control/share/ament_index/resource_index/package_run_dependencies/husky_control
[0.615s] -- Installing: /home/charlie/traversability_analysis_ws_ros2/install/husky_control/share/ament_index/resource_index/parent_prefix_path/husky_control
[0.615s] -- Installing: /home/charlie/traversability_analysis_ws_ros2/install/husky_control/share/husky_control/environment/ament_prefix_path.sh
[0.615s] -- Installing: /home/charlie/traversability_analysis_ws_ros2/install/husky_control/share/husky_control/environment/ament_prefix_path.dsv
[0.615s] -- Installing: /home/charlie/traversability_analysis_ws_ros2/install/husky_control/share/husky_control/environment/path.sh
[0.615s] -- Installing: /home/charlie/traversability_analysis_ws_ros2/install/husky_control/share/husky_control/environment/path.dsv
[0.615s] -- Installing: /home/charlie/traversability_analysis_ws_ros2/install/husky_control/share/husky_control/local_setup.bash
[0.615s] -- Installing: /home/charlie/traversability_analysis_ws_ros2/install/husky_control/share/husky_control/local_setup.sh
[0.615s] -- Installing: /home/charlie/traversability_analysis_ws_ros2/install/husky_control/share/husky_control/local_setup.zsh
[0.615s] -- Installing: /home/charlie/traversability_analysis_ws_ros2/install/husky_control/share/husky_control/local_setup.dsv
[0.616s] -- Installing: /home/charlie/traversability_analysis_ws_ros2/install/husky_control/share/husky_control/package.dsv
[0.616s] -- Installing: /home/charlie/traversability_analysis_ws_ros2/install/husky_control/share/ament_index/resource_index/packages/husky_control
[0.616s] -- Installing: /home/charlie/traversability_analysis_ws_ros2/install/husky_control/share/husky_control/cmake/husky_controlConfig.cmake
[0.616s] -- Installing: /home/charlie/traversability_analysis_ws_ros2/install/husky_control/share/husky_control/cmake/husky_controlConfig-version.cmake
[0.616s] -- Installing: /home/charlie/traversability_analysis_ws_ros2/install/husky_control/share/husky_control/package.xml
[0.648s] Invoked command in '/home/charlie/traversability_analysis_ws_ros2/build/husky_control' returned '0': CMAKE_PREFIX_PATH=/home/charlie/traversability_analysis_ws_ros2/install/husky_description:/home/charlie/traversability_analysis_ws_ros2/install/husky_desktop:/home/charlie/traversability_analysis_ws_ros2/install/husky_viz:/home/charlie/traversability_analysis_ws_ros2/install/husky_simulator:/home/charlie/traversability_analysis_ws_ros2/install/husky_robot:/home/charlie/traversability_analysis_ws_ros2/install/husky_bringup:/home/charlie/traversability_analysis_ws_ros2/install/husky_base:/home/charlie/traversability_analysis_ws_ros2/install/husky_msgs:/home/charlie/traversability_analysis_ws_ros2/install/husky_gazebo:/home/charlie/traversability_analysis_ws_ros2/install/husky_control:/home/charlie/traversability_analysis_ws_ros2/install/gazebo_map_creator:/home/charlie/traversability_analysis_ws_ros2/install/gazebo_map_creator_interface:/home/charlie/traversability_analysis_ws_ros2/install/simulation:/opt/ros/foxy /usr/bin/cmake --install /home/charlie/traversability_analysis_ws_ros2/build/husky_control
