[  3%] Built target gazebo_map_creator_interface__cpp
[ 12%] Built target gazebo_map_creator_interface__rosidl_generator_c
[ 22%] Built target gazebo_map_creator_interface__rosidl_typesupport_cpp
[ 32%] Built target gazebo_map_creator_interface__rosidl_typesupport_introspection_c
[ 41%] Built target gazebo_map_creator_interface__rosidl_typesupport_c
[ 51%] Built target gazebo_map_creator_interface__rosidl_typesupport_introspection_cpp
[ 61%] Built target gazebo_map_creator_interface__rosidl_typesupport_fastrtps_cpp
[ 70%] Built target gazebo_map_creator_interface__rosidl_typesupport_fastrtps_c
[ 70%] Built target gazebo_map_creator_interface
[ 74%] Built target gazebo_map_creator_interface__py
[ 80%] Built target gazebo_map_creator_interface__python
[ 87%] Built target gazebo_map_creator_interface__rosidl_typesupport_fastrtps_c__pyext
[ 93%] Built target gazebo_map_creator_interface__rosidl_typesupport_introspection_c__pyext
[100%] Built target gazebo_map_creator_interface__rosidl_typesupport_c__pyext
-- Install configuration: ""
-- Up-to-date: /home/charlie/traversability_analysis_ws_ros2/install/gazebo_map_creator_interface/share/ament_index/resource_index/rosidl_interfaces/gazebo_map_creator_interface
-- Up-to-date: /home/charlie/traversability_analysis_ws_ros2/install/gazebo_map_creator_interface/include/gazebo_map_creator_interface
-- Up-to-date: /home/charlie/traversability_analysis_ws_ros2/install/gazebo_map_creator_interface/include/gazebo_map_creator_interface/msg
-- Up-to-date: /home/charlie/traversability_analysis_ws_ros2/install/gazebo_map_creator_interface/include/gazebo_map_creator_interface/msg/rosidl_generator_c__visibility_control.h
-- Up-to-date: /home/charlie/traversability_analysis_ws_ros2/install/gazebo_map_creator_interface/include/gazebo_map_creator_interface/srv
-- Up-to-date: /home/charlie/traversability_analysis_ws_ros2/install/gazebo_map_creator_interface/include/gazebo_map_creator_interface/srv/map_request.h
-- Up-to-date: /home/charlie/traversability_analysis_ws_ros2/install/gazebo_map_creator_interface/include/gazebo_map_creator_interface/srv/detail
-- Up-to-date: /home/charlie/traversability_analysis_ws_ros2/install/gazebo_map_creator_interface/include/gazebo_map_creator_interface/srv/detail/map_request__functions.c
-- Up-to-date: /home/charlie/traversability_analysis_ws_ros2/install/gazebo_map_creator_interface/include/gazebo_map_creator_interface/srv/detail/map_request__struct.h
-- Up-to-date: /home/charlie/traversability_analysis_ws_ros2/install/gazebo_map_creator_interface/include/gazebo_map_creator_interface/srv/detail/map_request__type_support.h
-- Up-to-date: /home/charlie/traversability_analysis_ws_ros2/install/gazebo_map_creator_interface/include/gazebo_map_creator_interface/srv/detail/map_request__functions.h
-- Up-to-date: /home/charlie/traversability_analysis_ws_ros2/install/gazebo_map_creator_interface/share/gazebo_map_creator_interface/environment/library_path.sh
-- Up-to-date: /home/charlie/traversability_analysis_ws_ros2/install/gazebo_map_creator_interface/share/gazebo_map_creator_interface/environment/library_path.dsv
-- Up-to-date: /home/charlie/traversability_analysis_ws_ros2/install/gazebo_map_creator_interface/lib/libgazebo_map_creator_interface__rosidl_generator_c.so
-- Up-to-date: /home/charlie/traversability_analysis_ws_ros2/install/gazebo_map_creator_interface/include/gazebo_map_creator_interface
-- Up-to-date: /home/charlie/traversability_analysis_ws_ros2/install/gazebo_map_creator_interface/include/gazebo_map_creator_interface/msg
-- Up-to-date: /home/charlie/traversability_analysis_ws_ros2/install/gazebo_map_creator_interface/include/gazebo_map_creator_interface/msg/rosidl_typesupport_fastrtps_c__visibility_control.h
-- Up-to-date: /home/charlie/traversability_analysis_ws_ros2/install/gazebo_map_creator_interface/include/gazebo_map_creator_interface/srv
-- Up-to-date: /home/charlie/traversability_analysis_ws_ros2/install/gazebo_map_creator_interface/include/gazebo_map_creator_interface/srv/detail
-- Up-to-date: /home/charlie/traversability_analysis_ws_ros2/install/gazebo_map_creator_interface/include/gazebo_map_creator_interface/srv/detail/map_request__rosidl_typesupport_fastrtps_c.h
-- Up-to-date: /home/charlie/traversability_analysis_ws_ros2/install/gazebo_map_creator_interface/lib/libgazebo_map_creator_interface__rosidl_typesupport_fastrtps_c.so
-- Up-to-date: /home/charlie/traversability_analysis_ws_ros2/install/gazebo_map_creator_interface/include/gazebo_map_creator_interface
-- Up-to-date: /home/charlie/traversability_analysis_ws_ros2/install/gazebo_map_creator_interface/include/gazebo_map_creator_interface/msg
-- Up-to-date: /home/charlie/traversability_analysis_ws_ros2/install/gazebo_map_creator_interface/include/gazebo_map_creator_interface/msg/rosidl_typesupport_fastrtps_cpp__visibility_control.h
-- Up-to-date: /home/charlie/traversability_analysis_ws_ros2/install/gazebo_map_creator_interface/include/gazebo_map_creator_interface/srv
-- Up-to-date: /home/charlie/traversability_analysis_ws_ros2/install/gazebo_map_creator_interface/include/gazebo_map_creator_interface/srv/detail
-- Up-to-date: /home/charlie/traversability_analysis_ws_ros2/install/gazebo_map_creator_interface/include/gazebo_map_creator_interface/srv/detail/map_request__rosidl_typesupport_fastrtps_cpp.hpp
-- Up-to-date: /home/charlie/traversability_analysis_ws_ros2/install/gazebo_map_creator_interface/include/gazebo_map_creator_interface/srv/detail/dds_fastrtps
-- Up-to-date: /home/charlie/traversability_analysis_ws_ros2/install/gazebo_map_creator_interface/lib/libgazebo_map_creator_interface__rosidl_typesupport_fastrtps_cpp.so
-- Up-to-date: /home/charlie/traversability_analysis_ws_ros2/install/gazebo_map_creator_interface/include/gazebo_map_creator_interface
-- Up-to-date: /home/charlie/traversability_analysis_ws_ros2/install/gazebo_map_creator_interface/include/gazebo_map_creator_interface/msg
-- Up-to-date: /home/charlie/traversability_analysis_ws_ros2/install/gazebo_map_creator_interface/include/gazebo_map_creator_interface/msg/rosidl_typesupport_introspection_c__visibility_control.h
-- Up-to-date: /home/charlie/traversability_analysis_ws_ros2/install/gazebo_map_creator_interface/include/gazebo_map_creator_interface/srv
-- Up-to-date: /home/charlie/traversability_analysis_ws_ros2/install/gazebo_map_creator_interface/include/gazebo_map_creator_interface/srv/detail
-- Up-to-date: /home/charlie/traversability_analysis_ws_ros2/install/gazebo_map_creator_interface/include/gazebo_map_creator_interface/srv/detail/map_request__type_support.c
-- Up-to-date: /home/charlie/traversability_analysis_ws_ros2/install/gazebo_map_creator_interface/include/gazebo_map_creator_interface/srv/detail/map_request__rosidl_typesupport_introspection_c.h
-- Up-to-date: /home/charlie/traversability_analysis_ws_ros2/install/gazebo_map_creator_interface/lib/libgazebo_map_creator_interface__rosidl_typesupport_introspection_c.so
-- Up-to-date: /home/charlie/traversability_analysis_ws_ros2/install/gazebo_map_creator_interface/lib/libgazebo_map_creator_interface__rosidl_typesupport_c.so
-- Up-to-date: /home/charlie/traversability_analysis_ws_ros2/install/gazebo_map_creator_interface/include/gazebo_map_creator_interface
-- Up-to-date: /home/charlie/traversability_analysis_ws_ros2/install/gazebo_map_creator_interface/include/gazebo_map_creator_interface/srv
-- Up-to-date: /home/charlie/traversability_analysis_ws_ros2/install/gazebo_map_creator_interface/include/gazebo_map_creator_interface/srv/map_request.hpp
-- Up-to-date: /home/charlie/traversability_analysis_ws_ros2/install/gazebo_map_creator_interface/include/gazebo_map_creator_interface/srv/detail
-- Up-to-date: /home/charlie/traversability_analysis_ws_ros2/install/gazebo_map_creator_interface/include/gazebo_map_creator_interface/srv/detail/map_request__traits.hpp
-- Up-to-date: /home/charlie/traversability_analysis_ws_ros2/install/gazebo_map_creator_interface/include/gazebo_map_creator_interface/srv/detail/map_request__builder.hpp
-- Up-to-date: /home/charlie/traversability_analysis_ws_ros2/install/gazebo_map_creator_interface/include/gazebo_map_creator_interface/srv/detail/map_request__struct.hpp
-- Up-to-date: /home/charlie/traversability_analysis_ws_ros2/install/gazebo_map_creator_interface/include/gazebo_map_creator_interface
-- Up-to-date: /home/charlie/traversability_analysis_ws_ros2/install/gazebo_map_creator_interface/include/gazebo_map_creator_interface/srv
-- Up-to-date: /home/charlie/traversability_analysis_ws_ros2/install/gazebo_map_creator_interface/include/gazebo_map_creator_interface/srv/detail
-- Up-to-date: /home/charlie/traversability_analysis_ws_ros2/install/gazebo_map_creator_interface/include/gazebo_map_creator_interface/srv/detail/map_request__rosidl_typesupport_introspection_cpp.hpp
-- Up-to-date: /home/charlie/traversability_analysis_ws_ros2/install/gazebo_map_creator_interface/include/gazebo_map_creator_interface/srv/detail/map_request__type_support.cpp
-- Up-to-date: /home/charlie/traversability_analysis_ws_ros2/install/gazebo_map_creator_interface/lib/libgazebo_map_creator_interface__rosidl_typesupport_introspection_cpp.so
-- Up-to-date: /home/charlie/traversability_analysis_ws_ros2/install/gazebo_map_creator_interface/lib/libgazebo_map_creator_interface__rosidl_typesupport_cpp.so
-- Up-to-date: /home/charlie/traversability_analysis_ws_ros2/install/gazebo_map_creator_interface/share/gazebo_map_creator_interface/environment/pythonpath.sh
-- Up-to-date: /home/charlie/traversability_analysis_ws_ros2/install/gazebo_map_creator_interface/share/gazebo_map_creator_interface/environment/pythonpath.dsv
-- Up-to-date: /home/charlie/traversability_analysis_ws_ros2/install/gazebo_map_creator_interface/lib/python3.8/site-packages/gazebo_map_creator_interface/__init__.py
-- Up-to-date: /home/charlie/traversability_analysis_ws_ros2/install/gazebo_map_creator_interface/lib/python3.8/site-packages/gazebo_map_creator_interface/srv
-- Up-to-date: /home/charlie/traversability_analysis_ws_ros2/install/gazebo_map_creator_interface/lib/python3.8/site-packages/gazebo_map_creator_interface/srv/_map_request.py
-- Up-to-date: /home/charlie/traversability_analysis_ws_ros2/install/gazebo_map_creator_interface/lib/python3.8/site-packages/gazebo_map_creator_interface/srv/__init__.py
-- Up-to-date: /home/charlie/traversability_analysis_ws_ros2/install/gazebo_map_creator_interface/lib/python3.8/site-packages/gazebo_map_creator_interface/srv/_map_request_s.c
-- Up-to-date: /home/charlie/traversability_analysis_ws_ros2/install/gazebo_map_creator_interface/lib/python3.8/site-packages/gazebo_map_creator_interface/gazebo_map_creator_interface_s__rosidl_typesupport_fastrtps_c.cpython-38-x86_64-linux-gnu.so
-- Up-to-date: /home/charlie/traversability_analysis_ws_ros2/install/gazebo_map_creator_interface/lib/python3.8/site-packages/gazebo_map_creator_interface/gazebo_map_creator_interface_s__rosidl_typesupport_introspection_c.cpython-38-x86_64-linux-gnu.so
-- Up-to-date: /home/charlie/traversability_analysis_ws_ros2/install/gazebo_map_creator_interface/lib/python3.8/site-packages/gazebo_map_creator_interface/gazebo_map_creator_interface_s__rosidl_typesupport_c.cpython-38-x86_64-linux-gnu.so
-- Up-to-date: /home/charlie/traversability_analysis_ws_ros2/install/gazebo_map_creator_interface/lib/libgazebo_map_creator_interface__python.so
-- Up-to-date: /home/charlie/traversability_analysis_ws_ros2/install/gazebo_map_creator_interface/share/gazebo_map_creator_interface/srv/MapRequest.idl
-- Up-to-date: /home/charlie/traversability_analysis_ws_ros2/install/gazebo_map_creator_interface/share/gazebo_map_creator_interface/srv/MapRequest.srv
-- Up-to-date: /home/charlie/traversability_analysis_ws_ros2/install/gazebo_map_creator_interface/share/gazebo_map_creator_interface/srv/MapRequest_Request.msg
-- Up-to-date: /home/charlie/traversability_analysis_ws_ros2/install/gazebo_map_creator_interface/share/gazebo_map_creator_interface/srv/MapRequest_Response.msg
-- Up-to-date: /home/charlie/traversability_analysis_ws_ros2/install/gazebo_map_creator_interface/share/ament_index/resource_index/package_run_dependencies/gazebo_map_creator_interface
-- Up-to-date: /home/charlie/traversability_analysis_ws_ros2/install/gazebo_map_creator_interface/share/ament_index/resource_index/parent_prefix_path/gazebo_map_creator_interface
-- Up-to-date: /home/charlie/traversability_analysis_ws_ros2/install/gazebo_map_creator_interface/share/gazebo_map_creator_interface/environment/ament_prefix_path.sh
-- Up-to-date: /home/charlie/traversability_analysis_ws_ros2/install/gazebo_map_creator_interface/share/gazebo_map_creator_interface/environment/ament_prefix_path.dsv
-- Up-to-date: /home/charlie/traversability_analysis_ws_ros2/install/gazebo_map_creator_interface/share/gazebo_map_creator_interface/environment/path.sh
-- Up-to-date: /home/charlie/traversability_analysis_ws_ros2/install/gazebo_map_creator_interface/share/gazebo_map_creator_interface/environment/path.dsv
-- Up-to-date: /home/charlie/traversability_analysis_ws_ros2/install/gazebo_map_creator_interface/share/gazebo_map_creator_interface/local_setup.bash
-- Up-to-date: /home/charlie/traversability_analysis_ws_ros2/install/gazebo_map_creator_interface/share/gazebo_map_creator_interface/local_setup.sh
-- Up-to-date: /home/charlie/traversability_analysis_ws_ros2/install/gazebo_map_creator_interface/share/gazebo_map_creator_interface/local_setup.zsh
-- Up-to-date: /home/charlie/traversability_analysis_ws_ros2/install/gazebo_map_creator_interface/share/gazebo_map_creator_interface/local_setup.dsv
-- Installing: /home/charlie/traversability_analysis_ws_ros2/install/gazebo_map_creator_interface/share/gazebo_map_creator_interface/package.dsv
-- Up-to-date: /home/charlie/traversability_analysis_ws_ros2/install/gazebo_map_creator_interface/share/ament_index/resource_index/packages/gazebo_map_creator_interface
-- Up-to-date: /home/charlie/traversability_analysis_ws_ros2/install/gazebo_map_creator_interface/share/gazebo_map_creator_interface/cmake/gazebo_map_creator_interface__rosidl_generator_cExport.cmake
-- Up-to-date: /home/charlie/traversability_analysis_ws_ros2/install/gazebo_map_creator_interface/share/gazebo_map_creator_interface/cmake/gazebo_map_creator_interface__rosidl_generator_cExport-noconfig.cmake
-- Up-to-date: /home/charlie/traversability_analysis_ws_ros2/install/gazebo_map_creator_interface/share/gazebo_map_creator_interface/cmake/gazebo_map_creator_interface__rosidl_typesupport_introspection_cExport.cmake
-- Up-to-date: /home/charlie/traversability_analysis_ws_ros2/install/gazebo_map_creator_interface/share/gazebo_map_creator_interface/cmake/gazebo_map_creator_interface__rosidl_typesupport_introspection_cExport-noconfig.cmake
-- Up-to-date: /home/charlie/traversability_analysis_ws_ros2/install/gazebo_map_creator_interface/share/gazebo_map_creator_interface/cmake/gazebo_map_creator_interface__rosidl_typesupport_cExport.cmake
-- Up-to-date: /home/charlie/traversability_analysis_ws_ros2/install/gazebo_map_creator_interface/share/gazebo_map_creator_interface/cmake/gazebo_map_creator_interface__rosidl_typesupport_cExport-noconfig.cmake
-- Up-to-date: /home/charlie/traversability_analysis_ws_ros2/install/gazebo_map_creator_interface/share/gazebo_map_creator_interface/cmake/gazebo_map_creator_interface__rosidl_generator_cppExport.cmake
-- Up-to-date: /home/charlie/traversability_analysis_ws_ros2/install/gazebo_map_creator_interface/share/gazebo_map_creator_interface/cmake/gazebo_map_creator_interface__rosidl_typesupport_introspection_cppExport.cmake
-- Up-to-date: /home/charlie/traversability_analysis_ws_ros2/install/gazebo_map_creator_interface/share/gazebo_map_creator_interface/cmake/gazebo_map_creator_interface__rosidl_typesupport_introspection_cppExport-noconfig.cmake
-- Up-to-date: /home/charlie/traversability_analysis_ws_ros2/install/gazebo_map_creator_interface/share/gazebo_map_creator_interface/cmake/gazebo_map_creator_interface__rosidl_typesupport_cppExport.cmake
-- Up-to-date: /home/charlie/traversability_analysis_ws_ros2/install/gazebo_map_creator_interface/share/gazebo_map_creator_interface/cmake/gazebo_map_creator_interface__rosidl_typesupport_cppExport-noconfig.cmake
-- Up-to-date: /home/charlie/traversability_analysis_ws_ros2/install/gazebo_map_creator_interface/share/gazebo_map_creator_interface/cmake/rosidl_cmake-extras.cmake
-- Up-to-date: /home/charlie/traversability_analysis_ws_ros2/install/gazebo_map_creator_interface/share/gazebo_map_creator_interface/cmake/ament_cmake_export_dependencies-extras.cmake
-- Up-to-date: /home/charlie/traversability_analysis_ws_ros2/install/gazebo_map_creator_interface/share/gazebo_map_creator_interface/cmake/ament_cmake_export_libraries-extras.cmake
-- Up-to-date: /home/charlie/traversability_analysis_ws_ros2/install/gazebo_map_creator_interface/share/gazebo_map_creator_interface/cmake/ament_cmake_export_targets-extras.cmake
-- Up-to-date: /home/charlie/traversability_analysis_ws_ros2/install/gazebo_map_creator_interface/share/gazebo_map_creator_interface/cmake/ament_cmake_export_include_directories-extras.cmake
-- Up-to-date: /home/charlie/traversability_analysis_ws_ros2/install/gazebo_map_creator_interface/share/gazebo_map_creator_interface/cmake/rosidl_cmake_export_typesupport_libraries-extras.cmake
-- Up-to-date: /home/charlie/traversability_analysis_ws_ros2/install/gazebo_map_creator_interface/share/gazebo_map_creator_interface/cmake/rosidl_cmake_export_typesupport_targets-extras.cmake
-- Up-to-date: /home/charlie/traversability_analysis_ws_ros2/install/gazebo_map_creator_interface/share/gazebo_map_creator_interface/cmake/gazebo_map_creator_interfaceConfig.cmake
-- Up-to-date: /home/charlie/traversability_analysis_ws_ros2/install/gazebo_map_creator_interface/share/gazebo_map_creator_interface/cmake/gazebo_map_creator_interfaceConfig-version.cmake
-- Up-to-date: /home/charlie/traversability_analysis_ws_ros2/install/gazebo_map_creator_interface/share/gazebo_map_creator_interface/package.xml
