[0.012s] Invoking command in '/home/charlie/traversability_analysis_ws_ros2/build/husky_robot': CMAKE_PREFIX_PATH=/home/charlie/traversability_analysis_ws_ros2/install/husky_bringup:/home/charlie/traversability_analysis_ws_ros2/install/husky_control:/home/charlie/traversability_analysis_ws_ros2/install/husky_base:/home/charlie/traversability_analysis_ws_ros2/install/husky_msgs:/home/charlie/traversability_analysis_ws_ros2/install/husky_description:/home/charlie/traversability_analysis_ws_ros2/install/husky_desktop:/home/charlie/traversability_analysis_ws_ros2/install/husky_viz:/home/charlie/traversability_analysis_ws_ros2/install/husky_simulator:/home/charlie/traversability_analysis_ws_ros2/install/husky_robot:/home/charlie/traversability_analysis_ws_ros2/install/husky_gazebo:/home/charlie/traversability_analysis_ws_ros2/install/gazebo_map_creator:/home/charlie/traversability_analysis_ws_ros2/install/gazebo_map_creator_interface:/home/charlie/traversability_analysis_ws_ros2/install/simulation:/opt/ros/foxy PYTHONPATH=/home/charlie/traversability_analysis_ws_ros2/install/husky_msgs/lib/python3.8/site-packages:/home/charlie/traversability_analysis_ws_ros2/install/simulation/lib/python3.8/site-packages:/home/charlie/traversability_analysis_ws_ros2/install/gazebo_map_creator_interface/lib/python3.8/site-packages:/opt/ros/foxy/lib/python3.8/site-packages /usr/bin/cmake /home/charlie/traversability_analysis_ws_ros2/src/husky/husky_robot -DCMAKE_INSTALL_PREFIX=/home/charlie/traversability_analysis_ws_ros2/install/husky_robot
[0.046s] -- The C compiler identification is GNU 9.4.0
[0.079s] -- The CXX compiler identification is GNU 9.4.0
[0.083s] -- Check for working C compiler: /usr/bin/cc
[0.126s] -- Check for working C compiler: /usr/bin/cc -- works
[0.126s] -- Detecting C compiler ABI info
[0.168s] -- Detecting C compiler ABI info - done
[0.175s] -- Detecting C compile features
[0.176s] -- Detecting C compile features - done
[0.177s] -- Check for working CXX compiler: /usr/bin/c++
[0.226s] -- Check for working CXX compiler: /usr/bin/c++ -- works
[0.226s] -- Detecting CXX compiler ABI info
[0.274s] -- Detecting CXX compiler ABI info - done
[0.281s] -- Detecting CXX compile features
[0.282s] -- Detecting CXX compile features - done
[0.283s] -- Found ament_cmake: 0.9.11 (/opt/ros/foxy/share/ament_cmake/cmake)
[0.300s] -- Found PythonInterp: /usr/bin/python3 (found suitable version "3.8.10", minimum required is "3") 
[0.300s] -- Using PYTHON_EXECUTABLE: /usr/bin/python3
[0.507s] -- Configuring done
[0.508s] -- Generating done
[0.509s] -- Build files have been written to: /home/charlie/traversability_analysis_ws_ros2/build/husky_robot
[0.511s] Invoked command in '/home/charlie/traversability_analysis_ws_ros2/build/husky_robot' returned '0': CMAKE_PREFIX_PATH=/home/charlie/traversability_analysis_ws_ros2/install/husky_bringup:/home/charlie/traversability_analysis_ws_ros2/install/husky_control:/home/charlie/traversability_analysis_ws_ros2/install/husky_base:/home/charlie/traversability_analysis_ws_ros2/install/husky_msgs:/home/charlie/traversability_analysis_ws_ros2/install/husky_description:/home/charlie/traversability_analysis_ws_ros2/install/husky_desktop:/home/charlie/traversability_analysis_ws_ros2/install/husky_viz:/home/charlie/traversability_analysis_ws_ros2/install/husky_simulator:/home/charlie/traversability_analysis_ws_ros2/install/husky_robot:/home/charlie/traversability_analysis_ws_ros2/install/husky_gazebo:/home/charlie/traversability_analysis_ws_ros2/install/gazebo_map_creator:/home/charlie/traversability_analysis_ws_ros2/install/gazebo_map_creator_interface:/home/charlie/traversability_analysis_ws_ros2/install/simulation:/opt/ros/foxy PYTHONPATH=/home/charlie/traversability_analysis_ws_ros2/install/husky_msgs/lib/python3.8/site-packages:/home/charlie/traversability_analysis_ws_ros2/install/simulation/lib/python3.8/site-packages:/home/charlie/traversability_analysis_ws_ros2/install/gazebo_map_creator_interface/lib/python3.8/site-packages:/opt/ros/foxy/lib/python3.8/site-packages /usr/bin/cmake /home/charlie/traversability_analysis_ws_ros2/src/husky/husky_robot -DCMAKE_INSTALL_PREFIX=/home/charlie/traversability_analysis_ws_ros2/install/husky_robot
[0.513s] Invoking command in '/home/charlie/traversability_analysis_ws_ros2/build/husky_robot': CMAKE_PREFIX_PATH=/home/charlie/traversability_analysis_ws_ros2/install/husky_bringup:/home/charlie/traversability_analysis_ws_ros2/install/husky_control:/home/charlie/traversability_analysis_ws_ros2/install/husky_base:/home/charlie/traversability_analysis_ws_ros2/install/husky_msgs:/home/charlie/traversability_analysis_ws_ros2/install/husky_description:/home/charlie/traversability_analysis_ws_ros2/install/husky_desktop:/home/charlie/traversability_analysis_ws_ros2/install/husky_viz:/home/charlie/traversability_analysis_ws_ros2/install/husky_simulator:/home/charlie/traversability_analysis_ws_ros2/install/husky_robot:/home/charlie/traversability_analysis_ws_ros2/install/husky_gazebo:/home/charlie/traversability_analysis_ws_ros2/install/gazebo_map_creator:/home/charlie/traversability_analysis_ws_ros2/install/gazebo_map_creator_interface:/home/charlie/traversability_analysis_ws_ros2/install/simulation:/opt/ros/foxy PYTHONPATH=/home/charlie/traversability_analysis_ws_ros2/install/husky_msgs/lib/python3.8/site-packages:/home/charlie/traversability_analysis_ws_ros2/install/simulation/lib/python3.8/site-packages:/home/charlie/traversability_analysis_ws_ros2/install/gazebo_map_creator_interface/lib/python3.8/site-packages:/opt/ros/foxy/lib/python3.8/site-packages /usr/bin/cmake --build /home/charlie/traversability_analysis_ws_ros2/build/husky_robot -- -j16 -l16
[0.537s] Invoked command in '/home/charlie/traversability_analysis_ws_ros2/build/husky_robot' returned '0': CMAKE_PREFIX_PATH=/home/charlie/traversability_analysis_ws_ros2/install/husky_bringup:/home/charlie/traversability_analysis_ws_ros2/install/husky_control:/home/charlie/traversability_analysis_ws_ros2/install/husky_base:/home/charlie/traversability_analysis_ws_ros2/install/husky_msgs:/home/charlie/traversability_analysis_ws_ros2/install/husky_description:/home/charlie/traversability_analysis_ws_ros2/install/husky_desktop:/home/charlie/traversability_analysis_ws_ros2/install/husky_viz:/home/charlie/traversability_analysis_ws_ros2/install/husky_simulator:/home/charlie/traversability_analysis_ws_ros2/install/husky_robot:/home/charlie/traversability_analysis_ws_ros2/install/husky_gazebo:/home/charlie/traversability_analysis_ws_ros2/install/gazebo_map_creator:/home/charlie/traversability_analysis_ws_ros2/install/gazebo_map_creator_interface:/home/charlie/traversability_analysis_ws_ros2/install/simulation:/opt/ros/foxy PYTHONPATH=/home/charlie/traversability_analysis_ws_ros2/install/husky_msgs/lib/python3.8/site-packages:/home/charlie/traversability_analysis_ws_ros2/install/simulation/lib/python3.8/site-packages:/home/charlie/traversability_analysis_ws_ros2/install/gazebo_map_creator_interface/lib/python3.8/site-packages:/opt/ros/foxy/lib/python3.8/site-packages /usr/bin/cmake --build /home/charlie/traversability_analysis_ws_ros2/build/husky_robot -- -j16 -l16
[0.552s] Invoking command in '/home/charlie/traversability_analysis_ws_ros2/build/husky_robot': CMAKE_PREFIX_PATH=/home/charlie/traversability_analysis_ws_ros2/install/husky_bringup:/home/charlie/traversability_analysis_ws_ros2/install/husky_control:/home/charlie/traversability_analysis_ws_ros2/install/husky_base:/home/charlie/traversability_analysis_ws_ros2/install/husky_msgs:/home/charlie/traversability_analysis_ws_ros2/install/husky_description:/home/charlie/traversability_analysis_ws_ros2/install/husky_desktop:/home/charlie/traversability_analysis_ws_ros2/install/husky_viz:/home/charlie/traversability_analysis_ws_ros2/install/husky_simulator:/home/charlie/traversability_analysis_ws_ros2/install/husky_robot:/home/charlie/traversability_analysis_ws_ros2/install/husky_gazebo:/home/charlie/traversability_analysis_ws_ros2/install/gazebo_map_creator:/home/charlie/traversability_analysis_ws_ros2/install/gazebo_map_creator_interface:/home/charlie/traversability_analysis_ws_ros2/install/simulation:/opt/ros/foxy PYTHONPATH=/home/charlie/traversability_analysis_ws_ros2/install/husky_msgs/lib/python3.8/site-packages:/home/charlie/traversability_analysis_ws_ros2/install/simulation/lib/python3.8/site-packages:/home/charlie/traversability_analysis_ws_ros2/install/gazebo_map_creator_interface/lib/python3.8/site-packages:/opt/ros/foxy/lib/python3.8/site-packages /usr/bin/cmake --install /home/charlie/traversability_analysis_ws_ros2/build/husky_robot
[0.559s] -- Install configuration: ""
[0.559s] -- Installing: /home/charlie/traversability_analysis_ws_ros2/install/husky_robot/share/ament_index/resource_index/package_run_dependencies/husky_robot
[0.559s] -- Installing: /home/charlie/traversability_analysis_ws_ros2/install/husky_robot/share/ament_index/resource_index/parent_prefix_path/husky_robot
[0.559s] -- Installing: /home/charlie/traversability_analysis_ws_ros2/install/husky_robot/share/husky_robot/environment/ament_prefix_path.sh
[0.559s] -- Installing: /home/charlie/traversability_analysis_ws_ros2/install/husky_robot/share/husky_robot/environment/ament_prefix_path.dsv
[0.559s] -- Installing: /home/charlie/traversability_analysis_ws_ros2/install/husky_robot/share/husky_robot/environment/path.sh
[0.559s] -- Installing: /home/charlie/traversability_analysis_ws_ros2/install/husky_robot/share/husky_robot/environment/path.dsv
[0.560s] -- Installing: /home/charlie/traversability_analysis_ws_ros2/install/husky_robot/share/husky_robot/local_setup.bash
[0.560s] -- Installing: /home/charlie/traversability_analysis_ws_ros2/install/husky_robot/share/husky_robot/local_setup.sh
[0.560s] -- Installing: /home/charlie/traversability_analysis_ws_ros2/install/husky_robot/share/husky_robot/local_setup.zsh
[0.560s] -- Installing: /home/charlie/traversability_analysis_ws_ros2/install/husky_robot/share/husky_robot/local_setup.dsv
[0.560s] -- Installing: /home/charlie/traversability_analysis_ws_ros2/install/husky_robot/share/husky_robot/package.dsv
[0.560s] -- Installing: /home/charlie/traversability_analysis_ws_ros2/install/husky_robot/share/ament_index/resource_index/packages/husky_robot
[0.560s] -- Installing: /home/charlie/traversability_analysis_ws_ros2/install/husky_robot/share/husky_robot/cmake/husky_robotConfig.cmake
[0.560s] -- Installing: /home/charlie/traversability_analysis_ws_ros2/install/husky_robot/share/husky_robot/cmake/husky_robotConfig-version.cmake
[0.560s] -- Installing: /home/charlie/traversability_analysis_ws_ros2/install/husky_robot/share/husky_robot/package.xml
[0.561s] Invoked command in '/home/charlie/traversability_analysis_ws_ros2/build/husky_robot' returned '0': CMAKE_PREFIX_PATH=/home/charlie/traversability_analysis_ws_ros2/install/husky_bringup:/home/charlie/traversability_analysis_ws_ros2/install/husky_control:/home/charlie/traversability_analysis_ws_ros2/install/husky_base:/home/charlie/traversability_analysis_ws_ros2/install/husky_msgs:/home/charlie/traversability_analysis_ws_ros2/install/husky_description:/home/charlie/traversability_analysis_ws_ros2/install/husky_desktop:/home/charlie/traversability_analysis_ws_ros2/install/husky_viz:/home/charlie/traversability_analysis_ws_ros2/install/husky_simulator:/home/charlie/traversability_analysis_ws_ros2/install/husky_robot:/home/charlie/traversability_analysis_ws_ros2/install/husky_gazebo:/home/charlie/traversability_analysis_ws_ros2/install/gazebo_map_creator:/home/charlie/traversability_analysis_ws_ros2/install/gazebo_map_creator_interface:/home/charlie/traversability_analysis_ws_ros2/install/simulation:/opt/ros/foxy PYTHONPATH=/home/charlie/traversability_analysis_ws_ros2/install/husky_msgs/lib/python3.8/site-packages:/home/charlie/traversability_analysis_ws_ros2/install/simulation/lib/python3.8/site-packages:/home/charlie/traversability_analysis_ws_ros2/install/gazebo_map_creator_interface/lib/python3.8/site-packages:/opt/ros/foxy/lib/python3.8/site-packages /usr/bin/cmake --install /home/charlie/traversability_analysis_ws_ros2/build/husky_robot
