[0.893s] Invoking command in '/home/charlie/traversability_analysis_ws_ros2/src/simulation': PYTHONPATH=/home/charlie/traversability_analysis_ws_ros2/build/simulation/prefix_override:/home/charlie/traversability_analysis_ws_ros2/install/simulation/lib/python3.8/site-packages:${PYTHONPATH} /usr/bin/python3 setup.py egg_info --egg-base ../../build/simulation build --build-base /home/charlie/traversability_analysis_ws_ros2/build/simulation/build install --record /home/charlie/traversability_analysis_ws_ros2/build/simulation/install.log --install-scripts $base/lib/simulation --single-version-externally-managed
[1.096s] /home/charlie/.local/lib/python3.8/site-packages/setuptools/dist.py:770: UserWarning: Usage of dash-separated 'script-dir' will not be supported in future versions. Please use the underscore name 'script_dir' instead
[1.096s]   warnings.warn(
[1.169s] running egg_info
[1.170s] creating ../../build/simulation/simulation.egg-info
[1.180s] writing ../../build/simulation/simulation.egg-info/PKG-INFO
[1.181s] writing dependency_links to ../../build/simulation/simulation.egg-info/dependency_links.txt
[1.181s] writing entry points to ../../build/simulation/simulation.egg-info/entry_points.txt
[1.181s] writing requirements to ../../build/simulation/simulation.egg-info/requires.txt
[1.181s] writing top-level names to ../../build/simulation/simulation.egg-info/top_level.txt
[1.181s] writing manifest file '../../build/simulation/simulation.egg-info/SOURCES.txt'
[1.203s] reading manifest file '../../build/simulation/simulation.egg-info/SOURCES.txt'
[1.204s] writing manifest file '../../build/simulation/simulation.egg-info/SOURCES.txt'
[1.204s] running build
[1.204s] running build_py
[1.204s] creating /home/charlie/traversability_analysis_ws_ros2/build/simulation/build
[1.204s] creating /home/charlie/traversability_analysis_ws_ros2/build/simulation/build/lib
[1.204s] creating /home/charlie/traversability_analysis_ws_ros2/build/simulation/build/lib/simulation
[1.204s] copying simulation/__init__.py -> /home/charlie/traversability_analysis_ws_ros2/build/simulation/build/lib/simulation
[1.204s] copying simulation/simulation_data_collection.py -> /home/charlie/traversability_analysis_ws_ros2/build/simulation/build/lib/simulation
[1.204s] running install
[1.205s] /home/charlie/.local/lib/python3.8/site-packages/setuptools/command/install.py:34: SetuptoolsDeprecationWarning: setup.py install is deprecated. Use build and pip and other standards-based tools.
[1.205s]   warnings.warn(
[1.208s] running install_lib
[1.219s] creating /home/charlie/traversability_analysis_ws_ros2/install/simulation/lib/python3.8/site-packages/simulation
[1.219s] copying /home/charlie/traversability_analysis_ws_ros2/build/simulation/build/lib/simulation/__init__.py -> /home/charlie/traversability_analysis_ws_ros2/install/simulation/lib/python3.8/site-packages/simulation
[1.219s] copying /home/charlie/traversability_analysis_ws_ros2/build/simulation/build/lib/simulation/simulation_data_collection.py -> /home/charlie/traversability_analysis_ws_ros2/install/simulation/lib/python3.8/site-packages/simulation
[1.219s] byte-compiling /home/charlie/traversability_analysis_ws_ros2/install/simulation/lib/python3.8/site-packages/simulation/__init__.py to __init__.cpython-38.pyc
[1.219s] byte-compiling /home/charlie/traversability_analysis_ws_ros2/install/simulation/lib/python3.8/site-packages/simulation/simulation_data_collection.py to simulation_data_collection.cpython-38.pyc
[1.221s] running install_data
[1.231s] creating /home/charlie/traversability_analysis_ws_ros2/install/simulation/share/ament_index
[1.231s] creating /home/charlie/traversability_analysis_ws_ros2/install/simulation/share/ament_index/resource_index
[1.231s] creating /home/charlie/traversability_analysis_ws_ros2/install/simulation/share/ament_index/resource_index/packages
[1.231s] copying resource/simulation -> /home/charlie/traversability_analysis_ws_ros2/install/simulation/share/ament_index/resource_index/packages
[1.232s] copying package.xml -> /home/charlie/traversability_analysis_ws_ros2/install/simulation/share/simulation
[1.232s] copying launch/simulation_data_collection.launch.py -> /home/charlie/traversability_analysis_ws_ros2/install/simulation/share/simulation
[1.232s] running install_egg_info
[1.243s] Copying ../../build/simulation/simulation.egg-info to /home/charlie/traversability_analysis_ws_ros2/install/simulation/lib/python3.8/site-packages/simulation-0.0.0-py3.8.egg-info
[1.243s] running install_scripts
[1.287s] Installing simulation_data_collection script to /home/charlie/traversability_analysis_ws_ros2/install/simulation/lib/simulation
[1.287s] writing list of installed files to '/home/charlie/traversability_analysis_ws_ros2/build/simulation/install.log'
[1.336s] Invoked command in '/home/charlie/traversability_analysis_ws_ros2/src/simulation' returned '0': PYTHONPATH=/home/charlie/traversability_analysis_ws_ros2/build/simulation/prefix_override:/home/charlie/traversability_analysis_ws_ros2/install/simulation/lib/python3.8/site-packages:${PYTHONPATH} /usr/bin/python3 setup.py egg_info --egg-base ../../build/simulation build --build-base /home/charlie/traversability_analysis_ws_ros2/build/simulation/build install --record /home/charlie/traversability_analysis_ws_ros2/build/simulation/install.log --install-scripts $base/lib/simulation --single-version-externally-managed
