[100%] Built target gazebo_map_creator
-- Install configuration: ""
-- Up-to-date: /home/charlie/traversability_analysis_ws_ros2/install/gazebo_map_creator/share/gazebo_map_creator/environment/library_path.sh
-- Up-to-date: /home/charlie/traversability_analysis_ws_ros2/install/gazebo_map_creator/share/gazebo_map_creator/environment/library_path.dsv
-- Up-to-date: /home/charlie/traversability_analysis_ws_ros2/install/gazebo_map_creator/share/gazebo_map_creator/scripts
-- Up-to-date: /home/charlie/traversability_analysis_ws_ros2/install/gazebo_map_creator/share/gazebo_map_creator/scripts/request_map.py
-- Up-to-date: /home/charlie/traversability_analysis_ws_ros2/install/gazebo_map_creator/lib/libgazebo_map_creator.so
-- Up-to-date: /home/charlie/traversability_analysis_ws_ros2/install/gazebo_map_creator/lib/gazebo_map_creator/request_map.py
-- Up-to-date: /home/charlie/traversability_analysis_ws_ros2/install/gazebo_map_creator/share/ament_index/resource_index/package_run_dependencies/gazebo_map_creator
-- Up-to-date: /home/charlie/traversability_analysis_ws_ros2/install/gazebo_map_creator/share/ament_index/resource_index/parent_prefix_path/gazebo_map_creator
-- Up-to-date: /home/charlie/traversability_analysis_ws_ros2/install/gazebo_map_creator/share/gazebo_map_creator/environment/ament_prefix_path.sh
-- Up-to-date: /home/charlie/traversability_analysis_ws_ros2/install/gazebo_map_creator/share/gazebo_map_creator/environment/ament_prefix_path.dsv
-- Up-to-date: /home/charlie/traversability_analysis_ws_ros2/install/gazebo_map_creator/share/gazebo_map_creator/environment/path.sh
-- Up-to-date: /home/charlie/traversability_analysis_ws_ros2/install/gazebo_map_creator/share/gazebo_map_creator/environment/path.dsv
-- Up-to-date: /home/charlie/traversability_analysis_ws_ros2/install/gazebo_map_creator/share/gazebo_map_creator/local_setup.bash
-- Up-to-date: /home/charlie/traversability_analysis_ws_ros2/install/gazebo_map_creator/share/gazebo_map_creator/local_setup.sh
-- Up-to-date: /home/charlie/traversability_analysis_ws_ros2/install/gazebo_map_creator/share/gazebo_map_creator/local_setup.zsh
-- Up-to-date: /home/charlie/traversability_analysis_ws_ros2/install/gazebo_map_creator/share/gazebo_map_creator/local_setup.dsv
-- Installing: /home/charlie/traversability_analysis_ws_ros2/install/gazebo_map_creator/share/gazebo_map_creator/package.dsv
-- Up-to-date: /home/charlie/traversability_analysis_ws_ros2/install/gazebo_map_creator/share/ament_index/resource_index/packages/gazebo_map_creator
-- Up-to-date: /home/charlie/traversability_analysis_ws_ros2/install/gazebo_map_creator/share/gazebo_map_creator/cmake/ament_cmake_export_libraries-extras.cmake
-- Up-to-date: /home/charlie/traversability_analysis_ws_ros2/install/gazebo_map_creator/share/gazebo_map_creator/cmake/ament_cmake_export_dependencies-extras.cmake
-- Up-to-date: /home/charlie/traversability_analysis_ws_ros2/install/gazebo_map_creator/share/gazebo_map_creator/cmake/gazebo_map_creatorConfig.cmake
-- Up-to-date: /home/charlie/traversability_analysis_ws_ros2/install/gazebo_map_creator/share/gazebo_map_creator/cmake/gazebo_map_creatorConfig-version.cmake
-- Up-to-date: /home/charlie/traversability_analysis_ws_ros2/install/gazebo_map_creator/share/gazebo_map_creator/package.xml
