[0.028s] Invoking command in '/home/charlie/traversability_analysis_ws_ros2/build/husky_msgs': CMAKE_PREFIX_PATH=${CMAKE_PREFIX_PATH}:/home/charlie/traversability_analysis_ws_ros2/install/simulation:/opt/ros/foxy /usr/bin/cmake /home/charlie/traversability_analysis_ws_ros2/src/husky/husky_msgs -DCMAKE_INSTALL_PREFIX=/home/charlie/traversability_analysis_ws_ros2/install/husky_msgs
[0.062s] -- The C compiler identification is GNU 9.4.0
[0.097s] -- The CXX compiler identification is GNU 9.4.0
[0.100s] -- Check for working C compiler: /usr/bin/cc
[0.145s] -- Check for working C compiler: /usr/bin/cc -- works
[0.145s] -- Detecting C compiler ABI info
[0.189s] -- Detecting C compiler ABI info - done
[0.196s] -- Detecting C compile features
[0.196s] -- Detecting C compile features - done
[0.198s] -- Check for working CXX compiler: /usr/bin/c++
[0.249s] -- Check for working CXX compiler: /usr/bin/c++ -- works
[0.249s] -- Detecting CXX compiler ABI info
[0.304s] -- Detecting CXX compiler ABI info - done
[0.310s] -- Detecting CXX compile features
[0.310s] -- Detecting CXX compile features - done
[0.311s] -- Found ament_cmake: 0.9.11 (/opt/ros/foxy/share/ament_cmake/cmake)
[0.327s] -- Found PythonInterp: /usr/bin/python3 (found suitable version "3.8.10", minimum required is "3") 
[0.327s] -- Using PYTHON_EXECUTABLE: /usr/bin/python3
[0.515s] -- Found std_msgs: 2.0.5 (/opt/ros/foxy/share/std_msgs/cmake)
[0.547s] -- Using all available rosidl_typesupport_c: rosidl_typesupport_fastrtps_c;rosidl_typesupport_introspection_c
[0.554s] -- Found rosidl_adapter: 1.3.0 (/opt/ros/foxy/share/rosidl_adapter/cmake)
[0.619s] -- Found OpenSSL: /usr/lib/x86_64-linux-gnu/libcrypto.so (found version "1.1.1f")  
[0.639s] -- Found FastRTPS: /opt/ros/foxy/include  
[0.692s] -- Using all available rosidl_typesupport_cpp: rosidl_typesupport_fastrtps_cpp;rosidl_typesupport_introspection_cpp
[0.723s] -- Found rosidl_default_generators: 1.0.1 (/opt/ros/foxy/share/rosidl_default_generators/cmake)
[0.745s] -- Found PythonInterp: /usr/bin/python3 (found version "3.8.10") 
[0.872s] -- Found ament_cmake_ros: 0.9.2 (/opt/ros/foxy/share/ament_cmake_ros/cmake)
[1.003s] -- Using all available rosidl_typesupport_c: rosidl_typesupport_fastrtps_c;rosidl_typesupport_introspection_c
[1.045s] -- Using all available rosidl_typesupport_cpp: rosidl_typesupport_fastrtps_cpp;rosidl_typesupport_introspection_cpp
[1.063s] -- Found PythonInterp: /usr/bin/python3 (found suitable version "3.8.10", minimum required is "3.5") 
[1.064s] -- Found python_cmake_module: 0.8.1 (/opt/ros/foxy/share/python_cmake_module/cmake)
[1.084s] -- Found PythonLibs: /usr/lib/x86_64-linux-gnu/libpython3.8.so (found suitable version "3.8.10", minimum required is "3.5") 
[1.084s] -- Using PYTHON_EXECUTABLE: /usr/bin/python3
[1.084s] -- Using PYTHON_INCLUDE_DIRS: /usr/include/python3.8
[1.084s] -- Using PYTHON_LIBRARIES: /usr/lib/x86_64-linux-gnu/libpython3.8.so
[1.099s] -- Found PythonExtra: .so  
[1.360s] -- Configuring done
[1.391s] -- Generating done
[1.391s] -- Build files have been written to: /home/charlie/traversability_analysis_ws_ros2/build/husky_msgs
[1.422s] Invoked command in '/home/charlie/traversability_analysis_ws_ros2/build/husky_msgs' returned '0': CMAKE_PREFIX_PATH=${CMAKE_PREFIX_PATH}:/home/charlie/traversability_analysis_ws_ros2/install/simulation:/opt/ros/foxy /usr/bin/cmake /home/charlie/traversability_analysis_ws_ros2/src/husky/husky_msgs -DCMAKE_INSTALL_PREFIX=/home/charlie/traversability_analysis_ws_ros2/install/husky_msgs
[1.424s] Invoking command in '/home/charlie/traversability_analysis_ws_ros2/build/husky_msgs': CMAKE_PREFIX_PATH=${CMAKE_PREFIX_PATH}:/home/charlie/traversability_analysis_ws_ros2/install/simulation:/opt/ros/foxy /usr/bin/cmake --build /home/charlie/traversability_analysis_ws_ros2/build/husky_msgs -- -j16 -l16
[1.450s] [  3%] [34m[1mGenerating C code for ROS interfaces[0m
[1.450s] [35m[1mScanning dependencies of target husky_msgs__cpp[0m
[1.457s] [  6%] [34m[1mGenerating C++ code for ROS interfaces[0m
[1.660s] [35m[1mScanning dependencies of target husky_msgs__rosidl_generator_c[0m
[1.667s] [  6%] Built target husky_msgs__cpp
[1.668s] [  9%] [32mBuilding C object CMakeFiles/husky_msgs__rosidl_generator_c.dir/rosidl_generator_c/husky_msgs/msg/detail/husky_status__functions.c.o[0m
[1.674s] [ 19%] [34m[1mGenerating C++ type support dispatch for ROS interfaces[0m
[1.674s] [ 19%] [34m[1mGenerating C++ introspection for ROS interfaces[0m
[1.674s] [ 19%] [34m[1mGenerating C++ type support for eProsima Fast-RTPS[0m
[1.701s] [ 22%] [32m[1mLinking C shared library libhusky_msgs__rosidl_generator_c.so[0m
[1.726s] [ 22%] Built target husky_msgs__rosidl_generator_c
[1.733s] [ 29%] [34m[1mGenerating C introspection for ROS interfaces[0m
[1.734s] [ 29%] [34m[1mGenerating C type support dispatch for ROS interfaces[0m
[1.919s] [35m[1mScanning dependencies of target husky_msgs__rosidl_typesupport_fastrtps_cpp[0m
[1.934s] [ 32%] [32mBuilding CXX object CMakeFiles/husky_msgs__rosidl_typesupport_fastrtps_cpp.dir/rosidl_typesupport_fastrtps_cpp/husky_msgs/msg/detail/dds_fastrtps/husky_status__type_support.cpp.o[0m
[1.939s] [35m[1mScanning dependencies of target husky_msgs__rosidl_typesupport_introspection_cpp[0m
[1.954s] [ 35%] [32mBuilding CXX object CMakeFiles/husky_msgs__rosidl_typesupport_introspection_cpp.dir/rosidl_typesupport_introspection_cpp/husky_msgs/msg/detail/husky_status__type_support.cpp.o[0m
[1.961s] [35m[1mScanning dependencies of target husky_msgs__rosidl_typesupport_c[0m
[1.962s] [35m[1mScanning dependencies of target husky_msgs__rosidl_typesupport_cpp[0m
[1.972s] [ 38%] [32mBuilding CXX object CMakeFiles/husky_msgs__rosidl_typesupport_cpp.dir/rosidl_typesupport_cpp/husky_msgs/msg/husky_status__type_support.cpp.o[0m
[1.973s] [ 41%] [32mBuilding CXX object CMakeFiles/husky_msgs__rosidl_typesupport_c.dir/rosidl_typesupport_c/husky_msgs/msg/husky_status__type_support.cpp.o[0m
[1.978s] [35m[1mScanning dependencies of target husky_msgs__rosidl_typesupport_introspection_c[0m
[1.988s] [ 45%] [32mBuilding C object CMakeFiles/husky_msgs__rosidl_typesupport_introspection_c.dir/rosidl_typesupport_introspection_c/husky_msgs/msg/detail/husky_status__type_support.c.o[0m
[2.008s] [ 48%] [32m[1mLinking CXX shared library libhusky_msgs__rosidl_typesupport_c.so[0m
[2.014s] [ 51%] [32m[1mLinking C shared library libhusky_msgs__rosidl_typesupport_introspection_c.so[0m
[2.044s] [ 51%] Built target husky_msgs__rosidl_typesupport_introspection_c
[2.045s] [ 51%] Built target husky_msgs__rosidl_typesupport_c
[2.188s] [ 54%] [32m[1mLinking CXX shared library libhusky_msgs__rosidl_typesupport_cpp.so[0m
[2.217s] [ 54%] Built target husky_msgs__rosidl_typesupport_cpp
[2.217s] [ 58%] [32m[1mLinking CXX shared library libhusky_msgs__rosidl_typesupport_introspection_cpp.so[0m
[2.225s] [ 61%] [32m[1mLinking CXX shared library libhusky_msgs__rosidl_typesupport_fastrtps_cpp.so[0m
[2.265s] [ 61%] Built target husky_msgs__rosidl_typesupport_introspection_cpp
[2.289s] [ 61%] Built target husky_msgs__rosidl_typesupport_fastrtps_cpp
[2.297s] [ 64%] [34m[1mGenerating C type support for eProsima Fast-RTPS[0m
[2.490s] [35m[1mScanning dependencies of target husky_msgs__rosidl_typesupport_fastrtps_c[0m
[2.498s] [ 67%] [32mBuilding CXX object CMakeFiles/husky_msgs__rosidl_typesupport_fastrtps_c.dir/rosidl_typesupport_fastrtps_c/husky_msgs/msg/detail/husky_status__type_support_c.cpp.o[0m
[2.709s] [ 70%] [32m[1mLinking CXX shared library libhusky_msgs__rosidl_typesupport_fastrtps_c.so[0m
[2.767s] [ 70%] Built target husky_msgs__rosidl_typesupport_fastrtps_c
[2.775s] [35m[1mScanning dependencies of target husky_msgs[0m
[2.783s] [ 70%] Built target husky_msgs
[2.790s] [35m[1mScanning dependencies of target husky_msgs__py[0m
[2.797s] [ 74%] [34m[1mGenerating Python code for ROS interfaces[0m
[3.223s] [ 74%] Built target husky_msgs__py
[3.232s] [35m[1mScanning dependencies of target husky_msgs__python[0m
[3.254s] [ 77%] [32mBuilding C object CMakeFiles/husky_msgs__python.dir/rosidl_generator_py/husky_msgs/msg/_husky_status_s.c.o[0m
[3.329s] [ 80%] [32m[1mLinking C shared library rosidl_generator_py/husky_msgs/libhusky_msgs__python.so[0m
[3.355s] [ 80%] Built target husky_msgs__python
[3.362s] [35m[1mScanning dependencies of target husky_msgs__rosidl_typesupport_c__pyext[0m
[3.362s] [35m[1mScanning dependencies of target husky_msgs__rosidl_typesupport_introspection_c__pyext[0m
[3.362s] [35m[1mScanning dependencies of target husky_msgs__rosidl_typesupport_fastrtps_c__pyext[0m
[3.373s] [ 83%] [32mBuilding C object CMakeFiles/husky_msgs__rosidl_typesupport_introspection_c__pyext.dir/rosidl_generator_py/husky_msgs/_husky_msgs_s.ep.rosidl_typesupport_introspection_c.c.o[0m
[3.373s] [ 87%] [32mBuilding C object CMakeFiles/husky_msgs__rosidl_typesupport_fastrtps_c__pyext.dir/rosidl_generator_py/husky_msgs/_husky_msgs_s.ep.rosidl_typesupport_fastrtps_c.c.o[0m
[3.373s] [ 90%] [32mBuilding C object CMakeFiles/husky_msgs__rosidl_typesupport_c__pyext.dir/rosidl_generator_py/husky_msgs/_husky_msgs_s.ep.rosidl_typesupport_c.c.o[0m
[3.422s] [100%] [32m[1mLinking CXX shared library rosidl_generator_py/husky_msgs/husky_msgs_s__rosidl_typesupport_fastrtps_c.cpython-38-x86_64-linux-gnu.so[0m
[3.422s] [100%] [32m[1mLinking C shared library rosidl_generator_py/husky_msgs/husky_msgs_s__rosidl_typesupport_introspection_c.cpython-38-x86_64-linux-gnu.so[0m
[3.423s] [100%] [32m[1mLinking C shared library rosidl_generator_py/husky_msgs/husky_msgs_s__rosidl_typesupport_c.cpython-38-x86_64-linux-gnu.so[0m
[3.446s] [100%] Built target husky_msgs__rosidl_typesupport_c__pyext
[3.446s] [100%] Built target husky_msgs__rosidl_typesupport_introspection_c__pyext
[3.467s] [100%] Built target husky_msgs__rosidl_typesupport_fastrtps_c__pyext
[3.476s] Invoked command in '/home/charlie/traversability_analysis_ws_ros2/build/husky_msgs' returned '0': CMAKE_PREFIX_PATH=${CMAKE_PREFIX_PATH}:/home/charlie/traversability_analysis_ws_ros2/install/simulation:/opt/ros/foxy /usr/bin/cmake --build /home/charlie/traversability_analysis_ws_ros2/build/husky_msgs -- -j16 -l16
[3.512s] Invoking command in '/home/charlie/traversability_analysis_ws_ros2/build/husky_msgs': CMAKE_PREFIX_PATH=${CMAKE_PREFIX_PATH}:/home/charlie/traversability_analysis_ws_ros2/install/simulation:/opt/ros/foxy /usr/bin/cmake --install /home/charlie/traversability_analysis_ws_ros2/build/husky_msgs
[3.519s] -- Install configuration: ""
[3.519s] -- Installing: /home/charlie/traversability_analysis_ws_ros2/install/husky_msgs/share/ament_index/resource_index/rosidl_interfaces/husky_msgs
[3.519s] -- Installing: /home/charlie/traversability_analysis_ws_ros2/install/husky_msgs/include/husky_msgs
[3.519s] -- Installing: /home/charlie/traversability_analysis_ws_ros2/install/husky_msgs/include/husky_msgs/msg
[3.519s] -- Installing: /home/charlie/traversability_analysis_ws_ros2/install/husky_msgs/include/husky_msgs/msg/husky_status.h
[3.519s] -- Installing: /home/charlie/traversability_analysis_ws_ros2/install/husky_msgs/include/husky_msgs/msg/detail
[3.519s] -- Installing: /home/charlie/traversability_analysis_ws_ros2/install/husky_msgs/include/husky_msgs/msg/detail/husky_status__struct.h
[3.519s] -- Installing: /home/charlie/traversability_analysis_ws_ros2/install/husky_msgs/include/husky_msgs/msg/detail/husky_status__functions.c
[3.519s] -- Installing: /home/charlie/traversability_analysis_ws_ros2/install/husky_msgs/include/husky_msgs/msg/detail/husky_status__functions.h
[3.519s] -- Installing: /home/charlie/traversability_analysis_ws_ros2/install/husky_msgs/include/husky_msgs/msg/detail/husky_status__type_support.h
[3.519s] -- Installing: /home/charlie/traversability_analysis_ws_ros2/install/husky_msgs/include/husky_msgs/msg/rosidl_generator_c__visibility_control.h
[3.519s] -- Installing: /home/charlie/traversability_analysis_ws_ros2/install/husky_msgs/share/husky_msgs/environment/library_path.sh
[3.519s] -- Installing: /home/charlie/traversability_analysis_ws_ros2/install/husky_msgs/share/husky_msgs/environment/library_path.dsv
[3.519s] -- Installing: /home/charlie/traversability_analysis_ws_ros2/install/husky_msgs/lib/libhusky_msgs__rosidl_generator_c.so
[3.519s] -- Set runtime path of "/home/charlie/traversability_analysis_ws_ros2/install/husky_msgs/lib/libhusky_msgs__rosidl_generator_c.so" to ""
[3.519s] -- Up-to-date: /home/charlie/traversability_analysis_ws_ros2/install/husky_msgs/include/husky_msgs
[3.519s] -- Up-to-date: /home/charlie/traversability_analysis_ws_ros2/install/husky_msgs/include/husky_msgs/msg
[3.519s] -- Up-to-date: /home/charlie/traversability_analysis_ws_ros2/install/husky_msgs/include/husky_msgs/msg/detail
[3.519s] -- Installing: /home/charlie/traversability_analysis_ws_ros2/install/husky_msgs/include/husky_msgs/msg/detail/husky_status__rosidl_typesupport_fastrtps_c.h
[3.519s] -- Installing: /home/charlie/traversability_analysis_ws_ros2/install/husky_msgs/include/husky_msgs/msg/rosidl_typesupport_fastrtps_c__visibility_control.h
[3.519s] -- Installing: /home/charlie/traversability_analysis_ws_ros2/install/husky_msgs/lib/libhusky_msgs__rosidl_typesupport_fastrtps_c.so
[3.520s] -- Set runtime path of "/home/charlie/traversability_analysis_ws_ros2/install/husky_msgs/lib/libhusky_msgs__rosidl_typesupport_fastrtps_c.so" to ""
[3.520s] -- Up-to-date: /home/charlie/traversability_analysis_ws_ros2/install/husky_msgs/include/husky_msgs
[3.520s] -- Up-to-date: /home/charlie/traversability_analysis_ws_ros2/install/husky_msgs/include/husky_msgs/msg
[3.520s] -- Installing: /home/charlie/traversability_analysis_ws_ros2/install/husky_msgs/include/husky_msgs/msg/rosidl_typesupport_fastrtps_cpp__visibility_control.h
[3.520s] -- Up-to-date: /home/charlie/traversability_analysis_ws_ros2/install/husky_msgs/include/husky_msgs/msg/detail
[3.520s] -- Installing: /home/charlie/traversability_analysis_ws_ros2/install/husky_msgs/include/husky_msgs/msg/detail/husky_status__rosidl_typesupport_fastrtps_cpp.hpp
[3.520s] -- Installing: /home/charlie/traversability_analysis_ws_ros2/install/husky_msgs/include/husky_msgs/msg/detail/dds_fastrtps
[3.520s] -- Installing: /home/charlie/traversability_analysis_ws_ros2/install/husky_msgs/lib/libhusky_msgs__rosidl_typesupport_fastrtps_cpp.so
[3.520s] -- Set runtime path of "/home/charlie/traversability_analysis_ws_ros2/install/husky_msgs/lib/libhusky_msgs__rosidl_typesupport_fastrtps_cpp.so" to ""
[3.520s] -- Up-to-date: /home/charlie/traversability_analysis_ws_ros2/install/husky_msgs/include/husky_msgs
[3.520s] -- Up-to-date: /home/charlie/traversability_analysis_ws_ros2/install/husky_msgs/include/husky_msgs/msg
[3.520s] -- Installing: /home/charlie/traversability_analysis_ws_ros2/install/husky_msgs/include/husky_msgs/msg/rosidl_typesupport_introspection_c__visibility_control.h
[3.520s] -- Up-to-date: /home/charlie/traversability_analysis_ws_ros2/install/husky_msgs/include/husky_msgs/msg/detail
[3.520s] -- Installing: /home/charlie/traversability_analysis_ws_ros2/install/husky_msgs/include/husky_msgs/msg/detail/husky_status__type_support.c
[3.520s] -- Installing: /home/charlie/traversability_analysis_ws_ros2/install/husky_msgs/include/husky_msgs/msg/detail/husky_status__rosidl_typesupport_introspection_c.h
[3.520s] -- Installing: /home/charlie/traversability_analysis_ws_ros2/install/husky_msgs/lib/libhusky_msgs__rosidl_typesupport_introspection_c.so
[3.520s] -- Set runtime path of "/home/charlie/traversability_analysis_ws_ros2/install/husky_msgs/lib/libhusky_msgs__rosidl_typesupport_introspection_c.so" to ""
[3.521s] -- Installing: /home/charlie/traversability_analysis_ws_ros2/install/husky_msgs/lib/libhusky_msgs__rosidl_typesupport_c.so
[3.521s] -- Set runtime path of "/home/charlie/traversability_analysis_ws_ros2/install/husky_msgs/lib/libhusky_msgs__rosidl_typesupport_c.so" to ""
[3.521s] -- Up-to-date: /home/charlie/traversability_analysis_ws_ros2/install/husky_msgs/include/husky_msgs
[3.521s] -- Up-to-date: /home/charlie/traversability_analysis_ws_ros2/install/husky_msgs/include/husky_msgs/msg
[3.521s] -- Installing: /home/charlie/traversability_analysis_ws_ros2/install/husky_msgs/include/husky_msgs/msg/husky_status.hpp
[3.521s] -- Up-to-date: /home/charlie/traversability_analysis_ws_ros2/install/husky_msgs/include/husky_msgs/msg/detail
[3.521s] -- Installing: /home/charlie/traversability_analysis_ws_ros2/install/husky_msgs/include/husky_msgs/msg/detail/husky_status__struct.hpp
[3.521s] -- Installing: /home/charlie/traversability_analysis_ws_ros2/install/husky_msgs/include/husky_msgs/msg/detail/husky_status__builder.hpp
[3.521s] -- Installing: /home/charlie/traversability_analysis_ws_ros2/install/husky_msgs/include/husky_msgs/msg/detail/husky_status__traits.hpp
[3.521s] -- Up-to-date: /home/charlie/traversability_analysis_ws_ros2/install/husky_msgs/include/husky_msgs
[3.521s] -- Up-to-date: /home/charlie/traversability_analysis_ws_ros2/install/husky_msgs/include/husky_msgs/msg
[3.521s] -- Up-to-date: /home/charlie/traversability_analysis_ws_ros2/install/husky_msgs/include/husky_msgs/msg/detail
[3.521s] -- Installing: /home/charlie/traversability_analysis_ws_ros2/install/husky_msgs/include/husky_msgs/msg/detail/husky_status__type_support.cpp
[3.521s] -- Installing: /home/charlie/traversability_analysis_ws_ros2/install/husky_msgs/include/husky_msgs/msg/detail/husky_status__rosidl_typesupport_introspection_cpp.hpp
[3.521s] -- Installing: /home/charlie/traversability_analysis_ws_ros2/install/husky_msgs/lib/libhusky_msgs__rosidl_typesupport_introspection_cpp.so
[3.521s] -- Set runtime path of "/home/charlie/traversability_analysis_ws_ros2/install/husky_msgs/lib/libhusky_msgs__rosidl_typesupport_introspection_cpp.so" to ""
[3.521s] -- Installing: /home/charlie/traversability_analysis_ws_ros2/install/husky_msgs/lib/libhusky_msgs__rosidl_typesupport_cpp.so
[3.521s] -- Set runtime path of "/home/charlie/traversability_analysis_ws_ros2/install/husky_msgs/lib/libhusky_msgs__rosidl_typesupport_cpp.so" to ""
[3.522s] -- Installing: /home/charlie/traversability_analysis_ws_ros2/install/husky_msgs/share/husky_msgs/environment/pythonpath.sh
[3.522s] -- Installing: /home/charlie/traversability_analysis_ws_ros2/install/husky_msgs/share/husky_msgs/environment/pythonpath.dsv
[3.522s] -- Installing: /home/charlie/traversability_analysis_ws_ros2/install/husky_msgs/lib/python3.8/site-packages/husky_msgs/__init__.py
[3.542s] Compiling '/home/charlie/traversability_analysis_ws_ros2/install/husky_msgs/lib/python3.8/site-packages/husky_msgs/__init__.py'...
[3.545s] -- Installing: /home/charlie/traversability_analysis_ws_ros2/install/husky_msgs/lib/python3.8/site-packages/husky_msgs/msg
[3.545s] -- Installing: /home/charlie/traversability_analysis_ws_ros2/install/husky_msgs/lib/python3.8/site-packages/husky_msgs/msg/_husky_status.py
[3.545s] -- Installing: /home/charlie/traversability_analysis_ws_ros2/install/husky_msgs/lib/python3.8/site-packages/husky_msgs/msg/_husky_status_s.c
[3.545s] -- Installing: /home/charlie/traversability_analysis_ws_ros2/install/husky_msgs/lib/python3.8/site-packages/husky_msgs/msg/__init__.py
[3.545s] -- Installing: /home/charlie/traversability_analysis_ws_ros2/install/husky_msgs/lib/python3.8/site-packages/husky_msgs/husky_msgs_s__rosidl_typesupport_fastrtps_c.cpython-38-x86_64-linux-gnu.so
[3.545s] -- Set runtime path of "/home/charlie/traversability_analysis_ws_ros2/install/husky_msgs/lib/python3.8/site-packages/husky_msgs/husky_msgs_s__rosidl_typesupport_fastrtps_c.cpython-38-x86_64-linux-gnu.so" to ""
[3.545s] -- Installing: /home/charlie/traversability_analysis_ws_ros2/install/husky_msgs/lib/python3.8/site-packages/husky_msgs/husky_msgs_s__rosidl_typesupport_introspection_c.cpython-38-x86_64-linux-gnu.so
[3.546s] -- Set runtime path of "/home/charlie/traversability_analysis_ws_ros2/install/husky_msgs/lib/python3.8/site-packages/husky_msgs/husky_msgs_s__rosidl_typesupport_introspection_c.cpython-38-x86_64-linux-gnu.so" to ""
[3.546s] -- Installing: /home/charlie/traversability_analysis_ws_ros2/install/husky_msgs/lib/python3.8/site-packages/husky_msgs/husky_msgs_s__rosidl_typesupport_c.cpython-38-x86_64-linux-gnu.so
[3.546s] -- Set runtime path of "/home/charlie/traversability_analysis_ws_ros2/install/husky_msgs/lib/python3.8/site-packages/husky_msgs/husky_msgs_s__rosidl_typesupport_c.cpython-38-x86_64-linux-gnu.so" to ""
[3.546s] -- Installing: /home/charlie/traversability_analysis_ws_ros2/install/husky_msgs/lib/libhusky_msgs__python.so
[3.546s] -- Set runtime path of "/home/charlie/traversability_analysis_ws_ros2/install/husky_msgs/lib/libhusky_msgs__python.so" to ""
[3.546s] -- Installing: /home/charlie/traversability_analysis_ws_ros2/install/husky_msgs/share/husky_msgs/msg/HuskyStatus.idl
[3.546s] -- Installing: /home/charlie/traversability_analysis_ws_ros2/install/husky_msgs/share/husky_msgs/msg/HuskyStatus.msg
[3.546s] -- Installing: /home/charlie/traversability_analysis_ws_ros2/install/husky_msgs/share/ament_index/resource_index/package_run_dependencies/husky_msgs
[3.546s] -- Installing: /home/charlie/traversability_analysis_ws_ros2/install/husky_msgs/share/ament_index/resource_index/parent_prefix_path/husky_msgs
[3.546s] -- Installing: /home/charlie/traversability_analysis_ws_ros2/install/husky_msgs/share/husky_msgs/environment/ament_prefix_path.sh
[3.546s] -- Installing: /home/charlie/traversability_analysis_ws_ros2/install/husky_msgs/share/husky_msgs/environment/ament_prefix_path.dsv
[3.546s] -- Installing: /home/charlie/traversability_analysis_ws_ros2/install/husky_msgs/share/husky_msgs/environment/path.sh
[3.547s] -- Installing: /home/charlie/traversability_analysis_ws_ros2/install/husky_msgs/share/husky_msgs/environment/path.dsv
[3.547s] -- Installing: /home/charlie/traversability_analysis_ws_ros2/install/husky_msgs/share/husky_msgs/local_setup.bash
[3.547s] -- Installing: /home/charlie/traversability_analysis_ws_ros2/install/husky_msgs/share/husky_msgs/local_setup.sh
[3.547s] -- Installing: /home/charlie/traversability_analysis_ws_ros2/install/husky_msgs/share/husky_msgs/local_setup.zsh
[3.547s] -- Installing: /home/charlie/traversability_analysis_ws_ros2/install/husky_msgs/share/husky_msgs/local_setup.dsv
[3.547s] -- Installing: /home/charlie/traversability_analysis_ws_ros2/install/husky_msgs/share/husky_msgs/package.dsv
[3.547s] -- Installing: /home/charlie/traversability_analysis_ws_ros2/install/husky_msgs/share/ament_index/resource_index/packages/husky_msgs
[3.547s] -- Installing: /home/charlie/traversability_analysis_ws_ros2/install/husky_msgs/share/husky_msgs/cmake/husky_msgs__rosidl_generator_cExport.cmake
[3.547s] -- Installing: /home/charlie/traversability_analysis_ws_ros2/install/husky_msgs/share/husky_msgs/cmake/husky_msgs__rosidl_generator_cExport-noconfig.cmake
[3.547s] -- Installing: /home/charlie/traversability_analysis_ws_ros2/install/husky_msgs/share/husky_msgs/cmake/husky_msgs__rosidl_typesupport_introspection_cExport.cmake
[3.547s] -- Installing: /home/charlie/traversability_analysis_ws_ros2/install/husky_msgs/share/husky_msgs/cmake/husky_msgs__rosidl_typesupport_introspection_cExport-noconfig.cmake
[3.547s] -- Installing: /home/charlie/traversability_analysis_ws_ros2/install/husky_msgs/share/husky_msgs/cmake/husky_msgs__rosidl_typesupport_cExport.cmake
[3.547s] -- Installing: /home/charlie/traversability_analysis_ws_ros2/install/husky_msgs/share/husky_msgs/cmake/husky_msgs__rosidl_typesupport_cExport-noconfig.cmake
[3.547s] -- Installing: /home/charlie/traversability_analysis_ws_ros2/install/husky_msgs/share/husky_msgs/cmake/husky_msgs__rosidl_generator_cppExport.cmake
[3.548s] -- Installing: /home/charlie/traversability_analysis_ws_ros2/install/husky_msgs/share/husky_msgs/cmake/husky_msgs__rosidl_typesupport_introspection_cppExport.cmake
[3.548s] -- Installing: /home/charlie/traversability_analysis_ws_ros2/install/husky_msgs/share/husky_msgs/cmake/husky_msgs__rosidl_typesupport_introspection_cppExport-noconfig.cmake
[3.548s] -- Installing: /home/charlie/traversability_analysis_ws_ros2/install/husky_msgs/share/husky_msgs/cmake/husky_msgs__rosidl_typesupport_cppExport.cmake
[3.548s] -- Installing: /home/charlie/traversability_analysis_ws_ros2/install/husky_msgs/share/husky_msgs/cmake/husky_msgs__rosidl_typesupport_cppExport-noconfig.cmake
[3.548s] -- Installing: /home/charlie/traversability_analysis_ws_ros2/install/husky_msgs/share/husky_msgs/cmake/rosidl_cmake-extras.cmake
[3.548s] -- Installing: /home/charlie/traversability_analysis_ws_ros2/install/husky_msgs/share/husky_msgs/cmake/ament_cmake_export_dependencies-extras.cmake
[3.548s] -- Installing: /home/charlie/traversability_analysis_ws_ros2/install/husky_msgs/share/husky_msgs/cmake/ament_cmake_export_libraries-extras.cmake
[3.548s] -- Installing: /home/charlie/traversability_analysis_ws_ros2/install/husky_msgs/share/husky_msgs/cmake/ament_cmake_export_targets-extras.cmake
[3.548s] -- Installing: /home/charlie/traversability_analysis_ws_ros2/install/husky_msgs/share/husky_msgs/cmake/ament_cmake_export_include_directories-extras.cmake
[3.548s] -- Installing: /home/charlie/traversability_analysis_ws_ros2/install/husky_msgs/share/husky_msgs/cmake/rosidl_cmake_export_typesupport_libraries-extras.cmake
[3.548s] -- Installing: /home/charlie/traversability_analysis_ws_ros2/install/husky_msgs/share/husky_msgs/cmake/rosidl_cmake_export_typesupport_targets-extras.cmake
[3.548s] -- Installing: /home/charlie/traversability_analysis_ws_ros2/install/husky_msgs/share/husky_msgs/cmake/husky_msgsConfig.cmake
[3.548s] -- Installing: /home/charlie/traversability_analysis_ws_ros2/install/husky_msgs/share/husky_msgs/cmake/husky_msgsConfig-version.cmake
[3.548s] -- Installing: /home/charlie/traversability_analysis_ws_ros2/install/husky_msgs/share/husky_msgs/package.xml
[3.550s] Invoked command in '/home/charlie/traversability_analysis_ws_ros2/build/husky_msgs' returned '0': CMAKE_PREFIX_PATH=${CMAKE_PREFIX_PATH}:/home/charlie/traversability_analysis_ws_ros2/install/simulation:/opt/ros/foxy /usr/bin/cmake --install /home/charlie/traversability_analysis_ws_ros2/build/husky_msgs
