[0.049s] Invoking command in '/home/charlie/traversability_analysis_ws_ros2/build/gazebo_map_creator_interface': CMAKE_PREFIX_PATH=${CMAKE_PREFIX_PATH}:/home/charlie/traversability_analysis_ws_ros2/install/simulation:/home/charlie/traversability_analysis_ws_ros2/install/evaluation:/home/charlie/traversability_analysis_ws_ros2/install/dataset_generation_training:/opt/ros/foxy /usr/bin/cmake --build /home/charlie/traversability_analysis_ws_ros2/build/gazebo_map_creator_interface -- -j16 -l16
[0.614s] [  3%] Built target gazebo_map_creator_interface__cpp
[0.614s] [ 12%] Built target gazebo_map_creator_interface__rosidl_generator_c
[0.614s] [ 22%] Built target gazebo_map_creator_interface__rosidl_typesupport_introspection_cpp
[0.614s] [ 32%] Built target gazebo_map_creator_interface__rosidl_typesupport_cpp
[0.614s] [ 41%] Built target gazebo_map_creator_interface__rosidl_typesupport_c
[0.614s] [ 51%] Built target gazebo_map_creator_interface__rosidl_typesupport_introspection_c
[0.614s] [ 61%] Built target gazebo_map_creator_interface__rosidl_typesupport_fastrtps_cpp
[0.614s] [ 70%] Built target gazebo_map_creator_interface__rosidl_typesupport_fastrtps_c
[0.614s] [ 70%] Built target gazebo_map_creator_interface
[0.614s] [ 74%] Built target gazebo_map_creator_interface__py
[0.614s] [ 80%] Built target gazebo_map_creator_interface__python
[0.614s] [ 87%] Built target gazebo_map_creator_interface__rosidl_typesupport_fastrtps_c__pyext
[0.614s] [ 93%] Built target gazebo_map_creator_interface__rosidl_typesupport_c__pyext
[0.614s] [100%] Built target gazebo_map_creator_interface__rosidl_typesupport_introspection_c__pyext
[0.879s] Invoked command in '/home/charlie/traversability_analysis_ws_ros2/build/gazebo_map_creator_interface' returned '0': CMAKE_PREFIX_PATH=${CMAKE_PREFIX_PATH}:/home/charlie/traversability_analysis_ws_ros2/install/simulation:/home/charlie/traversability_analysis_ws_ros2/install/evaluation:/home/charlie/traversability_analysis_ws_ros2/install/dataset_generation_training:/opt/ros/foxy /usr/bin/cmake --build /home/charlie/traversability_analysis_ws_ros2/build/gazebo_map_creator_interface -- -j16 -l16
[0.936s] Invoking command in '/home/charlie/traversability_analysis_ws_ros2/build/gazebo_map_creator_interface': CMAKE_PREFIX_PATH=${CMAKE_PREFIX_PATH}:/home/charlie/traversability_analysis_ws_ros2/install/simulation:/home/charlie/traversability_analysis_ws_ros2/install/evaluation:/home/charlie/traversability_analysis_ws_ros2/install/dataset_generation_training:/opt/ros/foxy /usr/bin/cmake --install /home/charlie/traversability_analysis_ws_ros2/build/gazebo_map_creator_interface
[0.943s] -- Install configuration: ""
[0.943s] -- Up-to-date: /home/charlie/traversability_analysis_ws_ros2/install/gazebo_map_creator_interface/share/ament_index/resource_index/rosidl_interfaces/gazebo_map_creator_interface
[0.943s] -- Up-to-date: /home/charlie/traversability_analysis_ws_ros2/install/gazebo_map_creator_interface/include/gazebo_map_creator_interface
[0.943s] -- Up-to-date: /home/charlie/traversability_analysis_ws_ros2/install/gazebo_map_creator_interface/include/gazebo_map_creator_interface/msg
[0.943s] -- Up-to-date: /home/charlie/traversability_analysis_ws_ros2/install/gazebo_map_creator_interface/include/gazebo_map_creator_interface/msg/rosidl_generator_c__visibility_control.h
[0.943s] -- Up-to-date: /home/charlie/traversability_analysis_ws_ros2/install/gazebo_map_creator_interface/include/gazebo_map_creator_interface/srv
[0.943s] -- Up-to-date: /home/charlie/traversability_analysis_ws_ros2/install/gazebo_map_creator_interface/include/gazebo_map_creator_interface/srv/map_request.h
[0.943s] -- Up-to-date: /home/charlie/traversability_analysis_ws_ros2/install/gazebo_map_creator_interface/include/gazebo_map_creator_interface/srv/detail
[0.944s] -- Up-to-date: /home/charlie/traversability_analysis_ws_ros2/install/gazebo_map_creator_interface/include/gazebo_map_creator_interface/srv/detail/map_request__functions.c
[0.944s] -- Up-to-date: /home/charlie/traversability_analysis_ws_ros2/install/gazebo_map_creator_interface/include/gazebo_map_creator_interface/srv/detail/map_request__struct.h
[0.944s] -- Up-to-date: /home/charlie/traversability_analysis_ws_ros2/install/gazebo_map_creator_interface/include/gazebo_map_creator_interface/srv/detail/map_request__type_support.h
[0.944s] -- Up-to-date: /home/charlie/traversability_analysis_ws_ros2/install/gazebo_map_creator_interface/include/gazebo_map_creator_interface/srv/detail/map_request__functions.h
[0.944s] -- Up-to-date: /home/charlie/traversability_analysis_ws_ros2/install/gazebo_map_creator_interface/share/gazebo_map_creator_interface/environment/library_path.sh
[0.944s] -- Up-to-date: /home/charlie/traversability_analysis_ws_ros2/install/gazebo_map_creator_interface/share/gazebo_map_creator_interface/environment/library_path.dsv
[0.944s] -- Up-to-date: /home/charlie/traversability_analysis_ws_ros2/install/gazebo_map_creator_interface/lib/libgazebo_map_creator_interface__rosidl_generator_c.so
[0.944s] -- Up-to-date: /home/charlie/traversability_analysis_ws_ros2/install/gazebo_map_creator_interface/include/gazebo_map_creator_interface
[0.944s] -- Up-to-date: /home/charlie/traversability_analysis_ws_ros2/install/gazebo_map_creator_interface/include/gazebo_map_creator_interface/msg
[0.945s] -- Up-to-date: /home/charlie/traversability_analysis_ws_ros2/install/gazebo_map_creator_interface/include/gazebo_map_creator_interface/msg/rosidl_typesupport_fastrtps_c__visibility_control.h
[0.946s] -- Up-to-date: /home/charlie/traversability_analysis_ws_ros2/install/gazebo_map_creator_interface/include/gazebo_map_creator_interface/srv
[0.946s] -- Up-to-date: /home/charlie/traversability_analysis_ws_ros2/install/gazebo_map_creator_interface/include/gazebo_map_creator_interface/srv/detail
[0.946s] -- Up-to-date: /home/charlie/traversability_analysis_ws_ros2/install/gazebo_map_creator_interface/include/gazebo_map_creator_interface/srv/detail/map_request__rosidl_typesupport_fastrtps_c.h
[0.946s] -- Up-to-date: /home/charlie/traversability_analysis_ws_ros2/install/gazebo_map_creator_interface/lib/libgazebo_map_creator_interface__rosidl_typesupport_fastrtps_c.so
[0.946s] -- Up-to-date: /home/charlie/traversability_analysis_ws_ros2/install/gazebo_map_creator_interface/include/gazebo_map_creator_interface
[0.946s] -- Up-to-date: /home/charlie/traversability_analysis_ws_ros2/install/gazebo_map_creator_interface/include/gazebo_map_creator_interface/msg
[0.946s] -- Up-to-date: /home/charlie/traversability_analysis_ws_ros2/install/gazebo_map_creator_interface/include/gazebo_map_creator_interface/msg/rosidl_typesupport_fastrtps_cpp__visibility_control.h
[0.946s] -- Up-to-date: /home/charlie/traversability_analysis_ws_ros2/install/gazebo_map_creator_interface/include/gazebo_map_creator_interface/srv
[0.946s] -- Up-to-date: /home/charlie/traversability_analysis_ws_ros2/install/gazebo_map_creator_interface/include/gazebo_map_creator_interface/srv/detail
[0.946s] -- Up-to-date: /home/charlie/traversability_analysis_ws_ros2/install/gazebo_map_creator_interface/include/gazebo_map_creator_interface/srv/detail/map_request__rosidl_typesupport_fastrtps_cpp.hpp
[0.946s] -- Up-to-date: /home/charlie/traversability_analysis_ws_ros2/install/gazebo_map_creator_interface/include/gazebo_map_creator_interface/srv/detail/dds_fastrtps
[0.946s] -- Up-to-date: /home/charlie/traversability_analysis_ws_ros2/install/gazebo_map_creator_interface/lib/libgazebo_map_creator_interface__rosidl_typesupport_fastrtps_cpp.so
[0.947s] -- Up-to-date: /home/charlie/traversability_analysis_ws_ros2/install/gazebo_map_creator_interface/include/gazebo_map_creator_interface
[0.947s] -- Up-to-date: /home/charlie/traversability_analysis_ws_ros2/install/gazebo_map_creator_interface/include/gazebo_map_creator_interface/msg
[0.947s] -- Up-to-date: /home/charlie/traversability_analysis_ws_ros2/install/gazebo_map_creator_interface/include/gazebo_map_creator_interface/msg/rosidl_typesupport_introspection_c__visibility_control.h
[0.947s] -- Up-to-date: /home/charlie/traversability_analysis_ws_ros2/install/gazebo_map_creator_interface/include/gazebo_map_creator_interface/srv
[0.954s] -- Up-to-date: /home/charlie/traversability_analysis_ws_ros2/install/gazebo_map_creator_interface/include/gazebo_map_creator_interface/srv/detail
[0.954s] -- Up-to-date: /home/charlie/traversability_analysis_ws_ros2/install/gazebo_map_creator_interface/include/gazebo_map_creator_interface/srv/detail/map_request__type_support.c
[0.954s] -- Up-to-date: /home/charlie/traversability_analysis_ws_ros2/install/gazebo_map_creator_interface/include/gazebo_map_creator_interface/srv/detail/map_request__rosidl_typesupport_introspection_c.h
[0.958s] -- Up-to-date: /home/charlie/traversability_analysis_ws_ros2/install/gazebo_map_creator_interface/lib/libgazebo_map_creator_interface__rosidl_typesupport_introspection_c.so
[0.959s] -- Up-to-date: /home/charlie/traversability_analysis_ws_ros2/install/gazebo_map_creator_interface/lib/libgazebo_map_creator_interface__rosidl_typesupport_c.so
[0.963s] -- Up-to-date: /home/charlie/traversability_analysis_ws_ros2/install/gazebo_map_creator_interface/include/gazebo_map_creator_interface
[0.963s] -- Up-to-date: /home/charlie/traversability_analysis_ws_ros2/install/gazebo_map_creator_interface/include/gazebo_map_creator_interface/srv
[0.964s] -- Up-to-date: /home/charlie/traversability_analysis_ws_ros2/install/gazebo_map_creator_interface/include/gazebo_map_creator_interface/srv/map_request.hpp
[0.964s] -- Up-to-date: /home/charlie/traversability_analysis_ws_ros2/install/gazebo_map_creator_interface/include/gazebo_map_creator_interface/srv/detail
[0.964s] -- Up-to-date: /home/charlie/traversability_analysis_ws_ros2/install/gazebo_map_creator_interface/include/gazebo_map_creator_interface/srv/detail/map_request__traits.hpp
[0.964s] -- Up-to-date: /home/charlie/traversability_analysis_ws_ros2/install/gazebo_map_creator_interface/include/gazebo_map_creator_interface/srv/detail/map_request__builder.hpp
[0.964s] -- Up-to-date: /home/charlie/traversability_analysis_ws_ros2/install/gazebo_map_creator_interface/include/gazebo_map_creator_interface/srv/detail/map_request__struct.hpp
[0.968s] -- Up-to-date: /home/charlie/traversability_analysis_ws_ros2/install/gazebo_map_creator_interface/include/gazebo_map_creator_interface
[0.968s] -- Up-to-date: /home/charlie/traversability_analysis_ws_ros2/install/gazebo_map_creator_interface/include/gazebo_map_creator_interface/srv
[0.968s] -- Up-to-date: /home/charlie/traversability_analysis_ws_ros2/install/gazebo_map_creator_interface/include/gazebo_map_creator_interface/srv/detail
[0.969s] -- Up-to-date: /home/charlie/traversability_analysis_ws_ros2/install/gazebo_map_creator_interface/include/gazebo_map_creator_interface/srv/detail/map_request__rosidl_typesupport_introspection_cpp.hpp
[0.969s] -- Up-to-date: /home/charlie/traversability_analysis_ws_ros2/install/gazebo_map_creator_interface/include/gazebo_map_creator_interface/srv/detail/map_request__type_support.cpp
[0.969s] -- Up-to-date: /home/charlie/traversability_analysis_ws_ros2/install/gazebo_map_creator_interface/lib/libgazebo_map_creator_interface__rosidl_typesupport_introspection_cpp.so
[0.969s] -- Up-to-date: /home/charlie/traversability_analysis_ws_ros2/install/gazebo_map_creator_interface/lib/libgazebo_map_creator_interface__rosidl_typesupport_cpp.so
[0.969s] -- Up-to-date: /home/charlie/traversability_analysis_ws_ros2/install/gazebo_map_creator_interface/share/gazebo_map_creator_interface/environment/pythonpath.sh
[0.969s] -- Up-to-date: /home/charlie/traversability_analysis_ws_ros2/install/gazebo_map_creator_interface/share/gazebo_map_creator_interface/environment/pythonpath.dsv
[0.969s] -- Up-to-date: /home/charlie/traversability_analysis_ws_ros2/install/gazebo_map_creator_interface/lib/python3.8/site-packages/gazebo_map_creator_interface/__init__.py
[0.977s] -- Up-to-date: /home/charlie/traversability_analysis_ws_ros2/install/gazebo_map_creator_interface/lib/python3.8/site-packages/gazebo_map_creator_interface/srv
[0.979s] -- Up-to-date: /home/charlie/traversability_analysis_ws_ros2/install/gazebo_map_creator_interface/lib/python3.8/site-packages/gazebo_map_creator_interface/srv/_map_request.py
[0.979s] -- Up-to-date: /home/charlie/traversability_analysis_ws_ros2/install/gazebo_map_creator_interface/lib/python3.8/site-packages/gazebo_map_creator_interface/srv/__init__.py
[0.980s] -- Up-to-date: /home/charlie/traversability_analysis_ws_ros2/install/gazebo_map_creator_interface/lib/python3.8/site-packages/gazebo_map_creator_interface/srv/_map_request_s.c
[0.983s] -- Up-to-date: /home/charlie/traversability_analysis_ws_ros2/install/gazebo_map_creator_interface/lib/python3.8/site-packages/gazebo_map_creator_interface/gazebo_map_creator_interface_s__rosidl_typesupport_fastrtps_c.cpython-38-x86_64-linux-gnu.so
[0.984s] -- Up-to-date: /home/charlie/traversability_analysis_ws_ros2/install/gazebo_map_creator_interface/lib/python3.8/site-packages/gazebo_map_creator_interface/gazebo_map_creator_interface_s__rosidl_typesupport_introspection_c.cpython-38-x86_64-linux-gnu.so
[0.984s] -- Up-to-date: /home/charlie/traversability_analysis_ws_ros2/install/gazebo_map_creator_interface/lib/python3.8/site-packages/gazebo_map_creator_interface/gazebo_map_creator_interface_s__rosidl_typesupport_c.cpython-38-x86_64-linux-gnu.so
[0.987s] -- Up-to-date: /home/charlie/traversability_analysis_ws_ros2/install/gazebo_map_creator_interface/lib/libgazebo_map_creator_interface__python.so
[0.987s] -- Up-to-date: /home/charlie/traversability_analysis_ws_ros2/install/gazebo_map_creator_interface/share/gazebo_map_creator_interface/srv/MapRequest.idl
[0.987s] -- Up-to-date: /home/charlie/traversability_analysis_ws_ros2/install/gazebo_map_creator_interface/share/gazebo_map_creator_interface/srv/MapRequest.srv
[0.989s] -- Up-to-date: /home/charlie/traversability_analysis_ws_ros2/install/gazebo_map_creator_interface/share/gazebo_map_creator_interface/srv/MapRequest_Request.msg
[0.989s] -- Up-to-date: /home/charlie/traversability_analysis_ws_ros2/install/gazebo_map_creator_interface/share/gazebo_map_creator_interface/srv/MapRequest_Response.msg
[0.989s] -- Up-to-date: /home/charlie/traversability_analysis_ws_ros2/install/gazebo_map_creator_interface/share/ament_index/resource_index/package_run_dependencies/gazebo_map_creator_interface
[0.989s] -- Up-to-date: /home/charlie/traversability_analysis_ws_ros2/install/gazebo_map_creator_interface/share/ament_index/resource_index/parent_prefix_path/gazebo_map_creator_interface
[0.989s] -- Up-to-date: /home/charlie/traversability_analysis_ws_ros2/install/gazebo_map_creator_interface/share/gazebo_map_creator_interface/environment/ament_prefix_path.sh
[0.989s] -- Up-to-date: /home/charlie/traversability_analysis_ws_ros2/install/gazebo_map_creator_interface/share/gazebo_map_creator_interface/environment/ament_prefix_path.dsv
[0.989s] -- Up-to-date: /home/charlie/traversability_analysis_ws_ros2/install/gazebo_map_creator_interface/share/gazebo_map_creator_interface/environment/path.sh
[0.990s] -- Up-to-date: /home/charlie/traversability_analysis_ws_ros2/install/gazebo_map_creator_interface/share/gazebo_map_creator_interface/environment/path.dsv
[0.990s] -- Up-to-date: /home/charlie/traversability_analysis_ws_ros2/install/gazebo_map_creator_interface/share/gazebo_map_creator_interface/local_setup.bash
[0.990s] -- Up-to-date: /home/charlie/traversability_analysis_ws_ros2/install/gazebo_map_creator_interface/share/gazebo_map_creator_interface/local_setup.sh
[0.990s] -- Up-to-date: /home/charlie/traversability_analysis_ws_ros2/install/gazebo_map_creator_interface/share/gazebo_map_creator_interface/local_setup.zsh
[0.991s] -- Up-to-date: /home/charlie/traversability_analysis_ws_ros2/install/gazebo_map_creator_interface/share/gazebo_map_creator_interface/local_setup.dsv
[0.991s] -- Installing: /home/charlie/traversability_analysis_ws_ros2/install/gazebo_map_creator_interface/share/gazebo_map_creator_interface/package.dsv
[0.991s] -- Up-to-date: /home/charlie/traversability_analysis_ws_ros2/install/gazebo_map_creator_interface/share/ament_index/resource_index/packages/gazebo_map_creator_interface
[0.992s] -- Up-to-date: /home/charlie/traversability_analysis_ws_ros2/install/gazebo_map_creator_interface/share/gazebo_map_creator_interface/cmake/gazebo_map_creator_interface__rosidl_generator_cExport.cmake
[0.992s] -- Up-to-date: /home/charlie/traversability_analysis_ws_ros2/install/gazebo_map_creator_interface/share/gazebo_map_creator_interface/cmake/gazebo_map_creator_interface__rosidl_generator_cExport-noconfig.cmake
[0.993s] -- Up-to-date: /home/charlie/traversability_analysis_ws_ros2/install/gazebo_map_creator_interface/share/gazebo_map_creator_interface/cmake/gazebo_map_creator_interface__rosidl_typesupport_introspection_cExport.cmake
[0.993s] -- Up-to-date: /home/charlie/traversability_analysis_ws_ros2/install/gazebo_map_creator_interface/share/gazebo_map_creator_interface/cmake/gazebo_map_creator_interface__rosidl_typesupport_introspection_cExport-noconfig.cmake
[0.999s] -- Up-to-date: /home/charlie/traversability_analysis_ws_ros2/install/gazebo_map_creator_interface/share/gazebo_map_creator_interface/cmake/gazebo_map_creator_interface__rosidl_typesupport_cExport.cmake
[0.999s] -- Up-to-date: /home/charlie/traversability_analysis_ws_ros2/install/gazebo_map_creator_interface/share/gazebo_map_creator_interface/cmake/gazebo_map_creator_interface__rosidl_typesupport_cExport-noconfig.cmake
[0.999s] -- Up-to-date: /home/charlie/traversability_analysis_ws_ros2/install/gazebo_map_creator_interface/share/gazebo_map_creator_interface/cmake/gazebo_map_creator_interface__rosidl_generator_cppExport.cmake
[1.000s] -- Up-to-date: /home/charlie/traversability_analysis_ws_ros2/install/gazebo_map_creator_interface/share/gazebo_map_creator_interface/cmake/gazebo_map_creator_interface__rosidl_typesupport_introspection_cppExport.cmake
[1.000s] -- Up-to-date: /home/charlie/traversability_analysis_ws_ros2/install/gazebo_map_creator_interface/share/gazebo_map_creator_interface/cmake/gazebo_map_creator_interface__rosidl_typesupport_introspection_cppExport-noconfig.cmake
[1.000s] -- Up-to-date: /home/charlie/traversability_analysis_ws_ros2/install/gazebo_map_creator_interface/share/gazebo_map_creator_interface/cmake/gazebo_map_creator_interface__rosidl_typesupport_cppExport.cmake
[1.000s] -- Up-to-date: /home/charlie/traversability_analysis_ws_ros2/install/gazebo_map_creator_interface/share/gazebo_map_creator_interface/cmake/gazebo_map_creator_interface__rosidl_typesupport_cppExport-noconfig.cmake
[1.000s] -- Up-to-date: /home/charlie/traversability_analysis_ws_ros2/install/gazebo_map_creator_interface/share/gazebo_map_creator_interface/cmake/rosidl_cmake-extras.cmake
[1.000s] -- Up-to-date: /home/charlie/traversability_analysis_ws_ros2/install/gazebo_map_creator_interface/share/gazebo_map_creator_interface/cmake/ament_cmake_export_dependencies-extras.cmake
[1.003s] -- Up-to-date: /home/charlie/traversability_analysis_ws_ros2/install/gazebo_map_creator_interface/share/gazebo_map_creator_interface/cmake/ament_cmake_export_libraries-extras.cmake
[1.003s] -- Up-to-date: /home/charlie/traversability_analysis_ws_ros2/install/gazebo_map_creator_interface/share/gazebo_map_creator_interface/cmake/ament_cmake_export_targets-extras.cmake
[1.004s] -- Up-to-date: /home/charlie/traversability_analysis_ws_ros2/install/gazebo_map_creator_interface/share/gazebo_map_creator_interface/cmake/ament_cmake_export_include_directories-extras.cmake
[1.007s] -- Up-to-date: /home/charlie/traversability_analysis_ws_ros2/install/gazebo_map_creator_interface/share/gazebo_map_creator_interface/cmake/rosidl_cmake_export_typesupport_libraries-extras.cmake
[1.008s] -- Up-to-date: /home/charlie/traversability_analysis_ws_ros2/install/gazebo_map_creator_interface/share/gazebo_map_creator_interface/cmake/rosidl_cmake_export_typesupport_targets-extras.cmake
[1.008s] -- Up-to-date: /home/charlie/traversability_analysis_ws_ros2/install/gazebo_map_creator_interface/share/gazebo_map_creator_interface/cmake/gazebo_map_creator_interfaceConfig.cmake
[1.008s] -- Up-to-date: /home/charlie/traversability_analysis_ws_ros2/install/gazebo_map_creator_interface/share/gazebo_map_creator_interface/cmake/gazebo_map_creator_interfaceConfig-version.cmake
[1.008s] -- Up-to-date: /home/charlie/traversability_analysis_ws_ros2/install/gazebo_map_creator_interface/share/gazebo_map_creator_interface/package.xml
[1.016s] Invoked command in '/home/charlie/traversability_analysis_ws_ros2/build/gazebo_map_creator_interface' returned '0': CMAKE_PREFIX_PATH=${CMAKE_PREFIX_PATH}:/home/charlie/traversability_analysis_ws_ros2/install/simulation:/home/charlie/traversability_analysis_ws_ros2/install/evaluation:/home/charlie/traversability_analysis_ws_ros2/install/dataset_generation_training:/opt/ros/foxy /usr/bin/cmake --install /home/charlie/traversability_analysis_ws_ros2/build/gazebo_map_creator_interface
