-- Install configuration: ""
-- Up-to-date: /home/charlie/traversability_analysis_ws_ros2/install/husky_gazebo/share/husky_gazebo/launch
-- Up-to-date: /home/charlie/traversability_analysis_ws_ros2/install/husky_gazebo/share/husky_gazebo/launch/custom_world.launch.py
-- Up-to-date: /home/charlie/traversability_analysis_ws_ros2/install/husky_gazebo/share/husky_gazebo/launch/realsense.launch
-- Up-to-date: /home/charlie/traversability_analysis_ws_ros2/install/husky_gazebo/share/husky_gazebo/launch/husky_playpen.launch.py
-- Up-to-date: /home/charlie/traversability_analysis_ws_ros2/install/husky_gazebo/share/husky_gazebo/launch/spawn_husky.launch
-- Up-to-date: /home/charlie/traversability_analysis_ws_ros2/install/husky_gazebo/share/husky_gazebo/launch/gazebo.launch.py
-- Installing: /home/charlie/traversability_analysis_ws_ros2/install/husky_gazebo/share/husky_gazebo/launch/husky_empty_world.launch
-- Up-to-date: /home/charlie/traversability_analysis_ws_ros2/install/husky_gazebo/share/husky_gazebo/launch/playpen.launch
-- Up-to-date: /home/charlie/traversability_analysis_ws_ros2/install/husky_gazebo/share/husky_gazebo/launch/multi_husky_playpen.launch
-- Up-to-date: /home/charlie/traversability_analysis_ws_ros2/install/husky_gazebo/share/husky_gazebo/worlds
-- Up-to-date: /home/charlie/traversability_analysis_ws_ros2/install/husky_gazebo/share/husky_gazebo/worlds/staircase_world.world
-- Up-to-date: /home/charlie/traversability_analysis_ws_ros2/install/husky_gazebo/share/husky_gazebo/worlds/empty_world.world
-- Up-to-date: /home/charlie/traversability_analysis_ws_ros2/install/husky_gazebo/share/husky_gazebo/worlds/heightmaps
-- Up-to-date: /home/charlie/traversability_analysis_ws_ros2/install/husky_gazebo/share/husky_gazebo/worlds/heightmaps/bars.png
-- Up-to-date: /home/charlie/traversability_analysis_ws_ros2/install/husky_gazebo/share/husky_gazebo/worlds/heightmaps/heightmap.png
-- Up-to-date: /home/charlie/traversability_analysis_ws_ros2/install/husky_gazebo/share/husky_gazebo/worlds/heightmaps/holes1.png
-- Up-to-date: /home/charlie/traversability_analysis_ws_ros2/install/husky_gazebo/share/husky_gazebo/worlds/heightmaps/steps2.png
-- Up-to-date: /home/charlie/traversability_analysis_ws_ros2/install/husky_gazebo/share/husky_gazebo/worlds/heightmaps/slope_rocks2.png
-- Up-to-date: /home/charlie/traversability_analysis_ws_ros2/install/husky_gazebo/share/husky_gazebo/worlds/heightmaps/sullens.png
-- Up-to-date: /home/charlie/traversability_analysis_ws_ros2/install/husky_gazebo/share/husky_gazebo/worlds/heightmaps/steps1.png
-- Up-to-date: /home/charlie/traversability_analysis_ws_ros2/install/husky_gazebo/share/husky_gazebo/worlds/heightmaps/textures
-- Up-to-date: /home/charlie/traversability_analysis_ws_ros2/install/husky_gazebo/share/husky_gazebo/worlds/heightmaps/textures/normal
-- Up-to-date: /home/charlie/traversability_analysis_ws_ros2/install/husky_gazebo/share/husky_gazebo/worlds/heightmaps/textures/normal/soil_normal.png
-- Up-to-date: /home/charlie/traversability_analysis_ws_ros2/install/husky_gazebo/share/husky_gazebo/worlds/heightmaps/textures/normal/dirt_normal.png
-- Up-to-date: /home/charlie/traversability_analysis_ws_ros2/install/husky_gazebo/share/husky_gazebo/worlds/heightmaps/textures/diffuse
-- Up-to-date: /home/charlie/traversability_analysis_ws_ros2/install/husky_gazebo/share/husky_gazebo/worlds/heightmaps/textures/diffuse/dirt_diffusespecular.png
-- Up-to-date: /home/charlie/traversability_analysis_ws_ros2/install/husky_gazebo/share/husky_gazebo/worlds/heightmaps/textures/diffuse/soil_diffuse.png
-- Up-to-date: /home/charlie/traversability_analysis_ws_ros2/install/husky_gazebo/share/husky_gazebo/worlds/heightmap_world.world
-- Up-to-date: /home/charlie/traversability_analysis_ws_ros2/install/husky_gazebo/share/husky_gazebo/worlds/clearpath_playpen.world
-- Up-to-date: /home/charlie/traversability_analysis_ws_ros2/install/husky_gazebo/share/ament_index/resource_index/package_run_dependencies/husky_gazebo
-- Up-to-date: /home/charlie/traversability_analysis_ws_ros2/install/husky_gazebo/share/ament_index/resource_index/parent_prefix_path/husky_gazebo
-- Up-to-date: /home/charlie/traversability_analysis_ws_ros2/install/husky_gazebo/share/husky_gazebo/environment/ament_prefix_path.sh
-- Up-to-date: /home/charlie/traversability_analysis_ws_ros2/install/husky_gazebo/share/husky_gazebo/environment/ament_prefix_path.dsv
-- Up-to-date: /home/charlie/traversability_analysis_ws_ros2/install/husky_gazebo/share/husky_gazebo/environment/path.sh
-- Up-to-date: /home/charlie/traversability_analysis_ws_ros2/install/husky_gazebo/share/husky_gazebo/environment/path.dsv
-- Up-to-date: /home/charlie/traversability_analysis_ws_ros2/install/husky_gazebo/share/husky_gazebo/local_setup.bash
-- Up-to-date: /home/charlie/traversability_analysis_ws_ros2/install/husky_gazebo/share/husky_gazebo/local_setup.sh
-- Up-to-date: /home/charlie/traversability_analysis_ws_ros2/install/husky_gazebo/share/husky_gazebo/local_setup.zsh
-- Up-to-date: /home/charlie/traversability_analysis_ws_ros2/install/husky_gazebo/share/husky_gazebo/local_setup.dsv
-- Installing: /home/charlie/traversability_analysis_ws_ros2/install/husky_gazebo/share/husky_gazebo/package.dsv
-- Up-to-date: /home/charlie/traversability_analysis_ws_ros2/install/husky_gazebo/share/ament_index/resource_index/packages/husky_gazebo
-- Up-to-date: /home/charlie/traversability_analysis_ws_ros2/install/husky_gazebo/share/husky_gazebo/cmake/husky_gazeboConfig.cmake
-- Up-to-date: /home/charlie/traversability_analysis_ws_ros2/install/husky_gazebo/share/husky_gazebo/cmake/husky_gazeboConfig-version.cmake
-- Up-to-date: /home/charlie/traversability_analysis_ws_ros2/install/husky_gazebo/share/husky_gazebo/package.xml
