[0.061s] Invoking command in '/home/charlie/traversability_analysis_ws_ros2/build/husky_control': CMAKE_PREFIX_PATH=/home/charlie/traversability_analysis_ws_ros2/install/husky_description:/home/charlie/traversability_analysis_ws_ros2/install/husky_desktop:/home/charlie/traversability_analysis_ws_ros2/install/husky_viz:/home/charlie/traversability_analysis_ws_ros2/install/husky_simulator:/home/charlie/traversability_analysis_ws_ros2/install/husky_robot:/home/charlie/traversability_analysis_ws_ros2/install/husky_bringup:/home/charlie/traversability_analysis_ws_ros2/install/husky_base:/home/charlie/traversability_analysis_ws_ros2/install/husky_msgs:/home/charlie/traversability_analysis_ws_ros2/install/husky_gazebo:/home/charlie/traversability_analysis_ws_ros2/install/husky_control:/home/charlie/traversability_analysis_ws_ros2/install/gazebo_map_creator:/home/charlie/traversability_analysis_ws_ros2/install/gazebo_map_creator_interface:/home/charlie/traversability_analysis_ws_ros2/install/simulation:/opt/ros/foxy /usr/bin/cmake --build /home/charlie/traversability_analysis_ws_ros2/build/husky_control -- -j16 -l16
[0.108s] Invoked command in '/home/charlie/traversability_analysis_ws_ros2/build/husky_control' returned '0': CMAKE_PREFIX_PATH=/home/charlie/traversability_analysis_ws_ros2/install/husky_description:/home/charlie/traversability_analysis_ws_ros2/install/husky_desktop:/home/charlie/traversability_analysis_ws_ros2/install/husky_viz:/home/charlie/traversability_analysis_ws_ros2/install/husky_simulator:/home/charlie/traversability_analysis_ws_ros2/install/husky_robot:/home/charlie/traversability_analysis_ws_ros2/install/husky_bringup:/home/charlie/traversability_analysis_ws_ros2/install/husky_base:/home/charlie/traversability_analysis_ws_ros2/install/husky_msgs:/home/charlie/traversability_analysis_ws_ros2/install/husky_gazebo:/home/charlie/traversability_analysis_ws_ros2/install/husky_control:/home/charlie/traversability_analysis_ws_ros2/install/gazebo_map_creator:/home/charlie/traversability_analysis_ws_ros2/install/gazebo_map_creator_interface:/home/charlie/traversability_analysis_ws_ros2/install/simulation:/opt/ros/foxy /usr/bin/cmake --build /home/charlie/traversability_analysis_ws_ros2/build/husky_control -- -j16 -l16
[0.156s] Invoking command in '/home/charlie/traversability_analysis_ws_ros2/build/husky_control': CMAKE_PREFIX_PATH=/home/charlie/traversability_analysis_ws_ros2/install/husky_description:/home/charlie/traversability_analysis_ws_ros2/install/husky_desktop:/home/charlie/traversability_analysis_ws_ros2/install/husky_viz:/home/charlie/traversability_analysis_ws_ros2/install/husky_simulator:/home/charlie/traversability_analysis_ws_ros2/install/husky_robot:/home/charlie/traversability_analysis_ws_ros2/install/husky_bringup:/home/charlie/traversability_analysis_ws_ros2/install/husky_base:/home/charlie/traversability_analysis_ws_ros2/install/husky_msgs:/home/charlie/traversability_analysis_ws_ros2/install/husky_gazebo:/home/charlie/traversability_analysis_ws_ros2/install/husky_control:/home/charlie/traversability_analysis_ws_ros2/install/gazebo_map_creator:/home/charlie/traversability_analysis_ws_ros2/install/gazebo_map_creator_interface:/home/charlie/traversability_analysis_ws_ros2/install/simulation:/opt/ros/foxy /usr/bin/cmake --install /home/charlie/traversability_analysis_ws_ros2/build/husky_control
[0.164s] -- Install configuration: ""
[0.164s] -- Up-to-date: /home/charlie/traversability_analysis_ws_ros2/install/husky_control/share/husky_control/config
[0.164s] -- Up-to-date: /home/charlie/traversability_analysis_ws_ros2/install/husky_control/share/husky_control/config/teleop_logitech.yaml
[0.165s] -- Up-to-date: /home/charlie/traversability_analysis_ws_ros2/install/husky_control/share/husky_control/config/gazebo_interface.yaml
[0.169s] -- Up-to-date: /home/charlie/traversability_analysis_ws_ros2/install/husky_control/share/husky_control/config/public_interface.yaml
[0.169s] -- Up-to-date: /home/charlie/traversability_analysis_ws_ros2/install/husky_control/share/husky_control/config/teleop_interactive_markers.yaml
[0.169s] -- Up-to-date: /home/charlie/traversability_analysis_ws_ros2/install/husky_control/share/husky_control/config/twist_mux.yaml
[0.169s] -- Up-to-date: /home/charlie/traversability_analysis_ws_ros2/install/husky_control/share/husky_control/config/localization.yaml
[0.169s] -- Up-to-date: /home/charlie/traversability_analysis_ws_ros2/install/husky_control/share/husky_control/config/teleop_ps4.yaml
[0.170s] -- Up-to-date: /home/charlie/traversability_analysis_ws_ros2/install/husky_control/share/husky_control/config/control.yaml
[0.170s] -- Up-to-date: /home/charlie/traversability_analysis_ws_ros2/install/husky_control/share/husky_control/config/imu_filter.yaml
[0.170s] -- Up-to-date: /home/charlie/traversability_analysis_ws_ros2/install/husky_control/share/husky_control/config/empty.yaml
[0.170s] -- Up-to-date: /home/charlie/traversability_analysis_ws_ros2/install/husky_control/share/husky_control/launch
[0.170s] -- Up-to-date: /home/charlie/traversability_analysis_ws_ros2/install/husky_control/share/husky_control/launch/teleop.launch
[0.170s] -- Up-to-date: /home/charlie/traversability_analysis_ws_ros2/install/husky_control/share/husky_control/launch/teleop_joy.launch.py
[0.173s] -- Up-to-date: /home/charlie/traversability_analysis_ws_ros2/install/husky_control/share/husky_control/launch/teleop_base.launch.py
[0.173s] -- Up-to-date: /home/charlie/traversability_analysis_ws_ros2/install/husky_control/share/husky_control/launch/control.launch.py
[0.174s] -- Up-to-date: /home/charlie/traversability_analysis_ws_ros2/install/husky_control/share/husky_control/launch/control.launch
[0.174s] -- Up-to-date: /home/charlie/traversability_analysis_ws_ros2/install/husky_control/share/ament_index/resource_index/package_run_dependencies/husky_control
[0.174s] -- Up-to-date: /home/charlie/traversability_analysis_ws_ros2/install/husky_control/share/ament_index/resource_index/parent_prefix_path/husky_control
[0.174s] -- Up-to-date: /home/charlie/traversability_analysis_ws_ros2/install/husky_control/share/husky_control/environment/ament_prefix_path.sh
[0.174s] -- Up-to-date: /home/charlie/traversability_analysis_ws_ros2/install/husky_control/share/husky_control/environment/ament_prefix_path.dsv
[0.175s] -- Up-to-date: /home/charlie/traversability_analysis_ws_ros2/install/husky_control/share/husky_control/environment/path.sh
[0.178s] -- Up-to-date: /home/charlie/traversability_analysis_ws_ros2/install/husky_control/share/husky_control/environment/path.dsv
[0.178s] -- Up-to-date: /home/charlie/traversability_analysis_ws_ros2/install/husky_control/share/husky_control/local_setup.bash
[0.178s] -- Up-to-date: /home/charlie/traversability_analysis_ws_ros2/install/husky_control/share/husky_control/local_setup.sh
[0.178s] -- Up-to-date: /home/charlie/traversability_analysis_ws_ros2/install/husky_control/share/husky_control/local_setup.zsh
[0.178s] -- Up-to-date: /home/charlie/traversability_analysis_ws_ros2/install/husky_control/share/husky_control/local_setup.dsv
[0.178s] -- Installing: /home/charlie/traversability_analysis_ws_ros2/install/husky_control/share/husky_control/package.dsv
[0.178s] -- Up-to-date: /home/charlie/traversability_analysis_ws_ros2/install/husky_control/share/ament_index/resource_index/packages/husky_control
[0.178s] -- Up-to-date: /home/charlie/traversability_analysis_ws_ros2/install/husky_control/share/husky_control/cmake/husky_controlConfig.cmake
[0.178s] -- Up-to-date: /home/charlie/traversability_analysis_ws_ros2/install/husky_control/share/husky_control/cmake/husky_controlConfig-version.cmake
[0.178s] -- Up-to-date: /home/charlie/traversability_analysis_ws_ros2/install/husky_control/share/husky_control/package.xml
[0.179s] Invoked command in '/home/charlie/traversability_analysis_ws_ros2/build/husky_control' returned '0': CMAKE_PREFIX_PATH=/home/charlie/traversability_analysis_ws_ros2/install/husky_description:/home/charlie/traversability_analysis_ws_ros2/install/husky_desktop:/home/charlie/traversability_analysis_ws_ros2/install/husky_viz:/home/charlie/traversability_analysis_ws_ros2/install/husky_simulator:/home/charlie/traversability_analysis_ws_ros2/install/husky_robot:/home/charlie/traversability_analysis_ws_ros2/install/husky_bringup:/home/charlie/traversability_analysis_ws_ros2/install/husky_base:/home/charlie/traversability_analysis_ws_ros2/install/husky_msgs:/home/charlie/traversability_analysis_ws_ros2/install/husky_gazebo:/home/charlie/traversability_analysis_ws_ros2/install/husky_control:/home/charlie/traversability_analysis_ws_ros2/install/gazebo_map_creator:/home/charlie/traversability_analysis_ws_ros2/install/gazebo_map_creator_interface:/home/charlie/traversability_analysis_ws_ros2/install/simulation:/opt/ros/foxy /usr/bin/cmake --install /home/charlie/traversability_analysis_ws_ros2/build/husky_control
