/home/charlie/.local/lib/python3.8/site-packages/setuptools/dist.py:770: UserWarning: Usage of dash-separated 'script-dir' will not be supported in future versions. Please use the underscore name 'script_dir' instead
  warnings.warn(
running egg_info
creating ../../build/dataset_generation_training/dataset_generation_training.egg-info
writing ../../build/dataset_generation_training/dataset_generation_training.egg-info/PKG-INFO
writing dependency_links to ../../build/dataset_generation_training/dataset_generation_training.egg-info/dependency_links.txt
writing entry points to ../../build/dataset_generation_training/dataset_generation_training.egg-info/entry_points.txt
writing requirements to ../../build/dataset_generation_training/dataset_generation_training.egg-info/requires.txt
writing top-level names to ../../build/dataset_generation_training/dataset_generation_training.egg-info/top_level.txt
writing manifest file '../../build/dataset_generation_training/dataset_generation_training.egg-info/SOURCES.txt'
reading manifest file '../../build/dataset_generation_training/dataset_generation_training.egg-info/SOURCES.txt'
writing manifest file '../../build/dataset_generation_training/dataset_generation_training.egg-info/SOURCES.txt'
running build
running build_py
creating /home/charlie/traversability_analysis_ws_ros2/build/dataset_generation_training/build
creating /home/charlie/traversability_analysis_ws_ros2/build/dataset_generation_training/build/lib
creating /home/charlie/traversability_analysis_ws_ros2/build/dataset_generation_training/build/lib/dataset_generation_training
copying dataset_generation_training/dataset_generation_training.py -> /home/charlie/traversability_analysis_ws_ros2/build/dataset_generation_training/build/lib/dataset_generation_training
copying dataset_generation_training/__init__.py -> /home/charlie/traversability_analysis_ws_ros2/build/dataset_generation_training/build/lib/dataset_generation_training
running install
/home/charlie/.local/lib/python3.8/site-packages/setuptools/command/install.py:34: SetuptoolsDeprecationWarning: setup.py install is deprecated. Use build and pip and other standards-based tools.
  warnings.warn(
running install_lib
creating /home/charlie/traversability_analysis_ws_ros2/install/dataset_generation_training/lib/python3.8/site-packages/dataset_generation_training
copying /home/charlie/traversability_analysis_ws_ros2/build/dataset_generation_training/build/lib/dataset_generation_training/dataset_generation_training.py -> /home/charlie/traversability_analysis_ws_ros2/install/dataset_generation_training/lib/python3.8/site-packages/dataset_generation_training
copying /home/charlie/traversability_analysis_ws_ros2/build/dataset_generation_training/build/lib/dataset_generation_training/__init__.py -> /home/charlie/traversability_analysis_ws_ros2/install/dataset_generation_training/lib/python3.8/site-packages/dataset_generation_training
byte-compiling /home/charlie/traversability_analysis_ws_ros2/install/dataset_generation_training/lib/python3.8/site-packages/dataset_generation_training/dataset_generation_training.py to dataset_generation_training.cpython-38.pyc
byte-compiling /home/charlie/traversability_analysis_ws_ros2/install/dataset_generation_training/lib/python3.8/site-packages/dataset_generation_training/__init__.py to __init__.cpython-38.pyc
running install_data
creating /home/charlie/traversability_analysis_ws_ros2/install/dataset_generation_training/share/ament_index
creating /home/charlie/traversability_analysis_ws_ros2/install/dataset_generation_training/share/ament_index/resource_index
creating /home/charlie/traversability_analysis_ws_ros2/install/dataset_generation_training/share/ament_index/resource_index/packages
copying resource/dataset_generation_training -> /home/charlie/traversability_analysis_ws_ros2/install/dataset_generation_training/share/ament_index/resource_index/packages
copying package.xml -> /home/charlie/traversability_analysis_ws_ros2/install/dataset_generation_training/share/dataset_generation_training
copying launch/dataset_generation_training.launch.py -> /home/charlie/traversability_analysis_ws_ros2/install/dataset_generation_training/share/dataset_generation_training
running install_egg_info
Copying ../../build/dataset_generation_training/dataset_generation_training.egg-info to /home/charlie/traversability_analysis_ws_ros2/install/dataset_generation_training/lib/python3.8/site-packages/dataset_generation_training-0.0.0-py3.8.egg-info
running install_scripts
Installing dataset_generation_training script to /home/charlie/traversability_analysis_ws_ros2/install/dataset_generation_training/lib/dataset_generation_training
writing list of installed files to '/home/charlie/traversability_analysis_ws_ros2/build/dataset_generation_training/install.log'
