[1.712s] Invoking command in '/home/charlie/traversability_analysis_ws_ros2/src/dataset_generation_training': PYTHONPATH=/home/charlie/traversability_analysis_ws_ros2/build/dataset_generation_training/prefix_override:/home/charlie/traversability_analysis_ws_ros2/install/dataset_generation_training/lib/python3.8/site-packages:${PYTHONPATH} /usr/bin/python3 setup.py egg_info --egg-base ../../build/dataset_generation_training build --build-base /home/charlie/traversability_analysis_ws_ros2/build/dataset_generation_training/build install --record /home/charlie/traversability_analysis_ws_ros2/build/dataset_generation_training/install.log --install-scripts $base/lib/dataset_generation_training --single-version-externally-managed
[2.101s] /home/charlie/.local/lib/python3.8/site-packages/setuptools/dist.py:770: UserWarning: Usage of dash-separated 'script-dir' will not be supported in future versions. Please use the underscore name 'script_dir' instead
[2.101s]   warnings.warn(
[2.218s] running egg_info
[2.218s] creating ../../build/dataset_generation_training/dataset_generation_training.egg-info
[2.235s] writing ../../build/dataset_generation_training/dataset_generation_training.egg-info/PKG-INFO
[2.235s] writing dependency_links to ../../build/dataset_generation_training/dataset_generation_training.egg-info/dependency_links.txt
[2.235s] writing entry points to ../../build/dataset_generation_training/dataset_generation_training.egg-info/entry_points.txt
[2.235s] writing requirements to ../../build/dataset_generation_training/dataset_generation_training.egg-info/requires.txt
[2.235s] writing top-level names to ../../build/dataset_generation_training/dataset_generation_training.egg-info/top_level.txt
[2.236s] writing manifest file '../../build/dataset_generation_training/dataset_generation_training.egg-info/SOURCES.txt'
[2.273s] reading manifest file '../../build/dataset_generation_training/dataset_generation_training.egg-info/SOURCES.txt'
[2.274s] writing manifest file '../../build/dataset_generation_training/dataset_generation_training.egg-info/SOURCES.txt'
[2.274s] running build
[2.274s] running build_py
[2.274s] creating /home/charlie/traversability_analysis_ws_ros2/build/dataset_generation_training/build
[2.275s] creating /home/charlie/traversability_analysis_ws_ros2/build/dataset_generation_training/build/lib
[2.275s] creating /home/charlie/traversability_analysis_ws_ros2/build/dataset_generation_training/build/lib/dataset_generation_training
[2.275s] copying dataset_generation_training/dataset_generation_training.py -> /home/charlie/traversability_analysis_ws_ros2/build/dataset_generation_training/build/lib/dataset_generation_training
[2.275s] copying dataset_generation_training/__init__.py -> /home/charlie/traversability_analysis_ws_ros2/build/dataset_generation_training/build/lib/dataset_generation_training
[2.275s] running install
[2.275s] /home/charlie/.local/lib/python3.8/site-packages/setuptools/command/install.py:34: SetuptoolsDeprecationWarning: setup.py install is deprecated. Use build and pip and other standards-based tools.
[2.276s]   warnings.warn(
[2.283s] running install_lib
[2.305s] creating /home/charlie/traversability_analysis_ws_ros2/install/dataset_generation_training/lib/python3.8/site-packages/dataset_generation_training
[2.306s] copying /home/charlie/traversability_analysis_ws_ros2/build/dataset_generation_training/build/lib/dataset_generation_training/dataset_generation_training.py -> /home/charlie/traversability_analysis_ws_ros2/install/dataset_generation_training/lib/python3.8/site-packages/dataset_generation_training
[2.306s] copying /home/charlie/traversability_analysis_ws_ros2/build/dataset_generation_training/build/lib/dataset_generation_training/__init__.py -> /home/charlie/traversability_analysis_ws_ros2/install/dataset_generation_training/lib/python3.8/site-packages/dataset_generation_training
[2.306s] byte-compiling /home/charlie/traversability_analysis_ws_ros2/install/dataset_generation_training/lib/python3.8/site-packages/dataset_generation_training/dataset_generation_training.py to dataset_generation_training.cpython-38.pyc
[2.306s] byte-compiling /home/charlie/traversability_analysis_ws_ros2/install/dataset_generation_training/lib/python3.8/site-packages/dataset_generation_training/__init__.py to __init__.cpython-38.pyc
[2.307s] running install_data
[2.327s] creating /home/charlie/traversability_analysis_ws_ros2/install/dataset_generation_training/share/ament_index
[2.327s] creating /home/charlie/traversability_analysis_ws_ros2/install/dataset_generation_training/share/ament_index/resource_index
[2.327s] creating /home/charlie/traversability_analysis_ws_ros2/install/dataset_generation_training/share/ament_index/resource_index/packages
[2.327s] copying resource/dataset_generation_training -> /home/charlie/traversability_analysis_ws_ros2/install/dataset_generation_training/share/ament_index/resource_index/packages
[2.327s] copying package.xml -> /home/charlie/traversability_analysis_ws_ros2/install/dataset_generation_training/share/dataset_generation_training
[2.328s] copying launch/dataset_generation_training.launch.py -> /home/charlie/traversability_analysis_ws_ros2/install/dataset_generation_training/share/dataset_generation_training
[2.328s] running install_egg_info
[2.347s] Copying ../../build/dataset_generation_training/dataset_generation_training.egg-info to /home/charlie/traversability_analysis_ws_ros2/install/dataset_generation_training/lib/python3.8/site-packages/dataset_generation_training-0.0.0-py3.8.egg-info
[2.347s] running install_scripts
[2.414s] Installing dataset_generation_training script to /home/charlie/traversability_analysis_ws_ros2/install/dataset_generation_training/lib/dataset_generation_training
[2.414s] writing list of installed files to '/home/charlie/traversability_analysis_ws_ros2/build/dataset_generation_training/install.log'
[2.455s] Invoked command in '/home/charlie/traversability_analysis_ws_ros2/src/dataset_generation_training' returned '0': PYTHONPATH=/home/charlie/traversability_analysis_ws_ros2/build/dataset_generation_training/prefix_override:/home/charlie/traversability_analysis_ws_ros2/install/dataset_generation_training/lib/python3.8/site-packages:${PYTHONPATH} /usr/bin/python3 setup.py egg_info --egg-base ../../build/dataset_generation_training build --build-base /home/charlie/traversability_analysis_ws_ros2/build/dataset_generation_training/build install --record /home/charlie/traversability_analysis_ws_ros2/build/dataset_generation_training/install.log --install-scripts $base/lib/dataset_generation_training --single-version-externally-managed
