[0.088s] Invoking command in '/home/charlie/traversability_analysis_ws_ros2/build/husky_description': CMAKE_PREFIX_PATH=${CMAKE_PREFIX_PATH}:/home/charlie/traversability_analysis_ws_ros2/install/simulation:/home/charlie/traversability_analysis_ws_ros2/install/dataset_generation_training:/opt/ros/foxy /usr/bin/cmake --build /home/charlie/traversability_analysis_ws_ros2/build/husky_description -- -j16 -l16
[0.564s] Invoked command in '/home/charlie/traversability_analysis_ws_ros2/build/husky_description' returned '0': CMAKE_PREFIX_PATH=${CMAKE_PREFIX_PATH}:/home/charlie/traversability_analysis_ws_ros2/install/simulation:/home/charlie/traversability_analysis_ws_ros2/install/dataset_generation_training:/opt/ros/foxy /usr/bin/cmake --build /home/charlie/traversability_analysis_ws_ros2/build/husky_description -- -j16 -l16
[0.986s] Invoking command in '/home/charlie/traversability_analysis_ws_ros2/build/husky_description': CMAKE_PREFIX_PATH=${CMAKE_PREFIX_PATH}:/home/charlie/traversability_analysis_ws_ros2/install/simulation:/home/charlie/traversability_analysis_ws_ros2/install/dataset_generation_training:/opt/ros/foxy /usr/bin/cmake --install /home/charlie/traversability_analysis_ws_ros2/build/husky_description
[0.997s] -- Install configuration: ""
[0.997s] -- Up-to-date: /home/charlie/traversability_analysis_ws_ros2/install/husky_description/share/husky_description/launch
[0.997s] -- Up-to-date: /home/charlie/traversability_analysis_ws_ros2/install/husky_description/share/husky_description/launch/description.launch.py
[0.997s] -- Up-to-date: /home/charlie/traversability_analysis_ws_ros2/install/husky_description/share/husky_description/launch/description.launch
[0.997s] -- Up-to-date: /home/charlie/traversability_analysis_ws_ros2/install/husky_description/share/husky_description/meshes
[0.998s] -- Up-to-date: /home/charlie/traversability_analysis_ws_ros2/install/husky_description/share/husky_description/meshes/top_plate.dae
[0.998s] -- Up-to-date: /home/charlie/traversability_analysis_ws_ros2/install/husky_description/share/husky_description/meshes/large_top_plate_collision.stl
[0.998s] -- Up-to-date: /home/charlie/traversability_analysis_ws_ros2/install/husky_description/share/husky_description/meshes/top_chassis.dae
[0.998s] -- Up-to-date: /home/charlie/traversability_analysis_ws_ros2/install/husky_description/share/husky_description/meshes/top_chassis.stl
[0.998s] -- Up-to-date: /home/charlie/traversability_analysis_ws_ros2/install/husky_description/share/husky_description/meshes/top_plate.stl
[0.998s] -- Up-to-date: /home/charlie/traversability_analysis_ws_ros2/install/husky_description/share/husky_description/meshes/bumper.dae
[0.998s] -- Up-to-date: /home/charlie/traversability_analysis_ws_ros2/install/husky_description/share/husky_description/meshes/wheel.stl
[0.998s] -- Up-to-date: /home/charlie/traversability_analysis_ws_ros2/install/husky_description/share/husky_description/meshes/wheel.dae
[0.998s] -- Up-to-date: /home/charlie/traversability_analysis_ws_ros2/install/husky_description/share/husky_description/meshes/user_rail.dae
[0.998s] -- Up-to-date: /home/charlie/traversability_analysis_ws_ros2/install/husky_description/share/husky_description/meshes/base_link.dae
[0.998s] -- Up-to-date: /home/charlie/traversability_analysis_ws_ros2/install/husky_description/share/husky_description/meshes/accessories
[0.998s] -- Up-to-date: /home/charlie/traversability_analysis_ws_ros2/install/husky_description/share/husky_description/meshes/accessories/300_mm_sensor_arch.dae
[0.999s] -- Up-to-date: /home/charlie/traversability_analysis_ws_ros2/install/husky_description/share/husky_description/meshes/accessories/lidar_mount.stl
[0.999s] -- Up-to-date: /home/charlie/traversability_analysis_ws_ros2/install/husky_description/share/husky_description/meshes/accessories/lms1xx_mount.stl
[0.999s] -- Up-to-date: /home/charlie/traversability_analysis_ws_ros2/install/husky_description/share/husky_description/meshes/accessories/510_mm_sensor_arch.dae
[0.999s] -- Up-to-date: /home/charlie/traversability_analysis_ws_ros2/install/husky_description/share/husky_description/meshes/accessories/510_mm_sensor_arch.stl
[0.999s] -- Up-to-date: /home/charlie/traversability_analysis_ws_ros2/install/husky_description/share/husky_description/meshes/accessories/lms1xx_mount.dae
[0.999s] -- Up-to-date: /home/charlie/traversability_analysis_ws_ros2/install/husky_description/share/husky_description/meshes/accessories/300_mm_sensor_arch.stl
[0.999s] -- Up-to-date: /home/charlie/traversability_analysis_ws_ros2/install/husky_description/share/husky_description/meshes/bumper_extension.dae
[0.999s] -- Up-to-date: /home/charlie/traversability_analysis_ws_ros2/install/husky_description/share/husky_description/meshes/user_rail.stl
[1.000s] -- Up-to-date: /home/charlie/traversability_analysis_ws_ros2/install/husky_description/share/husky_description/meshes/large_top_plate.dae
[1.000s] -- Up-to-date: /home/charlie/traversability_analysis_ws_ros2/install/husky_description/share/husky_description/meshes/base_link.stl
[1.000s] -- Up-to-date: /home/charlie/traversability_analysis_ws_ros2/install/husky_description/share/husky_description/urdf
[1.000s] -- Up-to-date: /home/charlie/traversability_analysis_ws_ros2/install/husky_description/share/husky_description/urdf/empty.urdf
[1.000s] -- Up-to-date: /home/charlie/traversability_analysis_ws_ros2/install/husky_description/share/husky_description/urdf/husky_macro.urdf.xacro
[1.001s] -- Up-to-date: /home/charlie/traversability_analysis_ws_ros2/install/husky_description/share/husky_description/urdf/husky.urdf.xacro
[1.001s] -- Up-to-date: /home/charlie/traversability_analysis_ws_ros2/install/husky_description/share/husky_description/urdf/decorations.urdf.xacro
[1.001s] -- Up-to-date: /home/charlie/traversability_analysis_ws_ros2/install/husky_description/share/husky_description/urdf/accessories
[1.001s] -- Up-to-date: /home/charlie/traversability_analysis_ws_ros2/install/husky_description/share/husky_description/urdf/accessories/intel_realsense.urdf.xacro
[1.001s] -- Up-to-date: /home/charlie/traversability_analysis_ws_ros2/install/husky_description/share/husky_description/urdf/accessories/sick_lms1xx_mount.urdf.xacro
[1.001s] -- Up-to-date: /home/charlie/traversability_analysis_ws_ros2/install/husky_description/share/husky_description/urdf/accessories/sensor_arch.urdf.xacro
[1.004s] -- Up-to-date: /home/charlie/traversability_analysis_ws_ros2/install/husky_description/share/husky_description/urdf/wheel.urdf.xacro
[1.009s] -- Up-to-date: /home/charlie/traversability_analysis_ws_ros2/install/husky_description/share/ament_index/resource_index/package_run_dependencies/husky_description
[1.009s] -- Up-to-date: /home/charlie/traversability_analysis_ws_ros2/install/husky_description/share/ament_index/resource_index/parent_prefix_path/husky_description
[1.009s] -- Up-to-date: /home/charlie/traversability_analysis_ws_ros2/install/husky_description/share/husky_description/environment/ament_prefix_path.sh
[1.010s] -- Up-to-date: /home/charlie/traversability_analysis_ws_ros2/install/husky_description/share/husky_description/environment/ament_prefix_path.dsv
[1.011s] -- Up-to-date: /home/charlie/traversability_analysis_ws_ros2/install/husky_description/share/husky_description/environment/path.sh
[1.012s] -- Up-to-date: /home/charlie/traversability_analysis_ws_ros2/install/husky_description/share/husky_description/environment/path.dsv
[1.013s] -- Up-to-date: /home/charlie/traversability_analysis_ws_ros2/install/husky_description/share/husky_description/local_setup.bash
[1.013s] -- Up-to-date: /home/charlie/traversability_analysis_ws_ros2/install/husky_description/share/husky_description/local_setup.sh
[1.013s] -- Up-to-date: /home/charlie/traversability_analysis_ws_ros2/install/husky_description/share/husky_description/local_setup.zsh
[1.013s] -- Up-to-date: /home/charlie/traversability_analysis_ws_ros2/install/husky_description/share/husky_description/local_setup.dsv
[1.013s] -- Installing: /home/charlie/traversability_analysis_ws_ros2/install/husky_description/share/husky_description/package.dsv
[1.013s] -- Up-to-date: /home/charlie/traversability_analysis_ws_ros2/install/husky_description/share/ament_index/resource_index/packages/husky_description
[1.013s] -- Up-to-date: /home/charlie/traversability_analysis_ws_ros2/install/husky_description/share/husky_description/cmake/ament_cmake_export_dependencies-extras.cmake
[1.013s] -- Up-to-date: /home/charlie/traversability_analysis_ws_ros2/install/husky_description/share/husky_description/cmake/husky_descriptionConfig.cmake
[1.013s] -- Up-to-date: /home/charlie/traversability_analysis_ws_ros2/install/husky_description/share/husky_description/cmake/husky_descriptionConfig-version.cmake
[1.013s] -- Up-to-date: /home/charlie/traversability_analysis_ws_ros2/install/husky_description/share/husky_description/package.xml
[1.017s] Invoked command in '/home/charlie/traversability_analysis_ws_ros2/build/husky_description' returned '0': CMAKE_PREFIX_PATH=${CMAKE_PREFIX_PATH}:/home/charlie/traversability_analysis_ws_ros2/install/simulation:/home/charlie/traversability_analysis_ws_ros2/install/dataset_generation_training:/opt/ros/foxy /usr/bin/cmake --install /home/charlie/traversability_analysis_ws_ros2/build/husky_description
