[1.899s] Invoking command in '/home/charlie/traversability_analysis_ws_ros2/src/dataset_generation_training': PYTHONPATH=/home/charlie/traversability_analysis_ws_ros2/build/dataset_generation_training/prefix_override:/home/charlie/traversability_analysis_ws_ros2/install/dataset_generation_training/lib/python3.8/site-packages:${PYTHONPATH} /usr/bin/python3 setup.py egg_info --egg-base ../../build/dataset_generation_training build --build-base /home/charlie/traversability_analysis_ws_ros2/build/dataset_generation_training/build install --record /home/charlie/traversability_analysis_ws_ros2/build/dataset_generation_training/install.log --install-scripts $base/lib/dataset_generation_training --single-version-externally-managed
[2.288s] /home/charlie/.local/lib/python3.8/site-packages/setuptools/dist.py:770: UserWarning: Usage of dash-separated 'script-dir' will not be supported in future versions. Please use the underscore name 'script_dir' instead
[2.288s]   warnings.warn(
[2.441s] running egg_info
[2.465s] writing ../../build/dataset_generation_training/dataset_generation_training.egg-info/PKG-INFO
[2.465s] writing dependency_links to ../../build/dataset_generation_training/dataset_generation_training.egg-info/dependency_links.txt
[2.466s] writing entry points to ../../build/dataset_generation_training/dataset_generation_training.egg-info/entry_points.txt
[2.466s] writing requirements to ../../build/dataset_generation_training/dataset_generation_training.egg-info/requires.txt
[2.466s] writing top-level names to ../../build/dataset_generation_training/dataset_generation_training.egg-info/top_level.txt
[2.513s] reading manifest file '../../build/dataset_generation_training/dataset_generation_training.egg-info/SOURCES.txt'
[2.515s] writing manifest file '../../build/dataset_generation_training/dataset_generation_training.egg-info/SOURCES.txt'
[2.515s] running build
[2.515s] running build_py
[2.516s] running install
[2.516s] /home/charlie/.local/lib/python3.8/site-packages/setuptools/command/install.py:34: SetuptoolsDeprecationWarning: setup.py install is deprecated. Use build and pip and other standards-based tools.
[2.516s]   warnings.warn(
[2.524s] running install_lib
[2.544s] running install_data
[2.563s] running install_egg_info
[2.583s] removing '/home/charlie/traversability_analysis_ws_ros2/install/dataset_generation_training/lib/python3.8/site-packages/dataset_generation_training-0.0.0-py3.8.egg-info' (and everything under it)
[2.583s] Copying ../../build/dataset_generation_training/dataset_generation_training.egg-info to /home/charlie/traversability_analysis_ws_ros2/install/dataset_generation_training/lib/python3.8/site-packages/dataset_generation_training-0.0.0-py3.8.egg-info
[2.584s] running install_scripts
[2.654s] Installing dataset_generation_training script to /home/charlie/traversability_analysis_ws_ros2/install/dataset_generation_training/lib/dataset_generation_training
[2.654s] writing list of installed files to '/home/charlie/traversability_analysis_ws_ros2/build/dataset_generation_training/install.log'
[2.688s] Invoked command in '/home/charlie/traversability_analysis_ws_ros2/src/dataset_generation_training' returned '0': PYTHONPATH=/home/charlie/traversability_analysis_ws_ros2/build/dataset_generation_training/prefix_override:/home/charlie/traversability_analysis_ws_ros2/install/dataset_generation_training/lib/python3.8/site-packages:${PYTHONPATH} /usr/bin/python3 setup.py egg_info --egg-base ../../build/dataset_generation_training build --build-base /home/charlie/traversability_analysis_ws_ros2/build/dataset_generation_training/build install --record /home/charlie/traversability_analysis_ws_ros2/build/dataset_generation_training/install.log --install-scripts $base/lib/dataset_generation_training --single-version-externally-managed
