[0.012s] Invoking command in '/home/charlie/traversability_analysis_ws_ros2/build/husky_bringup': CMAKE_PREFIX_PATH=/home/charlie/traversability_analysis_ws_ros2/install/husky_control:/home/charlie/traversability_analysis_ws_ros2/install/husky_base:/home/charlie/traversability_analysis_ws_ros2/install/husky_msgs:/home/charlie/traversability_analysis_ws_ros2/install/husky_description:/home/charlie/traversability_analysis_ws_ros2/install/husky_desktop:/home/charlie/traversability_analysis_ws_ros2/install/husky_viz:/home/charlie/traversability_analysis_ws_ros2/install/husky_simulator:/home/charlie/traversability_analysis_ws_ros2/install/husky_robot:/home/charlie/traversability_analysis_ws_ros2/install/husky_bringup:/home/charlie/traversability_analysis_ws_ros2/install/husky_gazebo:/home/charlie/traversability_analysis_ws_ros2/install/gazebo_map_creator:/home/charlie/traversability_analysis_ws_ros2/install/gazebo_map_creator_interface:/home/charlie/traversability_analysis_ws_ros2/install/simulation:/opt/ros/foxy PYTHONPATH=/home/charlie/traversability_analysis_ws_ros2/install/husky_msgs/lib/python3.8/site-packages:/home/charlie/traversability_analysis_ws_ros2/install/simulation/lib/python3.8/site-packages:/home/charlie/traversability_analysis_ws_ros2/install/gazebo_map_creator_interface/lib/python3.8/site-packages:/opt/ros/foxy/lib/python3.8/site-packages /usr/bin/cmake /home/charlie/traversability_analysis_ws_ros2/src/husky/husky_bringup -DCMAKE_INSTALL_PREFIX=/home/charlie/traversability_analysis_ws_ros2/install/husky_bringup
[0.048s] -- The C compiler identification is GNU 9.4.0
[0.082s] -- The CXX compiler identification is GNU 9.4.0
[0.085s] -- Check for working C compiler: /usr/bin/cc
[0.128s] -- Check for working C compiler: /usr/bin/cc -- works
[0.129s] -- Detecting C compiler ABI info
[0.172s] -- Detecting C compiler ABI info - done
[0.179s] -- Detecting C compile features
[0.179s] -- Detecting C compile features - done
[0.181s] -- Check for working CXX compiler: /usr/bin/c++
[0.234s] -- Check for working CXX compiler: /usr/bin/c++ -- works
[0.235s] -- Detecting CXX compiler ABI info
[0.285s] -- Detecting CXX compiler ABI info - done
[0.293s] -- Detecting CXX compile features
[0.293s] -- Detecting CXX compile features - done
[0.295s] -- Found ament_cmake: 0.9.11 (/opt/ros/foxy/share/ament_cmake/cmake)
[0.312s] -- Found PythonInterp: /usr/bin/python3 (found suitable version "3.8.10", minimum required is "3") 
[0.312s] -- Using PYTHON_EXECUTABLE: /usr/bin/python3
[0.517s] -- Configuring done
[0.518s] -- Generating done
[0.518s] -- Build files have been written to: /home/charlie/traversability_analysis_ws_ros2/build/husky_bringup
[0.521s] Invoked command in '/home/charlie/traversability_analysis_ws_ros2/build/husky_bringup' returned '0': CMAKE_PREFIX_PATH=/home/charlie/traversability_analysis_ws_ros2/install/husky_control:/home/charlie/traversability_analysis_ws_ros2/install/husky_base:/home/charlie/traversability_analysis_ws_ros2/install/husky_msgs:/home/charlie/traversability_analysis_ws_ros2/install/husky_description:/home/charlie/traversability_analysis_ws_ros2/install/husky_desktop:/home/charlie/traversability_analysis_ws_ros2/install/husky_viz:/home/charlie/traversability_analysis_ws_ros2/install/husky_simulator:/home/charlie/traversability_analysis_ws_ros2/install/husky_robot:/home/charlie/traversability_analysis_ws_ros2/install/husky_bringup:/home/charlie/traversability_analysis_ws_ros2/install/husky_gazebo:/home/charlie/traversability_analysis_ws_ros2/install/gazebo_map_creator:/home/charlie/traversability_analysis_ws_ros2/install/gazebo_map_creator_interface:/home/charlie/traversability_analysis_ws_ros2/install/simulation:/opt/ros/foxy PYTHONPATH=/home/charlie/traversability_analysis_ws_ros2/install/husky_msgs/lib/python3.8/site-packages:/home/charlie/traversability_analysis_ws_ros2/install/simulation/lib/python3.8/site-packages:/home/charlie/traversability_analysis_ws_ros2/install/gazebo_map_creator_interface/lib/python3.8/site-packages:/opt/ros/foxy/lib/python3.8/site-packages /usr/bin/cmake /home/charlie/traversability_analysis_ws_ros2/src/husky/husky_bringup -DCMAKE_INSTALL_PREFIX=/home/charlie/traversability_analysis_ws_ros2/install/husky_bringup
[0.522s] Invoking command in '/home/charlie/traversability_analysis_ws_ros2/build/husky_bringup': CMAKE_PREFIX_PATH=/home/charlie/traversability_analysis_ws_ros2/install/husky_control:/home/charlie/traversability_analysis_ws_ros2/install/husky_base:/home/charlie/traversability_analysis_ws_ros2/install/husky_msgs:/home/charlie/traversability_analysis_ws_ros2/install/husky_description:/home/charlie/traversability_analysis_ws_ros2/install/husky_desktop:/home/charlie/traversability_analysis_ws_ros2/install/husky_viz:/home/charlie/traversability_analysis_ws_ros2/install/husky_simulator:/home/charlie/traversability_analysis_ws_ros2/install/husky_robot:/home/charlie/traversability_analysis_ws_ros2/install/husky_bringup:/home/charlie/traversability_analysis_ws_ros2/install/husky_gazebo:/home/charlie/traversability_analysis_ws_ros2/install/gazebo_map_creator:/home/charlie/traversability_analysis_ws_ros2/install/gazebo_map_creator_interface:/home/charlie/traversability_analysis_ws_ros2/install/simulation:/opt/ros/foxy PYTHONPATH=/home/charlie/traversability_analysis_ws_ros2/install/husky_msgs/lib/python3.8/site-packages:/home/charlie/traversability_analysis_ws_ros2/install/simulation/lib/python3.8/site-packages:/home/charlie/traversability_analysis_ws_ros2/install/gazebo_map_creator_interface/lib/python3.8/site-packages:/opt/ros/foxy/lib/python3.8/site-packages /usr/bin/cmake --build /home/charlie/traversability_analysis_ws_ros2/build/husky_bringup -- -j16 -l16
[0.546s] Invoked command in '/home/charlie/traversability_analysis_ws_ros2/build/husky_bringup' returned '0': CMAKE_PREFIX_PATH=/home/charlie/traversability_analysis_ws_ros2/install/husky_control:/home/charlie/traversability_analysis_ws_ros2/install/husky_base:/home/charlie/traversability_analysis_ws_ros2/install/husky_msgs:/home/charlie/traversability_analysis_ws_ros2/install/husky_description:/home/charlie/traversability_analysis_ws_ros2/install/husky_desktop:/home/charlie/traversability_analysis_ws_ros2/install/husky_viz:/home/charlie/traversability_analysis_ws_ros2/install/husky_simulator:/home/charlie/traversability_analysis_ws_ros2/install/husky_robot:/home/charlie/traversability_analysis_ws_ros2/install/husky_bringup:/home/charlie/traversability_analysis_ws_ros2/install/husky_gazebo:/home/charlie/traversability_analysis_ws_ros2/install/gazebo_map_creator:/home/charlie/traversability_analysis_ws_ros2/install/gazebo_map_creator_interface:/home/charlie/traversability_analysis_ws_ros2/install/simulation:/opt/ros/foxy PYTHONPATH=/home/charlie/traversability_analysis_ws_ros2/install/husky_msgs/lib/python3.8/site-packages:/home/charlie/traversability_analysis_ws_ros2/install/simulation/lib/python3.8/site-packages:/home/charlie/traversability_analysis_ws_ros2/install/gazebo_map_creator_interface/lib/python3.8/site-packages:/opt/ros/foxy/lib/python3.8/site-packages /usr/bin/cmake --build /home/charlie/traversability_analysis_ws_ros2/build/husky_bringup -- -j16 -l16
[0.563s] Invoking command in '/home/charlie/traversability_analysis_ws_ros2/build/husky_bringup': CMAKE_PREFIX_PATH=/home/charlie/traversability_analysis_ws_ros2/install/husky_control:/home/charlie/traversability_analysis_ws_ros2/install/husky_base:/home/charlie/traversability_analysis_ws_ros2/install/husky_msgs:/home/charlie/traversability_analysis_ws_ros2/install/husky_description:/home/charlie/traversability_analysis_ws_ros2/install/husky_desktop:/home/charlie/traversability_analysis_ws_ros2/install/husky_viz:/home/charlie/traversability_analysis_ws_ros2/install/husky_simulator:/home/charlie/traversability_analysis_ws_ros2/install/husky_robot:/home/charlie/traversability_analysis_ws_ros2/install/husky_bringup:/home/charlie/traversability_analysis_ws_ros2/install/husky_gazebo:/home/charlie/traversability_analysis_ws_ros2/install/gazebo_map_creator:/home/charlie/traversability_analysis_ws_ros2/install/gazebo_map_creator_interface:/home/charlie/traversability_analysis_ws_ros2/install/simulation:/opt/ros/foxy PYTHONPATH=/home/charlie/traversability_analysis_ws_ros2/install/husky_msgs/lib/python3.8/site-packages:/home/charlie/traversability_analysis_ws_ros2/install/simulation/lib/python3.8/site-packages:/home/charlie/traversability_analysis_ws_ros2/install/gazebo_map_creator_interface/lib/python3.8/site-packages:/opt/ros/foxy/lib/python3.8/site-packages /usr/bin/cmake --install /home/charlie/traversability_analysis_ws_ros2/build/husky_bringup
[0.568s] -- Install configuration: ""
[0.568s] -- Installing: /home/charlie/traversability_analysis_ws_ros2/install/husky_bringup/share/husky_bringup/config
[0.568s] -- Installing: /home/charlie/traversability_analysis_ws_ros2/install/husky_bringup/share/husky_bringup/config/mag_config_default.yaml
[0.568s] -- Installing: /home/charlie/traversability_analysis_ws_ros2/install/husky_bringup/share/husky_bringup/launch
[0.568s] -- Installing: /home/charlie/traversability_analysis_ws_ros2/install/husky_bringup/share/husky_bringup/launch/accessories.launch.py
[0.568s] -- Installing: /home/charlie/traversability_analysis_ws_ros2/install/husky_bringup/share/husky_bringup/udev
[0.568s] -- Installing: /home/charlie/traversability_analysis_ws_ros2/install/husky_bringup/share/husky_bringup/udev/10-microstrain.rules
[0.568s] -- Installing: /home/charlie/traversability_analysis_ws_ros2/install/husky_bringup/share/husky_bringup/udev/README.md
[0.568s] -- Installing: /home/charlie/traversability_analysis_ws_ros2/install/husky_bringup/share/husky_bringup/udev/41-hokuyo.rules
[0.568s] -- Installing: /home/charlie/traversability_analysis_ws_ros2/install/husky_bringup/share/husky_bringup/udev/41-logitech.rules
[0.568s] -- Installing: /home/charlie/traversability_analysis_ws_ros2/install/husky_bringup/share/husky_bringup/udev/52-ftdi.rules
[0.568s] -- Installing: /home/charlie/traversability_analysis_ws_ros2/install/husky_bringup/share/husky_bringup/udev/41-clearpath.rules
[0.568s] -- Installing: /home/charlie/traversability_analysis_ws_ros2/install/husky_bringup/lib/husky_bringup/install
[0.568s] -- Installing: /home/charlie/traversability_analysis_ws_ros2/install/husky_bringup/share/ament_index/resource_index/package_run_dependencies/husky_bringup
[0.568s] -- Installing: /home/charlie/traversability_analysis_ws_ros2/install/husky_bringup/share/ament_index/resource_index/parent_prefix_path/husky_bringup
[0.568s] -- Installing: /home/charlie/traversability_analysis_ws_ros2/install/husky_bringup/share/husky_bringup/environment/ament_prefix_path.sh
[0.568s] -- Installing: /home/charlie/traversability_analysis_ws_ros2/install/husky_bringup/share/husky_bringup/environment/ament_prefix_path.dsv
[0.568s] -- Installing: /home/charlie/traversability_analysis_ws_ros2/install/husky_bringup/share/husky_bringup/environment/path.sh
[0.568s] -- Installing: /home/charlie/traversability_analysis_ws_ros2/install/husky_bringup/share/husky_bringup/environment/path.dsv
[0.568s] -- Installing: /home/charlie/traversability_analysis_ws_ros2/install/husky_bringup/share/husky_bringup/local_setup.bash
[0.569s] -- Installing: /home/charlie/traversability_analysis_ws_ros2/install/husky_bringup/share/husky_bringup/local_setup.sh
[0.569s] -- Installing: /home/charlie/traversability_analysis_ws_ros2/install/husky_bringup/share/husky_bringup/local_setup.zsh
[0.569s] -- Installing: /home/charlie/traversability_analysis_ws_ros2/install/husky_bringup/share/husky_bringup/local_setup.dsv
[0.569s] -- Installing: /home/charlie/traversability_analysis_ws_ros2/install/husky_bringup/share/husky_bringup/package.dsv
[0.569s] -- Installing: /home/charlie/traversability_analysis_ws_ros2/install/husky_bringup/share/ament_index/resource_index/packages/husky_bringup
[0.569s] -- Installing: /home/charlie/traversability_analysis_ws_ros2/install/husky_bringup/share/husky_bringup/cmake/husky_bringupConfig.cmake
[0.569s] -- Installing: /home/charlie/traversability_analysis_ws_ros2/install/husky_bringup/share/husky_bringup/cmake/husky_bringupConfig-version.cmake
[0.569s] -- Installing: /home/charlie/traversability_analysis_ws_ros2/install/husky_bringup/share/husky_bringup/package.xml
[0.573s] Invoked command in '/home/charlie/traversability_analysis_ws_ros2/build/husky_bringup' returned '0': CMAKE_PREFIX_PATH=/home/charlie/traversability_analysis_ws_ros2/install/husky_control:/home/charlie/traversability_analysis_ws_ros2/install/husky_base:/home/charlie/traversability_analysis_ws_ros2/install/husky_msgs:/home/charlie/traversability_analysis_ws_ros2/install/husky_description:/home/charlie/traversability_analysis_ws_ros2/install/husky_desktop:/home/charlie/traversability_analysis_ws_ros2/install/husky_viz:/home/charlie/traversability_analysis_ws_ros2/install/husky_simulator:/home/charlie/traversability_analysis_ws_ros2/install/husky_robot:/home/charlie/traversability_analysis_ws_ros2/install/husky_bringup:/home/charlie/traversability_analysis_ws_ros2/install/husky_gazebo:/home/charlie/traversability_analysis_ws_ros2/install/gazebo_map_creator:/home/charlie/traversability_analysis_ws_ros2/install/gazebo_map_creator_interface:/home/charlie/traversability_analysis_ws_ros2/install/simulation:/opt/ros/foxy PYTHONPATH=/home/charlie/traversability_analysis_ws_ros2/install/husky_msgs/lib/python3.8/site-packages:/home/charlie/traversability_analysis_ws_ros2/install/simulation/lib/python3.8/site-packages:/home/charlie/traversability_analysis_ws_ros2/install/gazebo_map_creator_interface/lib/python3.8/site-packages:/opt/ros/foxy/lib/python3.8/site-packages /usr/bin/cmake --install /home/charlie/traversability_analysis_ws_ros2/build/husky_bringup
