[0.058s] Invoking command in '/home/charlie/traversability_analysis_ws_ros2/build/husky_msgs': CMAKE_PREFIX_PATH=${CMAKE_PREFIX_PATH}:/home/charlie/traversability_analysis_ws_ros2/install/simulation:/home/charlie/traversability_analysis_ws_ros2/install/evaluation:/home/charlie/traversability_analysis_ws_ros2/install/dataset_generation_training:/opt/ros/foxy /usr/bin/cmake --build /home/charlie/traversability_analysis_ws_ros2/build/husky_msgs -- -j16 -l16
[0.600s] [  3%] Built target husky_msgs__cpp
[0.600s] [ 12%] Built target husky_msgs__rosidl_generator_c
[0.600s] [ 22%] Built target husky_msgs__rosidl_typesupport_cpp
[0.601s] [ 32%] Built target husky_msgs__rosidl_typesupport_introspection_cpp
[0.601s] [ 41%] Built target husky_msgs__rosidl_typesupport_introspection_c
[0.601s] [ 51%] Built target husky_msgs__rosidl_typesupport_c
[0.601s] [ 54%] [32m[1mLinking CXX shared library libhusky_msgs__rosidl_typesupport_fastrtps_cpp.so[0m
[0.601s] [ 61%] Built target husky_msgs__rosidl_typesupport_fastrtps_cpp
[0.601s] [ 64%] [32m[1mLinking CXX shared library libhusky_msgs__rosidl_typesupport_fastrtps_c.so[0m
[0.601s] [ 70%] Built target husky_msgs__rosidl_typesupport_fastrtps_c
[0.601s] [ 70%] Built target husky_msgs
[0.601s] [ 74%] Built target husky_msgs__py
[0.601s] [ 80%] Built target husky_msgs__python
[0.601s] [ 96%] Built target husky_msgs__rosidl_typesupport_c__pyext
[0.601s] [ 96%] [32m[1mLinking CXX shared library rosidl_generator_py/husky_msgs/husky_msgs_s__rosidl_typesupport_fastrtps_c.cpython-38-x86_64-linux-gnu.so[0m
[0.601s] [ 96%] Built target husky_msgs__rosidl_typesupport_introspection_c__pyext
[0.601s] [100%] Built target husky_msgs__rosidl_typesupport_fastrtps_c__pyext
[0.861s] Invoked command in '/home/charlie/traversability_analysis_ws_ros2/build/husky_msgs' returned '0': CMAKE_PREFIX_PATH=${CMAKE_PREFIX_PATH}:/home/charlie/traversability_analysis_ws_ros2/install/simulation:/home/charlie/traversability_analysis_ws_ros2/install/evaluation:/home/charlie/traversability_analysis_ws_ros2/install/dataset_generation_training:/opt/ros/foxy /usr/bin/cmake --build /home/charlie/traversability_analysis_ws_ros2/build/husky_msgs -- -j16 -l16
[0.913s] Invoking command in '/home/charlie/traversability_analysis_ws_ros2/build/husky_msgs': CMAKE_PREFIX_PATH=${CMAKE_PREFIX_PATH}:/home/charlie/traversability_analysis_ws_ros2/install/simulation:/home/charlie/traversability_analysis_ws_ros2/install/evaluation:/home/charlie/traversability_analysis_ws_ros2/install/dataset_generation_training:/opt/ros/foxy /usr/bin/cmake --install /home/charlie/traversability_analysis_ws_ros2/build/husky_msgs
[0.919s] -- Install configuration: ""
[0.919s] -- Up-to-date: /home/charlie/traversability_analysis_ws_ros2/install/husky_msgs/share/ament_index/resource_index/rosidl_interfaces/husky_msgs
[0.919s] -- Up-to-date: /home/charlie/traversability_analysis_ws_ros2/install/husky_msgs/include/husky_msgs
[0.919s] -- Up-to-date: /home/charlie/traversability_analysis_ws_ros2/install/husky_msgs/include/husky_msgs/msg
[0.919s] -- Up-to-date: /home/charlie/traversability_analysis_ws_ros2/install/husky_msgs/include/husky_msgs/msg/husky_status.h
[0.919s] -- Up-to-date: /home/charlie/traversability_analysis_ws_ros2/install/husky_msgs/include/husky_msgs/msg/detail
[0.920s] -- Up-to-date: /home/charlie/traversability_analysis_ws_ros2/install/husky_msgs/include/husky_msgs/msg/detail/husky_status__struct.h
[0.920s] -- Up-to-date: /home/charlie/traversability_analysis_ws_ros2/install/husky_msgs/include/husky_msgs/msg/detail/husky_status__functions.c
[0.920s] -- Up-to-date: /home/charlie/traversability_analysis_ws_ros2/install/husky_msgs/include/husky_msgs/msg/detail/husky_status__functions.h
[0.920s] -- Up-to-date: /home/charlie/traversability_analysis_ws_ros2/install/husky_msgs/include/husky_msgs/msg/detail/husky_status__type_support.h
[0.920s] -- Up-to-date: /home/charlie/traversability_analysis_ws_ros2/install/husky_msgs/include/husky_msgs/msg/rosidl_generator_c__visibility_control.h
[0.920s] -- Up-to-date: /home/charlie/traversability_analysis_ws_ros2/install/husky_msgs/share/husky_msgs/environment/library_path.sh
[0.920s] -- Up-to-date: /home/charlie/traversability_analysis_ws_ros2/install/husky_msgs/share/husky_msgs/environment/library_path.dsv
[0.920s] -- Up-to-date: /home/charlie/traversability_analysis_ws_ros2/install/husky_msgs/lib/libhusky_msgs__rosidl_generator_c.so
[0.920s] -- Up-to-date: /home/charlie/traversability_analysis_ws_ros2/install/husky_msgs/include/husky_msgs
[0.920s] -- Up-to-date: /home/charlie/traversability_analysis_ws_ros2/install/husky_msgs/include/husky_msgs/msg
[0.920s] -- Up-to-date: /home/charlie/traversability_analysis_ws_ros2/install/husky_msgs/include/husky_msgs/msg/detail
[0.920s] -- Up-to-date: /home/charlie/traversability_analysis_ws_ros2/install/husky_msgs/include/husky_msgs/msg/detail/husky_status__rosidl_typesupport_fastrtps_c.h
[0.920s] -- Up-to-date: /home/charlie/traversability_analysis_ws_ros2/install/husky_msgs/include/husky_msgs/msg/rosidl_typesupport_fastrtps_c__visibility_control.h
[0.920s] -- Installing: /home/charlie/traversability_analysis_ws_ros2/install/husky_msgs/lib/libhusky_msgs__rosidl_typesupport_fastrtps_c.so
[0.921s] -- Set runtime path of "/home/charlie/traversability_analysis_ws_ros2/install/husky_msgs/lib/libhusky_msgs__rosidl_typesupport_fastrtps_c.so" to ""
[0.921s] -- Up-to-date: /home/charlie/traversability_analysis_ws_ros2/install/husky_msgs/include/husky_msgs
[0.922s] -- Up-to-date: /home/charlie/traversability_analysis_ws_ros2/install/husky_msgs/include/husky_msgs/msg
[0.923s] -- Up-to-date: /home/charlie/traversability_analysis_ws_ros2/install/husky_msgs/include/husky_msgs/msg/rosidl_typesupport_fastrtps_cpp__visibility_control.h
[0.923s] -- Up-to-date: /home/charlie/traversability_analysis_ws_ros2/install/husky_msgs/include/husky_msgs/msg/detail
[0.923s] -- Up-to-date: /home/charlie/traversability_analysis_ws_ros2/install/husky_msgs/include/husky_msgs/msg/detail/husky_status__rosidl_typesupport_fastrtps_cpp.hpp
[0.923s] -- Up-to-date: /home/charlie/traversability_analysis_ws_ros2/install/husky_msgs/include/husky_msgs/msg/detail/dds_fastrtps
[0.924s] -- Installing: /home/charlie/traversability_analysis_ws_ros2/install/husky_msgs/lib/libhusky_msgs__rosidl_typesupport_fastrtps_cpp.so
[0.924s] -- Set runtime path of "/home/charlie/traversability_analysis_ws_ros2/install/husky_msgs/lib/libhusky_msgs__rosidl_typesupport_fastrtps_cpp.so" to ""
[0.924s] -- Up-to-date: /home/charlie/traversability_analysis_ws_ros2/install/husky_msgs/include/husky_msgs
[0.924s] -- Up-to-date: /home/charlie/traversability_analysis_ws_ros2/install/husky_msgs/include/husky_msgs/msg
[0.924s] -- Up-to-date: /home/charlie/traversability_analysis_ws_ros2/install/husky_msgs/include/husky_msgs/msg/rosidl_typesupport_introspection_c__visibility_control.h
[0.924s] -- Up-to-date: /home/charlie/traversability_analysis_ws_ros2/install/husky_msgs/include/husky_msgs/msg/detail
[0.932s] -- Up-to-date: /home/charlie/traversability_analysis_ws_ros2/install/husky_msgs/include/husky_msgs/msg/detail/husky_status__type_support.c
[0.932s] -- Up-to-date: /home/charlie/traversability_analysis_ws_ros2/install/husky_msgs/include/husky_msgs/msg/detail/husky_status__rosidl_typesupport_introspection_c.h
[0.932s] -- Up-to-date: /home/charlie/traversability_analysis_ws_ros2/install/husky_msgs/lib/libhusky_msgs__rosidl_typesupport_introspection_c.so
[0.933s] -- Up-to-date: /home/charlie/traversability_analysis_ws_ros2/install/husky_msgs/lib/libhusky_msgs__rosidl_typesupport_c.so
[0.933s] -- Up-to-date: /home/charlie/traversability_analysis_ws_ros2/install/husky_msgs/include/husky_msgs
[0.936s] -- Up-to-date: /home/charlie/traversability_analysis_ws_ros2/install/husky_msgs/include/husky_msgs/msg
[0.936s] -- Up-to-date: /home/charlie/traversability_analysis_ws_ros2/install/husky_msgs/include/husky_msgs/msg/husky_status.hpp
[0.936s] -- Up-to-date: /home/charlie/traversability_analysis_ws_ros2/install/husky_msgs/include/husky_msgs/msg/detail
[0.936s] -- Up-to-date: /home/charlie/traversability_analysis_ws_ros2/install/husky_msgs/include/husky_msgs/msg/detail/husky_status__struct.hpp
[0.937s] -- Up-to-date: /home/charlie/traversability_analysis_ws_ros2/install/husky_msgs/include/husky_msgs/msg/detail/husky_status__builder.hpp
[0.940s] -- Up-to-date: /home/charlie/traversability_analysis_ws_ros2/install/husky_msgs/include/husky_msgs/msg/detail/husky_status__traits.hpp
[0.940s] -- Up-to-date: /home/charlie/traversability_analysis_ws_ros2/install/husky_msgs/include/husky_msgs
[0.941s] -- Up-to-date: /home/charlie/traversability_analysis_ws_ros2/install/husky_msgs/include/husky_msgs/msg
[0.942s] -- Up-to-date: /home/charlie/traversability_analysis_ws_ros2/install/husky_msgs/include/husky_msgs/msg/detail
[0.942s] -- Up-to-date: /home/charlie/traversability_analysis_ws_ros2/install/husky_msgs/include/husky_msgs/msg/detail/husky_status__type_support.cpp
[0.946s] -- Up-to-date: /home/charlie/traversability_analysis_ws_ros2/install/husky_msgs/include/husky_msgs/msg/detail/husky_status__rosidl_typesupport_introspection_cpp.hpp
[0.946s] -- Up-to-date: /home/charlie/traversability_analysis_ws_ros2/install/husky_msgs/lib/libhusky_msgs__rosidl_typesupport_introspection_cpp.so
[0.946s] -- Up-to-date: /home/charlie/traversability_analysis_ws_ros2/install/husky_msgs/lib/libhusky_msgs__rosidl_typesupport_cpp.so
[0.946s] -- Up-to-date: /home/charlie/traversability_analysis_ws_ros2/install/husky_msgs/share/husky_msgs/environment/pythonpath.sh
[0.947s] -- Up-to-date: /home/charlie/traversability_analysis_ws_ros2/install/husky_msgs/share/husky_msgs/environment/pythonpath.dsv
[0.947s] -- Up-to-date: /home/charlie/traversability_analysis_ws_ros2/install/husky_msgs/lib/python3.8/site-packages/husky_msgs/__init__.py
[0.952s] -- Up-to-date: /home/charlie/traversability_analysis_ws_ros2/install/husky_msgs/lib/python3.8/site-packages/husky_msgs/msg
[0.952s] -- Up-to-date: /home/charlie/traversability_analysis_ws_ros2/install/husky_msgs/lib/python3.8/site-packages/husky_msgs/msg/_husky_status.py
[0.952s] -- Up-to-date: /home/charlie/traversability_analysis_ws_ros2/install/husky_msgs/lib/python3.8/site-packages/husky_msgs/msg/_husky_status_s.c
[0.952s] -- Up-to-date: /home/charlie/traversability_analysis_ws_ros2/install/husky_msgs/lib/python3.8/site-packages/husky_msgs/msg/__init__.py
[0.952s] -- Installing: /home/charlie/traversability_analysis_ws_ros2/install/husky_msgs/lib/python3.8/site-packages/husky_msgs/husky_msgs_s__rosidl_typesupport_fastrtps_c.cpython-38-x86_64-linux-gnu.so
[0.952s] -- Set runtime path of "/home/charlie/traversability_analysis_ws_ros2/install/husky_msgs/lib/python3.8/site-packages/husky_msgs/husky_msgs_s__rosidl_typesupport_fastrtps_c.cpython-38-x86_64-linux-gnu.so" to ""
[0.952s] -- Up-to-date: /home/charlie/traversability_analysis_ws_ros2/install/husky_msgs/lib/python3.8/site-packages/husky_msgs/husky_msgs_s__rosidl_typesupport_introspection_c.cpython-38-x86_64-linux-gnu.so
[0.952s] -- Up-to-date: /home/charlie/traversability_analysis_ws_ros2/install/husky_msgs/lib/python3.8/site-packages/husky_msgs/husky_msgs_s__rosidl_typesupport_c.cpython-38-x86_64-linux-gnu.so
[0.954s] -- Up-to-date: /home/charlie/traversability_analysis_ws_ros2/install/husky_msgs/lib/libhusky_msgs__python.so
[0.954s] -- Up-to-date: /home/charlie/traversability_analysis_ws_ros2/install/husky_msgs/share/husky_msgs/msg/HuskyStatus.idl
[0.954s] -- Up-to-date: /home/charlie/traversability_analysis_ws_ros2/install/husky_msgs/share/husky_msgs/msg/HuskyStatus.msg
[0.954s] -- Up-to-date: /home/charlie/traversability_analysis_ws_ros2/install/husky_msgs/share/ament_index/resource_index/package_run_dependencies/husky_msgs
[0.954s] -- Up-to-date: /home/charlie/traversability_analysis_ws_ros2/install/husky_msgs/share/ament_index/resource_index/parent_prefix_path/husky_msgs
[0.955s] -- Up-to-date: /home/charlie/traversability_analysis_ws_ros2/install/husky_msgs/share/husky_msgs/environment/ament_prefix_path.sh
[0.955s] -- Up-to-date: /home/charlie/traversability_analysis_ws_ros2/install/husky_msgs/share/husky_msgs/environment/ament_prefix_path.dsv
[0.956s] -- Up-to-date: /home/charlie/traversability_analysis_ws_ros2/install/husky_msgs/share/husky_msgs/environment/path.sh
[0.957s] -- Up-to-date: /home/charlie/traversability_analysis_ws_ros2/install/husky_msgs/share/husky_msgs/environment/path.dsv
[0.957s] -- Up-to-date: /home/charlie/traversability_analysis_ws_ros2/install/husky_msgs/share/husky_msgs/local_setup.bash
[0.957s] -- Up-to-date: /home/charlie/traversability_analysis_ws_ros2/install/husky_msgs/share/husky_msgs/local_setup.sh
[0.960s] -- Up-to-date: /home/charlie/traversability_analysis_ws_ros2/install/husky_msgs/share/husky_msgs/local_setup.zsh
[0.961s] -- Up-to-date: /home/charlie/traversability_analysis_ws_ros2/install/husky_msgs/share/husky_msgs/local_setup.dsv
[0.961s] -- Installing: /home/charlie/traversability_analysis_ws_ros2/install/husky_msgs/share/husky_msgs/package.dsv
[0.962s] -- Up-to-date: /home/charlie/traversability_analysis_ws_ros2/install/husky_msgs/share/ament_index/resource_index/packages/husky_msgs
[0.962s] -- Up-to-date: /home/charlie/traversability_analysis_ws_ros2/install/husky_msgs/share/husky_msgs/cmake/husky_msgs__rosidl_generator_cExport.cmake
[0.963s] -- Up-to-date: /home/charlie/traversability_analysis_ws_ros2/install/husky_msgs/share/husky_msgs/cmake/husky_msgs__rosidl_generator_cExport-noconfig.cmake
[0.964s] -- Up-to-date: /home/charlie/traversability_analysis_ws_ros2/install/husky_msgs/share/husky_msgs/cmake/husky_msgs__rosidl_typesupport_introspection_cExport.cmake
[0.965s] -- Up-to-date: /home/charlie/traversability_analysis_ws_ros2/install/husky_msgs/share/husky_msgs/cmake/husky_msgs__rosidl_typesupport_introspection_cExport-noconfig.cmake
[0.965s] -- Up-to-date: /home/charlie/traversability_analysis_ws_ros2/install/husky_msgs/share/husky_msgs/cmake/husky_msgs__rosidl_typesupport_cExport.cmake
[0.965s] -- Up-to-date: /home/charlie/traversability_analysis_ws_ros2/install/husky_msgs/share/husky_msgs/cmake/husky_msgs__rosidl_typesupport_cExport-noconfig.cmake
[0.965s] -- Up-to-date: /home/charlie/traversability_analysis_ws_ros2/install/husky_msgs/share/husky_msgs/cmake/husky_msgs__rosidl_generator_cppExport.cmake
[0.965s] -- Up-to-date: /home/charlie/traversability_analysis_ws_ros2/install/husky_msgs/share/husky_msgs/cmake/husky_msgs__rosidl_typesupport_introspection_cppExport.cmake
[0.966s] -- Up-to-date: /home/charlie/traversability_analysis_ws_ros2/install/husky_msgs/share/husky_msgs/cmake/husky_msgs__rosidl_typesupport_introspection_cppExport-noconfig.cmake
[0.967s] -- Up-to-date: /home/charlie/traversability_analysis_ws_ros2/install/husky_msgs/share/husky_msgs/cmake/husky_msgs__rosidl_typesupport_cppExport.cmake
[0.967s] -- Up-to-date: /home/charlie/traversability_analysis_ws_ros2/install/husky_msgs/share/husky_msgs/cmake/husky_msgs__rosidl_typesupport_cppExport-noconfig.cmake
[0.967s] -- Up-to-date: /home/charlie/traversability_analysis_ws_ros2/install/husky_msgs/share/husky_msgs/cmake/rosidl_cmake-extras.cmake
[0.967s] -- Up-to-date: /home/charlie/traversability_analysis_ws_ros2/install/husky_msgs/share/husky_msgs/cmake/ament_cmake_export_dependencies-extras.cmake
[0.967s] -- Up-to-date: /home/charlie/traversability_analysis_ws_ros2/install/husky_msgs/share/husky_msgs/cmake/ament_cmake_export_libraries-extras.cmake
[0.967s] -- Up-to-date: /home/charlie/traversability_analysis_ws_ros2/install/husky_msgs/share/husky_msgs/cmake/ament_cmake_export_targets-extras.cmake
[0.967s] -- Up-to-date: /home/charlie/traversability_analysis_ws_ros2/install/husky_msgs/share/husky_msgs/cmake/ament_cmake_export_include_directories-extras.cmake
[0.967s] -- Up-to-date: /home/charlie/traversability_analysis_ws_ros2/install/husky_msgs/share/husky_msgs/cmake/rosidl_cmake_export_typesupport_libraries-extras.cmake
[0.967s] -- Up-to-date: /home/charlie/traversability_analysis_ws_ros2/install/husky_msgs/share/husky_msgs/cmake/rosidl_cmake_export_typesupport_targets-extras.cmake
[0.967s] -- Up-to-date: /home/charlie/traversability_analysis_ws_ros2/install/husky_msgs/share/husky_msgs/cmake/husky_msgsConfig.cmake
[0.968s] -- Up-to-date: /home/charlie/traversability_analysis_ws_ros2/install/husky_msgs/share/husky_msgs/cmake/husky_msgsConfig-version.cmake
[0.968s] -- Up-to-date: /home/charlie/traversability_analysis_ws_ros2/install/husky_msgs/share/husky_msgs/package.xml
[0.977s] Invoked command in '/home/charlie/traversability_analysis_ws_ros2/build/husky_msgs' returned '0': CMAKE_PREFIX_PATH=${CMAKE_PREFIX_PATH}:/home/charlie/traversability_analysis_ws_ros2/install/simulation:/home/charlie/traversability_analysis_ws_ros2/install/evaluation:/home/charlie/traversability_analysis_ws_ros2/install/dataset_generation_training:/opt/ros/foxy /usr/bin/cmake --install /home/charlie/traversability_analysis_ws_ros2/build/husky_msgs
