[0.090s] Invoking command in '/home/charlie/traversability_analysis_ws_ros2/build/husky_msgs': CMAKE_PREFIX_PATH=${CMAKE_PREFIX_PATH}:/home/charlie/traversability_analysis_ws_ros2/install/simulation:/home/charlie/traversability_analysis_ws_ros2/install/evaluation:/home/charlie/traversability_analysis_ws_ros2/install/dataset_generation_training:/opt/ros/foxy /usr/bin/cmake --build /home/charlie/traversability_analysis_ws_ros2/build/husky_msgs -- -j16 -l16
[1.313s] [  3%] Built target husky_msgs__cpp
[1.315s] [ 12%] Built target husky_msgs__rosidl_generator_c
[1.315s] [ 22%] Built target husky_msgs__rosidl_typesupport_introspection_c
[1.315s] [ 32%] Built target husky_msgs__rosidl_typesupport_cpp
[1.316s] [ 41%] Built target husky_msgs__rosidl_typesupport_introspection_cpp
[1.316s] [ 51%] Built target husky_msgs__rosidl_typesupport_c
[1.318s] [ 61%] Built target husky_msgs__rosidl_typesupport_fastrtps_cpp
[1.319s] [ 70%] Built target husky_msgs__rosidl_typesupport_fastrtps_c
[1.319s] [ 70%] Built target husky_msgs
[1.319s] [ 74%] Built target husky_msgs__py
[1.319s] [ 80%] Built target husky_msgs__python
[1.319s] [ 93%] Built target husky_msgs__rosidl_typesupport_introspection_c__pyext
[1.319s] [ 93%] Built target husky_msgs__rosidl_typesupport_c__pyext
[1.319s] [100%] Built target husky_msgs__rosidl_typesupport_fastrtps_c__pyext
[1.324s] Invoked command in '/home/charlie/traversability_analysis_ws_ros2/build/husky_msgs' returned '0': CMAKE_PREFIX_PATH=${CMAKE_PREFIX_PATH}:/home/charlie/traversability_analysis_ws_ros2/install/simulation:/home/charlie/traversability_analysis_ws_ros2/install/evaluation:/home/charlie/traversability_analysis_ws_ros2/install/dataset_generation_training:/opt/ros/foxy /usr/bin/cmake --build /home/charlie/traversability_analysis_ws_ros2/build/husky_msgs -- -j16 -l16
[1.407s] Invoking command in '/home/charlie/traversability_analysis_ws_ros2/build/husky_msgs': CMAKE_PREFIX_PATH=${CMAKE_PREFIX_PATH}:/home/charlie/traversability_analysis_ws_ros2/install/simulation:/home/charlie/traversability_analysis_ws_ros2/install/evaluation:/home/charlie/traversability_analysis_ws_ros2/install/dataset_generation_training:/opt/ros/foxy /usr/bin/cmake --install /home/charlie/traversability_analysis_ws_ros2/build/husky_msgs
[1.419s] -- Install configuration: ""
[1.420s] -- Up-to-date: /home/charlie/traversability_analysis_ws_ros2/install/husky_msgs/share/ament_index/resource_index/rosidl_interfaces/husky_msgs
[1.420s] -- Up-to-date: /home/charlie/traversability_analysis_ws_ros2/install/husky_msgs/include/husky_msgs
[1.420s] -- Up-to-date: /home/charlie/traversability_analysis_ws_ros2/install/husky_msgs/include/husky_msgs/msg
[1.420s] -- Up-to-date: /home/charlie/traversability_analysis_ws_ros2/install/husky_msgs/include/husky_msgs/msg/husky_status.h
[1.420s] -- Up-to-date: /home/charlie/traversability_analysis_ws_ros2/install/husky_msgs/include/husky_msgs/msg/detail
[1.420s] -- Up-to-date: /home/charlie/traversability_analysis_ws_ros2/install/husky_msgs/include/husky_msgs/msg/detail/husky_status__struct.h
[1.420s] -- Up-to-date: /home/charlie/traversability_analysis_ws_ros2/install/husky_msgs/include/husky_msgs/msg/detail/husky_status__functions.c
[1.420s] -- Up-to-date: /home/charlie/traversability_analysis_ws_ros2/install/husky_msgs/include/husky_msgs/msg/detail/husky_status__functions.h
[1.420s] -- Up-to-date: /home/charlie/traversability_analysis_ws_ros2/install/husky_msgs/include/husky_msgs/msg/detail/husky_status__type_support.h
[1.420s] -- Up-to-date: /home/charlie/traversability_analysis_ws_ros2/install/husky_msgs/include/husky_msgs/msg/rosidl_generator_c__visibility_control.h
[1.421s] -- Up-to-date: /home/charlie/traversability_analysis_ws_ros2/install/husky_msgs/share/husky_msgs/environment/library_path.sh
[1.421s] -- Up-to-date: /home/charlie/traversability_analysis_ws_ros2/install/husky_msgs/share/husky_msgs/environment/library_path.dsv
[1.421s] -- Up-to-date: /home/charlie/traversability_analysis_ws_ros2/install/husky_msgs/lib/libhusky_msgs__rosidl_generator_c.so
[1.421s] -- Up-to-date: /home/charlie/traversability_analysis_ws_ros2/install/husky_msgs/include/husky_msgs
[1.421s] -- Up-to-date: /home/charlie/traversability_analysis_ws_ros2/install/husky_msgs/include/husky_msgs/msg
[1.421s] -- Up-to-date: /home/charlie/traversability_analysis_ws_ros2/install/husky_msgs/include/husky_msgs/msg/detail
[1.421s] -- Up-to-date: /home/charlie/traversability_analysis_ws_ros2/install/husky_msgs/include/husky_msgs/msg/detail/husky_status__rosidl_typesupport_fastrtps_c.h
[1.421s] -- Up-to-date: /home/charlie/traversability_analysis_ws_ros2/install/husky_msgs/include/husky_msgs/msg/rosidl_typesupport_fastrtps_c__visibility_control.h
[1.421s] -- Up-to-date: /home/charlie/traversability_analysis_ws_ros2/install/husky_msgs/lib/libhusky_msgs__rosidl_typesupport_fastrtps_c.so
[1.422s] -- Up-to-date: /home/charlie/traversability_analysis_ws_ros2/install/husky_msgs/include/husky_msgs
[1.422s] -- Up-to-date: /home/charlie/traversability_analysis_ws_ros2/install/husky_msgs/include/husky_msgs/msg
[1.422s] -- Up-to-date: /home/charlie/traversability_analysis_ws_ros2/install/husky_msgs/include/husky_msgs/msg/rosidl_typesupport_fastrtps_cpp__visibility_control.h
[1.422s] -- Up-to-date: /home/charlie/traversability_analysis_ws_ros2/install/husky_msgs/include/husky_msgs/msg/detail
[1.422s] -- Up-to-date: /home/charlie/traversability_analysis_ws_ros2/install/husky_msgs/include/husky_msgs/msg/detail/husky_status__rosidl_typesupport_fastrtps_cpp.hpp
[1.422s] -- Up-to-date: /home/charlie/traversability_analysis_ws_ros2/install/husky_msgs/include/husky_msgs/msg/detail/dds_fastrtps
[1.422s] -- Up-to-date: /home/charlie/traversability_analysis_ws_ros2/install/husky_msgs/lib/libhusky_msgs__rosidl_typesupport_fastrtps_cpp.so
[1.422s] -- Up-to-date: /home/charlie/traversability_analysis_ws_ros2/install/husky_msgs/include/husky_msgs
[1.422s] -- Up-to-date: /home/charlie/traversability_analysis_ws_ros2/install/husky_msgs/include/husky_msgs/msg
[1.423s] -- Up-to-date: /home/charlie/traversability_analysis_ws_ros2/install/husky_msgs/include/husky_msgs/msg/rosidl_typesupport_introspection_c__visibility_control.h
[1.423s] -- Up-to-date: /home/charlie/traversability_analysis_ws_ros2/install/husky_msgs/include/husky_msgs/msg/detail
[1.423s] -- Up-to-date: /home/charlie/traversability_analysis_ws_ros2/install/husky_msgs/include/husky_msgs/msg/detail/husky_status__type_support.c
[1.423s] -- Up-to-date: /home/charlie/traversability_analysis_ws_ros2/install/husky_msgs/include/husky_msgs/msg/detail/husky_status__rosidl_typesupport_introspection_c.h
[1.423s] -- Up-to-date: /home/charlie/traversability_analysis_ws_ros2/install/husky_msgs/lib/libhusky_msgs__rosidl_typesupport_introspection_c.so
[1.423s] -- Up-to-date: /home/charlie/traversability_analysis_ws_ros2/install/husky_msgs/lib/libhusky_msgs__rosidl_typesupport_c.so
[1.424s] -- Up-to-date: /home/charlie/traversability_analysis_ws_ros2/install/husky_msgs/include/husky_msgs
[1.424s] -- Up-to-date: /home/charlie/traversability_analysis_ws_ros2/install/husky_msgs/include/husky_msgs/msg
[1.424s] -- Up-to-date: /home/charlie/traversability_analysis_ws_ros2/install/husky_msgs/include/husky_msgs/msg/husky_status.hpp
[1.424s] -- Up-to-date: /home/charlie/traversability_analysis_ws_ros2/install/husky_msgs/include/husky_msgs/msg/detail
[1.424s] -- Up-to-date: /home/charlie/traversability_analysis_ws_ros2/install/husky_msgs/include/husky_msgs/msg/detail/husky_status__struct.hpp
[1.424s] -- Up-to-date: /home/charlie/traversability_analysis_ws_ros2/install/husky_msgs/include/husky_msgs/msg/detail/husky_status__builder.hpp
[1.424s] -- Up-to-date: /home/charlie/traversability_analysis_ws_ros2/install/husky_msgs/include/husky_msgs/msg/detail/husky_status__traits.hpp
[1.424s] -- Up-to-date: /home/charlie/traversability_analysis_ws_ros2/install/husky_msgs/include/husky_msgs
[1.424s] -- Up-to-date: /home/charlie/traversability_analysis_ws_ros2/install/husky_msgs/include/husky_msgs/msg
[1.425s] -- Up-to-date: /home/charlie/traversability_analysis_ws_ros2/install/husky_msgs/include/husky_msgs/msg/detail
[1.425s] -- Up-to-date: /home/charlie/traversability_analysis_ws_ros2/install/husky_msgs/include/husky_msgs/msg/detail/husky_status__type_support.cpp
[1.425s] -- Up-to-date: /home/charlie/traversability_analysis_ws_ros2/install/husky_msgs/include/husky_msgs/msg/detail/husky_status__rosidl_typesupport_introspection_cpp.hpp
[1.425s] -- Up-to-date: /home/charlie/traversability_analysis_ws_ros2/install/husky_msgs/lib/libhusky_msgs__rosidl_typesupport_introspection_cpp.so
[1.427s] -- Up-to-date: /home/charlie/traversability_analysis_ws_ros2/install/husky_msgs/lib/libhusky_msgs__rosidl_typesupport_cpp.so
[1.427s] -- Up-to-date: /home/charlie/traversability_analysis_ws_ros2/install/husky_msgs/share/husky_msgs/environment/pythonpath.sh
[1.427s] -- Up-to-date: /home/charlie/traversability_analysis_ws_ros2/install/husky_msgs/share/husky_msgs/environment/pythonpath.dsv
[1.427s] -- Up-to-date: /home/charlie/traversability_analysis_ws_ros2/install/husky_msgs/lib/python3.8/site-packages/husky_msgs/__init__.py
[1.469s] -- Up-to-date: /home/charlie/traversability_analysis_ws_ros2/install/husky_msgs/lib/python3.8/site-packages/husky_msgs/msg
[1.469s] -- Up-to-date: /home/charlie/traversability_analysis_ws_ros2/install/husky_msgs/lib/python3.8/site-packages/husky_msgs/msg/_husky_status.py
[1.469s] -- Up-to-date: /home/charlie/traversability_analysis_ws_ros2/install/husky_msgs/lib/python3.8/site-packages/husky_msgs/msg/_husky_status_s.c
[1.469s] -- Up-to-date: /home/charlie/traversability_analysis_ws_ros2/install/husky_msgs/lib/python3.8/site-packages/husky_msgs/msg/__init__.py
[1.470s] -- Up-to-date: /home/charlie/traversability_analysis_ws_ros2/install/husky_msgs/lib/python3.8/site-packages/husky_msgs/husky_msgs_s__rosidl_typesupport_fastrtps_c.cpython-38-x86_64-linux-gnu.so
[1.470s] -- Up-to-date: /home/charlie/traversability_analysis_ws_ros2/install/husky_msgs/lib/python3.8/site-packages/husky_msgs/husky_msgs_s__rosidl_typesupport_introspection_c.cpython-38-x86_64-linux-gnu.so
[1.473s] -- Up-to-date: /home/charlie/traversability_analysis_ws_ros2/install/husky_msgs/lib/python3.8/site-packages/husky_msgs/husky_msgs_s__rosidl_typesupport_c.cpython-38-x86_64-linux-gnu.so
[1.473s] -- Up-to-date: /home/charlie/traversability_analysis_ws_ros2/install/husky_msgs/lib/libhusky_msgs__python.so
[1.473s] -- Up-to-date: /home/charlie/traversability_analysis_ws_ros2/install/husky_msgs/share/husky_msgs/msg/HuskyStatus.idl
[1.473s] -- Up-to-date: /home/charlie/traversability_analysis_ws_ros2/install/husky_msgs/share/husky_msgs/msg/HuskyStatus.msg
[1.474s] -- Up-to-date: /home/charlie/traversability_analysis_ws_ros2/install/husky_msgs/share/ament_index/resource_index/package_run_dependencies/husky_msgs
[1.474s] -- Up-to-date: /home/charlie/traversability_analysis_ws_ros2/install/husky_msgs/share/ament_index/resource_index/parent_prefix_path/husky_msgs
[1.474s] -- Up-to-date: /home/charlie/traversability_analysis_ws_ros2/install/husky_msgs/share/husky_msgs/environment/ament_prefix_path.sh
[1.474s] -- Up-to-date: /home/charlie/traversability_analysis_ws_ros2/install/husky_msgs/share/husky_msgs/environment/ament_prefix_path.dsv
[1.474s] -- Up-to-date: /home/charlie/traversability_analysis_ws_ros2/install/husky_msgs/share/husky_msgs/environment/path.sh
[1.474s] -- Up-to-date: /home/charlie/traversability_analysis_ws_ros2/install/husky_msgs/share/husky_msgs/environment/path.dsv
[1.474s] -- Up-to-date: /home/charlie/traversability_analysis_ws_ros2/install/husky_msgs/share/husky_msgs/local_setup.bash
[1.474s] -- Up-to-date: /home/charlie/traversability_analysis_ws_ros2/install/husky_msgs/share/husky_msgs/local_setup.sh
[1.474s] -- Up-to-date: /home/charlie/traversability_analysis_ws_ros2/install/husky_msgs/share/husky_msgs/local_setup.zsh
[1.474s] -- Up-to-date: /home/charlie/traversability_analysis_ws_ros2/install/husky_msgs/share/husky_msgs/local_setup.dsv
[1.474s] -- Installing: /home/charlie/traversability_analysis_ws_ros2/install/husky_msgs/share/husky_msgs/package.dsv
[1.475s] -- Up-to-date: /home/charlie/traversability_analysis_ws_ros2/install/husky_msgs/share/ament_index/resource_index/packages/husky_msgs
[1.475s] -- Up-to-date: /home/charlie/traversability_analysis_ws_ros2/install/husky_msgs/share/husky_msgs/cmake/husky_msgs__rosidl_generator_cExport.cmake
[1.475s] -- Up-to-date: /home/charlie/traversability_analysis_ws_ros2/install/husky_msgs/share/husky_msgs/cmake/husky_msgs__rosidl_generator_cExport-noconfig.cmake
[1.475s] -- Up-to-date: /home/charlie/traversability_analysis_ws_ros2/install/husky_msgs/share/husky_msgs/cmake/husky_msgs__rosidl_typesupport_introspection_cExport.cmake
[1.475s] -- Up-to-date: /home/charlie/traversability_analysis_ws_ros2/install/husky_msgs/share/husky_msgs/cmake/husky_msgs__rosidl_typesupport_introspection_cExport-noconfig.cmake
[1.475s] -- Up-to-date: /home/charlie/traversability_analysis_ws_ros2/install/husky_msgs/share/husky_msgs/cmake/husky_msgs__rosidl_typesupport_cExport.cmake
[1.475s] -- Up-to-date: /home/charlie/traversability_analysis_ws_ros2/install/husky_msgs/share/husky_msgs/cmake/husky_msgs__rosidl_typesupport_cExport-noconfig.cmake
[1.475s] -- Up-to-date: /home/charlie/traversability_analysis_ws_ros2/install/husky_msgs/share/husky_msgs/cmake/husky_msgs__rosidl_generator_cppExport.cmake
[1.476s] -- Up-to-date: /home/charlie/traversability_analysis_ws_ros2/install/husky_msgs/share/husky_msgs/cmake/husky_msgs__rosidl_typesupport_introspection_cppExport.cmake
[1.476s] -- Up-to-date: /home/charlie/traversability_analysis_ws_ros2/install/husky_msgs/share/husky_msgs/cmake/husky_msgs__rosidl_typesupport_introspection_cppExport-noconfig.cmake
[1.476s] -- Up-to-date: /home/charlie/traversability_analysis_ws_ros2/install/husky_msgs/share/husky_msgs/cmake/husky_msgs__rosidl_typesupport_cppExport.cmake
[1.476s] -- Up-to-date: /home/charlie/traversability_analysis_ws_ros2/install/husky_msgs/share/husky_msgs/cmake/husky_msgs__rosidl_typesupport_cppExport-noconfig.cmake
[1.476s] -- Up-to-date: /home/charlie/traversability_analysis_ws_ros2/install/husky_msgs/share/husky_msgs/cmake/rosidl_cmake-extras.cmake
[1.476s] -- Up-to-date: /home/charlie/traversability_analysis_ws_ros2/install/husky_msgs/share/husky_msgs/cmake/ament_cmake_export_dependencies-extras.cmake
[1.476s] -- Up-to-date: /home/charlie/traversability_analysis_ws_ros2/install/husky_msgs/share/husky_msgs/cmake/ament_cmake_export_libraries-extras.cmake
[1.476s] -- Up-to-date: /home/charlie/traversability_analysis_ws_ros2/install/husky_msgs/share/husky_msgs/cmake/ament_cmake_export_targets-extras.cmake
[1.476s] -- Up-to-date: /home/charlie/traversability_analysis_ws_ros2/install/husky_msgs/share/husky_msgs/cmake/ament_cmake_export_include_directories-extras.cmake
[1.476s] -- Up-to-date: /home/charlie/traversability_analysis_ws_ros2/install/husky_msgs/share/husky_msgs/cmake/rosidl_cmake_export_typesupport_libraries-extras.cmake
[1.476s] -- Up-to-date: /home/charlie/traversability_analysis_ws_ros2/install/husky_msgs/share/husky_msgs/cmake/rosidl_cmake_export_typesupport_targets-extras.cmake
[1.476s] -- Up-to-date: /home/charlie/traversability_analysis_ws_ros2/install/husky_msgs/share/husky_msgs/cmake/husky_msgsConfig.cmake
[1.477s] -- Up-to-date: /home/charlie/traversability_analysis_ws_ros2/install/husky_msgs/share/husky_msgs/cmake/husky_msgsConfig-version.cmake
[1.477s] -- Up-to-date: /home/charlie/traversability_analysis_ws_ros2/install/husky_msgs/share/husky_msgs/package.xml
[1.511s] Invoked command in '/home/charlie/traversability_analysis_ws_ros2/build/husky_msgs' returned '0': CMAKE_PREFIX_PATH=${CMAKE_PREFIX_PATH}:/home/charlie/traversability_analysis_ws_ros2/install/simulation:/home/charlie/traversability_analysis_ws_ros2/install/evaluation:/home/charlie/traversability_analysis_ws_ros2/install/dataset_generation_training:/opt/ros/foxy /usr/bin/cmake --install /home/charlie/traversability_analysis_ws_ros2/build/husky_msgs
