[2.231s] Invoking command in '/home/charlie/traversability_analysis_ws_ros2/src/simulation': PYTHONPATH=/home/charlie/traversability_analysis_ws_ros2/build/simulation/prefix_override:/home/charlie/traversability_analysis_ws_ros2/install/simulation/lib/python3.8/site-packages:${PYTHONPATH} /usr/bin/python3 setup.py egg_info --egg-base ../../build/simulation build --build-base /home/charlie/traversability_analysis_ws_ros2/build/simulation/build install --record /home/charlie/traversability_analysis_ws_ros2/build/simulation/install.log --install-scripts $base/lib/simulation --single-version-externally-managed
[2.623s] /home/charlie/.local/lib/python3.8/site-packages/setuptools/dist.py:770: UserWarning: Usage of dash-separated 'script-dir' will not be supported in future versions. Please use the underscore name 'script_dir' instead
[2.624s]   warnings.warn(
[2.778s] running egg_info
[2.801s] writing ../../build/simulation/simulation.egg-info/PKG-INFO
[2.801s] writing dependency_links to ../../build/simulation/simulation.egg-info/dependency_links.txt
[2.801s] writing entry points to ../../build/simulation/simulation.egg-info/entry_points.txt
[2.802s] writing requirements to ../../build/simulation/simulation.egg-info/requires.txt
[2.802s] writing top-level names to ../../build/simulation/simulation.egg-info/top_level.txt
[2.848s] reading manifest file '../../build/simulation/simulation.egg-info/SOURCES.txt'
[2.849s] writing manifest file '../../build/simulation/simulation.egg-info/SOURCES.txt'
[2.849s] running build
[2.850s] running build_py
[2.850s] copying simulation/simulation_data_collection.py -> /home/charlie/traversability_analysis_ws_ros2/build/simulation/build/lib/simulation
[2.850s] running install
[2.850s] /home/charlie/.local/lib/python3.8/site-packages/setuptools/command/install.py:34: SetuptoolsDeprecationWarning: setup.py install is deprecated. Use build and pip and other standards-based tools.
[2.850s]   warnings.warn(
[2.859s] running install_lib
[2.881s] copying /home/charlie/traversability_analysis_ws_ros2/build/simulation/build/lib/simulation/simulation_data_collection.py -> /home/charlie/traversability_analysis_ws_ros2/install/simulation/lib/python3.8/site-packages/simulation
[2.882s] byte-compiling /home/charlie/traversability_analysis_ws_ros2/install/simulation/lib/python3.8/site-packages/simulation/simulation_data_collection.py to simulation_data_collection.cpython-38.pyc
[2.886s] running install_data
[2.914s] running install_egg_info
[2.936s] removing '/home/charlie/traversability_analysis_ws_ros2/install/simulation/lib/python3.8/site-packages/simulation-0.0.0-py3.8.egg-info' (and everything under it)
[2.936s] Copying ../../build/simulation/simulation.egg-info to /home/charlie/traversability_analysis_ws_ros2/install/simulation/lib/python3.8/site-packages/simulation-0.0.0-py3.8.egg-info
[2.937s] running install_scripts
[3.034s] Installing simulation_data_collection script to /home/charlie/traversability_analysis_ws_ros2/install/simulation/lib/simulation
[3.034s] writing list of installed files to '/home/charlie/traversability_analysis_ws_ros2/build/simulation/install.log'
[3.083s] Invoked command in '/home/charlie/traversability_analysis_ws_ros2/src/simulation' returned '0': PYTHONPATH=/home/charlie/traversability_analysis_ws_ros2/build/simulation/prefix_override:/home/charlie/traversability_analysis_ws_ros2/install/simulation/lib/python3.8/site-packages:${PYTHONPATH} /usr/bin/python3 setup.py egg_info --egg-base ../../build/simulation build --build-base /home/charlie/traversability_analysis_ws_ros2/build/simulation/build install --record /home/charlie/traversability_analysis_ws_ros2/build/simulation/install.log --install-scripts $base/lib/simulation --single-version-externally-managed
