[2.102s] Invoking command in '/home/charlie/traversability_analysis_ws_ros2/src/dataset_generation_training': PYTHONPATH=/home/charlie/traversability_analysis_ws_ros2/build/dataset_generation_training/prefix_override:/home/charlie/traversability_analysis_ws_ros2/install/dataset_generation_training/lib/python3.8/site-packages:${PYTHONPATH} /usr/bin/python3 setup.py egg_info --egg-base ../../build/dataset_generation_training build --build-base /home/charlie/traversability_analysis_ws_ros2/build/dataset_generation_training/build install --record /home/charlie/traversability_analysis_ws_ros2/build/dataset_generation_training/install.log --install-scripts $base/lib/dataset_generation_training --single-version-externally-managed
[2.544s] /home/charlie/.local/lib/python3.8/site-packages/setuptools/dist.py:770: UserWarning: Usage of dash-separated 'script-dir' will not be supported in future versions. Please use the underscore name 'script_dir' instead
[2.544s]   warnings.warn(
[2.689s] running egg_info
[2.716s] writing ../../build/dataset_generation_training/dataset_generation_training.egg-info/PKG-INFO
[2.716s] writing dependency_links to ../../build/dataset_generation_training/dataset_generation_training.egg-info/dependency_links.txt
[2.716s] writing entry points to ../../build/dataset_generation_training/dataset_generation_training.egg-info/entry_points.txt
[2.717s] writing requirements to ../../build/dataset_generation_training/dataset_generation_training.egg-info/requires.txt
[2.717s] writing top-level names to ../../build/dataset_generation_training/dataset_generation_training.egg-info/top_level.txt
[2.764s] reading manifest file '../../build/dataset_generation_training/dataset_generation_training.egg-info/SOURCES.txt'
[2.765s] writing manifest file '../../build/dataset_generation_training/dataset_generation_training.egg-info/SOURCES.txt'
[2.766s] running build
[2.766s] running build_py
[2.766s] running install
[2.766s] /home/charlie/.local/lib/python3.8/site-packages/setuptools/command/install.py:34: SetuptoolsDeprecationWarning: setup.py install is deprecated. Use build and pip and other standards-based tools.
[2.766s]   warnings.warn(
[2.774s] running install_lib
[2.796s] running install_data
[2.818s] running install_egg_info
[2.848s] removing '/home/charlie/traversability_analysis_ws_ros2/install/dataset_generation_training/lib/python3.8/site-packages/dataset_generation_training-0.0.0-py3.8.egg-info' (and everything under it)
[2.848s] Copying ../../build/dataset_generation_training/dataset_generation_training.egg-info to /home/charlie/traversability_analysis_ws_ros2/install/dataset_generation_training/lib/python3.8/site-packages/dataset_generation_training-0.0.0-py3.8.egg-info
[2.849s] running install_scripts
[2.950s] Installing dataset_generation_training script to /home/charlie/traversability_analysis_ws_ros2/install/dataset_generation_training/lib/dataset_generation_training
[2.950s] writing list of installed files to '/home/charlie/traversability_analysis_ws_ros2/build/dataset_generation_training/install.log'
[2.999s] Invoked command in '/home/charlie/traversability_analysis_ws_ros2/src/dataset_generation_training' returned '0': PYTHONPATH=/home/charlie/traversability_analysis_ws_ros2/build/dataset_generation_training/prefix_override:/home/charlie/traversability_analysis_ws_ros2/install/dataset_generation_training/lib/python3.8/site-packages:${PYTHONPATH} /usr/bin/python3 setup.py egg_info --egg-base ../../build/dataset_generation_training build --build-base /home/charlie/traversability_analysis_ws_ros2/build/dataset_generation_training/build install --record /home/charlie/traversability_analysis_ws_ros2/build/dataset_generation_training/install.log --install-scripts $base/lib/dataset_generation_training --single-version-externally-managed
