[1.379s] Invoking command in '/home/charlie/traversability_analysis_ws_ros2/src/dataset_generation_training': PYTHONPATH=/home/charlie/traversability_analysis_ws_ros2/build/dataset_generation_training/prefix_override:/home/charlie/traversability_analysis_ws_ros2/install/dataset_generation_training/lib/python3.8/site-packages:${PYTHONPATH} /usr/bin/python3 setup.py egg_info --egg-base ../../build/dataset_generation_training build --build-base /home/charlie/traversability_analysis_ws_ros2/build/dataset_generation_training/build install --record /home/charlie/traversability_analysis_ws_ros2/build/dataset_generation_training/install.log --install-scripts $base/lib/dataset_generation_training --single-version-externally-managed
[1.658s] /home/charlie/.local/lib/python3.8/site-packages/setuptools/dist.py:770: UserWarning: Usage of dash-separated 'script-dir' will not be supported in future versions. Please use the underscore name 'script_dir' instead
[1.658s]   warnings.warn(
[1.747s] running egg_info
[1.764s] writing ../../build/dataset_generation_training/dataset_generation_training.egg-info/PKG-INFO
[1.765s] writing dependency_links to ../../build/dataset_generation_training/dataset_generation_training.egg-info/dependency_links.txt
[1.765s] writing entry points to ../../build/dataset_generation_training/dataset_generation_training.egg-info/entry_points.txt
[1.765s] writing requirements to ../../build/dataset_generation_training/dataset_generation_training.egg-info/requires.txt
[1.765s] writing top-level names to ../../build/dataset_generation_training/dataset_generation_training.egg-info/top_level.txt
[1.798s] reading manifest file '../../build/dataset_generation_training/dataset_generation_training.egg-info/SOURCES.txt'
[1.799s] writing manifest file '../../build/dataset_generation_training/dataset_generation_training.egg-info/SOURCES.txt'
[1.799s] running build
[1.799s] running build_py
[1.799s] copying dataset_generation_training/dataset_generation_training.py -> /home/charlie/traversability_analysis_ws_ros2/build/dataset_generation_training/build/lib/dataset_generation_training
[1.799s] running install
[1.799s] /home/charlie/.local/lib/python3.8/site-packages/setuptools/command/install.py:34: SetuptoolsDeprecationWarning: setup.py install is deprecated. Use build and pip and other standards-based tools.
[1.800s]   warnings.warn(
[1.807s] running install_lib
[1.822s] copying /home/charlie/traversability_analysis_ws_ros2/build/dataset_generation_training/build/lib/dataset_generation_training/dataset_generation_training.py -> /home/charlie/traversability_analysis_ws_ros2/install/dataset_generation_training/lib/python3.8/site-packages/dataset_generation_training
[1.823s] byte-compiling /home/charlie/traversability_analysis_ws_ros2/install/dataset_generation_training/lib/python3.8/site-packages/dataset_generation_training/dataset_generation_training.py to dataset_generation_training.cpython-38.pyc
[1.826s] running install_data
[1.842s] running install_egg_info
[1.861s] removing '/home/charlie/traversability_analysis_ws_ros2/install/dataset_generation_training/lib/python3.8/site-packages/dataset_generation_training-0.0.0-py3.8.egg-info' (and everything under it)
[1.861s] Copying ../../build/dataset_generation_training/dataset_generation_training.egg-info to /home/charlie/traversability_analysis_ws_ros2/install/dataset_generation_training/lib/python3.8/site-packages/dataset_generation_training-0.0.0-py3.8.egg-info
[1.861s] running install_scripts
[1.922s] Installing dataset_generation_training script to /home/charlie/traversability_analysis_ws_ros2/install/dataset_generation_training/lib/dataset_generation_training
[1.922s] writing list of installed files to '/home/charlie/traversability_analysis_ws_ros2/build/dataset_generation_training/install.log'
[1.958s] Invoked command in '/home/charlie/traversability_analysis_ws_ros2/src/dataset_generation_training' returned '0': PYTHONPATH=/home/charlie/traversability_analysis_ws_ros2/build/dataset_generation_training/prefix_override:/home/charlie/traversability_analysis_ws_ros2/install/dataset_generation_training/lib/python3.8/site-packages:${PYTHONPATH} /usr/bin/python3 setup.py egg_info --egg-base ../../build/dataset_generation_training build --build-base /home/charlie/traversability_analysis_ws_ros2/build/dataset_generation_training/build install --record /home/charlie/traversability_analysis_ws_ros2/build/dataset_generation_training/install.log --install-scripts $base/lib/dataset_generation_training --single-version-externally-managed
