/home/charlie/.local/lib/python3.8/site-packages/setuptools/dist.py:770: UserWarning: Usage of dash-separated 'script-dir' will not be supported in future versions. Please use the underscore name 'script_dir' instead
  warnings.warn(
running egg_info
writing ../../build/dataset_generation_training/dataset_generation_training.egg-info/PKG-INFO
writing dependency_links to ../../build/dataset_generation_training/dataset_generation_training.egg-info/dependency_links.txt
writing entry points to ../../build/dataset_generation_training/dataset_generation_training.egg-info/entry_points.txt
writing requirements to ../../build/dataset_generation_training/dataset_generation_training.egg-info/requires.txt
writing top-level names to ../../build/dataset_generation_training/dataset_generation_training.egg-info/top_level.txt
reading manifest file '../../build/dataset_generation_training/dataset_generation_training.egg-info/SOURCES.txt'
writing manifest file '../../build/dataset_generation_training/dataset_generation_training.egg-info/SOURCES.txt'
running build
running build_py
copying dataset_generation_training/composite_meta_generation.py -> /home/charlie/traversability_analysis_ws_ros2/build/dataset_generation_training/build/lib/dataset_generation_training
running install
/home/charlie/.local/lib/python3.8/site-packages/setuptools/command/install.py:34: SetuptoolsDeprecationWarning: setup.py install is deprecated. Use build and pip and other standards-based tools.
  warnings.warn(
running install_lib
copying /home/charlie/traversability_analysis_ws_ros2/build/dataset_generation_training/build/lib/dataset_generation_training/composite_meta_generation.py -> /home/charlie/traversability_analysis_ws_ros2/install/dataset_generation_training/lib/python3.8/site-packages/dataset_generation_training
byte-compiling /home/charlie/traversability_analysis_ws_ros2/install/dataset_generation_training/lib/python3.8/site-packages/dataset_generation_training/composite_meta_generation.py to composite_meta_generation.cpython-38.pyc
running install_data
running install_egg_info
removing '/home/charlie/traversability_analysis_ws_ros2/install/dataset_generation_training/lib/python3.8/site-packages/dataset_generation_training-0.0.0-py3.8.egg-info' (and everything under it)
Copying ../../build/dataset_generation_training/dataset_generation_training.egg-info to /home/charlie/traversability_analysis_ws_ros2/install/dataset_generation_training/lib/python3.8/site-packages/dataset_generation_training-0.0.0-py3.8.egg-info
running install_scripts
Installing dataset_generation_training script to /home/charlie/traversability_analysis_ws_ros2/install/dataset_generation_training/lib/dataset_generation_training
writing list of installed files to '/home/charlie/traversability_analysis_ws_ros2/build/dataset_generation_training/install.log'
