[0.037s] Invoking command in '/home/charlie/traversability_analysis_ws_ros2/build/husky_description': CMAKE_PREFIX_PATH=${CMAKE_PREFIX_PATH}:/home/charlie/traversability_analysis_ws_ros2/install/simulation:/opt/ros/foxy /usr/bin/cmake /home/charlie/traversability_analysis_ws_ros2/src/husky/husky_description -DCMAKE_INSTALL_PREFIX=/home/charlie/traversability_analysis_ws_ros2/install/husky_description
[0.074s] -- The C compiler identification is GNU 9.4.0
[0.109s] -- The CXX compiler identification is GNU 9.4.0
[0.112s] -- Check for working C compiler: /usr/bin/cc
[0.156s] -- Check for working C compiler: /usr/bin/cc -- works
[0.156s] -- Detecting C compiler ABI info
[0.201s] -- Detecting C compiler ABI info - done
[0.208s] -- Detecting C compile features
[0.208s] -- Detecting C compile features - done
[0.210s] -- Check for working CXX compiler: /usr/bin/c++
[0.261s] -- Check for working CXX compiler: /usr/bin/c++ -- works
[0.262s] -- Detecting CXX compiler ABI info
[0.316s] -- Detecting CXX compiler ABI info - done
[0.321s] -- Detecting CXX compile features
[0.322s] -- Detecting CXX compile features - done
[0.323s] -- Found ament_cmake: 0.9.11 (/opt/ros/foxy/share/ament_cmake/cmake)
[0.339s] -- Found PythonInterp: /usr/bin/python3 (found suitable version "3.8.10", minimum required is "3") 
[0.339s] -- Using PYTHON_EXECUTABLE: /usr/bin/python3
[0.540s] -- Found urdf: 2.4.0 (/opt/ros/foxy/share/urdf/cmake)
[0.610s] -- Configuring done
[0.612s] -- Generating done
[0.613s] -- Build files have been written to: /home/charlie/traversability_analysis_ws_ros2/build/husky_description
[0.619s] Invoked command in '/home/charlie/traversability_analysis_ws_ros2/build/husky_description' returned '0': CMAKE_PREFIX_PATH=${CMAKE_PREFIX_PATH}:/home/charlie/traversability_analysis_ws_ros2/install/simulation:/opt/ros/foxy /usr/bin/cmake /home/charlie/traversability_analysis_ws_ros2/src/husky/husky_description -DCMAKE_INSTALL_PREFIX=/home/charlie/traversability_analysis_ws_ros2/install/husky_description
[0.621s] Invoking command in '/home/charlie/traversability_analysis_ws_ros2/build/husky_description': CMAKE_PREFIX_PATH=${CMAKE_PREFIX_PATH}:/home/charlie/traversability_analysis_ws_ros2/install/simulation:/opt/ros/foxy /usr/bin/cmake --build /home/charlie/traversability_analysis_ws_ros2/build/husky_description -- -j16 -l16
[0.646s] Invoked command in '/home/charlie/traversability_analysis_ws_ros2/build/husky_description' returned '0': CMAKE_PREFIX_PATH=${CMAKE_PREFIX_PATH}:/home/charlie/traversability_analysis_ws_ros2/install/simulation:/opt/ros/foxy /usr/bin/cmake --build /home/charlie/traversability_analysis_ws_ros2/build/husky_description -- -j16 -l16
[0.671s] Invoking command in '/home/charlie/traversability_analysis_ws_ros2/build/husky_description': CMAKE_PREFIX_PATH=${CMAKE_PREFIX_PATH}:/home/charlie/traversability_analysis_ws_ros2/install/simulation:/opt/ros/foxy /usr/bin/cmake --install /home/charlie/traversability_analysis_ws_ros2/build/husky_description
[0.676s] -- Install configuration: ""
[0.676s] -- Installing: /home/charlie/traversability_analysis_ws_ros2/install/husky_description/share/husky_description/launch
[0.676s] -- Installing: /home/charlie/traversability_analysis_ws_ros2/install/husky_description/share/husky_description/launch/description.launch.py
[0.676s] -- Installing: /home/charlie/traversability_analysis_ws_ros2/install/husky_description/share/husky_description/launch/description.launch
[0.676s] -- Installing: /home/charlie/traversability_analysis_ws_ros2/install/husky_description/share/husky_description/meshes
[0.676s] -- Installing: /home/charlie/traversability_analysis_ws_ros2/install/husky_description/share/husky_description/meshes/top_plate.dae
[0.676s] -- Installing: /home/charlie/traversability_analysis_ws_ros2/install/husky_description/share/husky_description/meshes/large_top_plate_collision.stl
[0.676s] -- Installing: /home/charlie/traversability_analysis_ws_ros2/install/husky_description/share/husky_description/meshes/top_chassis.dae
[0.677s] -- Installing: /home/charlie/traversability_analysis_ws_ros2/install/husky_description/share/husky_description/meshes/top_chassis.stl
[0.677s] -- Installing: /home/charlie/traversability_analysis_ws_ros2/install/husky_description/share/husky_description/meshes/top_plate.stl
[0.677s] -- Installing: /home/charlie/traversability_analysis_ws_ros2/install/husky_description/share/husky_description/meshes/bumper.dae
[0.677s] -- Installing: /home/charlie/traversability_analysis_ws_ros2/install/husky_description/share/husky_description/meshes/wheel.stl
[0.678s] -- Installing: /home/charlie/traversability_analysis_ws_ros2/install/husky_description/share/husky_description/meshes/wheel.dae
[0.680s] -- Installing: /home/charlie/traversability_analysis_ws_ros2/install/husky_description/share/husky_description/meshes/user_rail.dae
[0.680s] -- Installing: /home/charlie/traversability_analysis_ws_ros2/install/husky_description/share/husky_description/meshes/base_link.dae
[0.680s] -- Installing: /home/charlie/traversability_analysis_ws_ros2/install/husky_description/share/husky_description/meshes/accessories
[0.680s] -- Installing: /home/charlie/traversability_analysis_ws_ros2/install/husky_description/share/husky_description/meshes/accessories/300_mm_sensor_arch.dae
[0.680s] -- Installing: /home/charlie/traversability_analysis_ws_ros2/install/husky_description/share/husky_description/meshes/accessories/lidar_mount.stl
[0.680s] -- Installing: /home/charlie/traversability_analysis_ws_ros2/install/husky_description/share/husky_description/meshes/accessories/lms1xx_mount.stl
[0.680s] -- Installing: /home/charlie/traversability_analysis_ws_ros2/install/husky_description/share/husky_description/meshes/accessories/510_mm_sensor_arch.dae
[0.680s] -- Installing: /home/charlie/traversability_analysis_ws_ros2/install/husky_description/share/husky_description/meshes/accessories/510_mm_sensor_arch.stl
[0.681s] -- Installing: /home/charlie/traversability_analysis_ws_ros2/install/husky_description/share/husky_description/meshes/accessories/lms1xx_mount.dae
[0.681s] -- Installing: /home/charlie/traversability_analysis_ws_ros2/install/husky_description/share/husky_description/meshes/accessories/300_mm_sensor_arch.stl
[0.681s] -- Installing: /home/charlie/traversability_analysis_ws_ros2/install/husky_description/share/husky_description/meshes/bumper_extension.dae
[0.681s] -- Installing: /home/charlie/traversability_analysis_ws_ros2/install/husky_description/share/husky_description/meshes/user_rail.stl
[0.681s] -- Installing: /home/charlie/traversability_analysis_ws_ros2/install/husky_description/share/husky_description/meshes/large_top_plate.dae
[0.681s] -- Installing: /home/charlie/traversability_analysis_ws_ros2/install/husky_description/share/husky_description/meshes/base_link.stl
[0.681s] -- Installing: /home/charlie/traversability_analysis_ws_ros2/install/husky_description/share/husky_description/urdf
[0.681s] -- Installing: /home/charlie/traversability_analysis_ws_ros2/install/husky_description/share/husky_description/urdf/empty.urdf
[0.681s] -- Installing: /home/charlie/traversability_analysis_ws_ros2/install/husky_description/share/husky_description/urdf/husky_macro.urdf.xacro
[0.681s] -- Installing: /home/charlie/traversability_analysis_ws_ros2/install/husky_description/share/husky_description/urdf/husky.urdf.xacro
[0.681s] -- Installing: /home/charlie/traversability_analysis_ws_ros2/install/husky_description/share/husky_description/urdf/decorations.urdf.xacro
[0.681s] -- Installing: /home/charlie/traversability_analysis_ws_ros2/install/husky_description/share/husky_description/urdf/accessories
[0.681s] -- Installing: /home/charlie/traversability_analysis_ws_ros2/install/husky_description/share/husky_description/urdf/accessories/intel_realsense.urdf.xacro
[0.681s] -- Installing: /home/charlie/traversability_analysis_ws_ros2/install/husky_description/share/husky_description/urdf/accessories/sick_lms1xx_mount.urdf.xacro
[0.681s] -- Installing: /home/charlie/traversability_analysis_ws_ros2/install/husky_description/share/husky_description/urdf/accessories/sensor_arch.urdf.xacro
[0.681s] -- Installing: /home/charlie/traversability_analysis_ws_ros2/install/husky_description/share/husky_description/urdf/wheel.urdf.xacro
[0.681s] -- Installing: /home/charlie/traversability_analysis_ws_ros2/install/husky_description/share/ament_index/resource_index/package_run_dependencies/husky_description
[0.682s] -- Installing: /home/charlie/traversability_analysis_ws_ros2/install/husky_description/share/ament_index/resource_index/parent_prefix_path/husky_description
[0.682s] -- Installing: /home/charlie/traversability_analysis_ws_ros2/install/husky_description/share/husky_description/environment/ament_prefix_path.sh
[0.682s] -- Installing: /home/charlie/traversability_analysis_ws_ros2/install/husky_description/share/husky_description/environment/ament_prefix_path.dsv
[0.682s] -- Installing: /home/charlie/traversability_analysis_ws_ros2/install/husky_description/share/husky_description/environment/path.sh
[0.682s] -- Installing: /home/charlie/traversability_analysis_ws_ros2/install/husky_description/share/husky_description/environment/path.dsv
[0.682s] -- Installing: /home/charlie/traversability_analysis_ws_ros2/install/husky_description/share/husky_description/local_setup.bash
[0.682s] -- Installing: /home/charlie/traversability_analysis_ws_ros2/install/husky_description/share/husky_description/local_setup.sh
[0.682s] -- Installing: /home/charlie/traversability_analysis_ws_ros2/install/husky_description/share/husky_description/local_setup.zsh
[0.682s] -- Installing: /home/charlie/traversability_analysis_ws_ros2/install/husky_description/share/husky_description/local_setup.dsv
[0.682s] -- Installing: /home/charlie/traversability_analysis_ws_ros2/install/husky_description/share/husky_description/package.dsv
[0.682s] -- Installing: /home/charlie/traversability_analysis_ws_ros2/install/husky_description/share/ament_index/resource_index/packages/husky_description
[0.682s] -- Installing: /home/charlie/traversability_analysis_ws_ros2/install/husky_description/share/husky_description/cmake/ament_cmake_export_dependencies-extras.cmake
[0.682s] -- Installing: /home/charlie/traversability_analysis_ws_ros2/install/husky_description/share/husky_description/cmake/husky_descriptionConfig.cmake
[0.682s] -- Installing: /home/charlie/traversability_analysis_ws_ros2/install/husky_description/share/husky_description/cmake/husky_descriptionConfig-version.cmake
[0.682s] -- Installing: /home/charlie/traversability_analysis_ws_ros2/install/husky_description/share/husky_description/package.xml
[0.685s] Invoked command in '/home/charlie/traversability_analysis_ws_ros2/build/husky_description' returned '0': CMAKE_PREFIX_PATH=${CMAKE_PREFIX_PATH}:/home/charlie/traversability_analysis_ws_ros2/install/simulation:/opt/ros/foxy /usr/bin/cmake --install /home/charlie/traversability_analysis_ws_ros2/build/husky_description
