[0.016s] Invoking command in '/home/charlie/traversability_analysis_ws_ros2/build/husky_viz': CMAKE_PREFIX_PATH=/home/charlie/traversability_analysis_ws_ros2/install/husky_description:/home/charlie/traversability_analysis_ws_ros2/install/husky_desktop:/home/charlie/traversability_analysis_ws_ros2/install/husky_viz:/home/charlie/traversability_analysis_ws_ros2/install/husky_simulator:/home/charlie/traversability_analysis_ws_ros2/install/husky_robot:/home/charlie/traversability_analysis_ws_ros2/install/husky_bringup:/home/charlie/traversability_analysis_ws_ros2/install/husky_base:/home/charlie/traversability_analysis_ws_ros2/install/husky_msgs:/home/charlie/traversability_analysis_ws_ros2/install/husky_gazebo:/home/charlie/traversability_analysis_ws_ros2/install/husky_control:/home/charlie/traversability_analysis_ws_ros2/install/gazebo_map_creator:/home/charlie/traversability_analysis_ws_ros2/install/gazebo_map_creator_interface:/home/charlie/traversability_analysis_ws_ros2/install/simulation:/opt/ros/foxy /usr/bin/cmake /home/charlie/traversability_analysis_ws_ros2/src/husky/husky_viz -DCMAKE_INSTALL_PREFIX=/home/charlie/traversability_analysis_ws_ros2/install/husky_viz
[0.049s] -- The C compiler identification is GNU 9.4.0
[0.083s] -- The CXX compiler identification is GNU 9.4.0
[0.086s] -- Check for working C compiler: /usr/bin/cc
[0.133s] -- Check for working C compiler: /usr/bin/cc -- works
[0.133s] -- Detecting C compiler ABI info
[0.179s] -- Detecting C compiler ABI info - done
[0.186s] -- Detecting C compile features
[0.186s] -- Detecting C compile features - done
[0.188s] -- Check for working CXX compiler: /usr/bin/c++
[0.238s] -- Check for working CXX compiler: /usr/bin/c++ -- works
[0.239s] -- Detecting CXX compiler ABI info
[0.293s] -- Detecting CXX compiler ABI info - done
[0.301s] -- Detecting CXX compile features
[0.301s] -- Detecting CXX compile features - done
[0.302s] -- Found ament_cmake: 0.9.11 (/opt/ros/foxy/share/ament_cmake/cmake)
[0.319s] -- Found PythonInterp: /usr/bin/python3 (found suitable version "3.8.10", minimum required is "3") 
[0.319s] -- Using PYTHON_EXECUTABLE: /usr/bin/python3
[0.546s] -- Configuring done
[0.547s] -- Generating done
[0.547s] -- Build files have been written to: /home/charlie/traversability_analysis_ws_ros2/build/husky_viz
[0.550s] Invoked command in '/home/charlie/traversability_analysis_ws_ros2/build/husky_viz' returned '0': CMAKE_PREFIX_PATH=/home/charlie/traversability_analysis_ws_ros2/install/husky_description:/home/charlie/traversability_analysis_ws_ros2/install/husky_desktop:/home/charlie/traversability_analysis_ws_ros2/install/husky_viz:/home/charlie/traversability_analysis_ws_ros2/install/husky_simulator:/home/charlie/traversability_analysis_ws_ros2/install/husky_robot:/home/charlie/traversability_analysis_ws_ros2/install/husky_bringup:/home/charlie/traversability_analysis_ws_ros2/install/husky_base:/home/charlie/traversability_analysis_ws_ros2/install/husky_msgs:/home/charlie/traversability_analysis_ws_ros2/install/husky_gazebo:/home/charlie/traversability_analysis_ws_ros2/install/husky_control:/home/charlie/traversability_analysis_ws_ros2/install/gazebo_map_creator:/home/charlie/traversability_analysis_ws_ros2/install/gazebo_map_creator_interface:/home/charlie/traversability_analysis_ws_ros2/install/simulation:/opt/ros/foxy /usr/bin/cmake /home/charlie/traversability_analysis_ws_ros2/src/husky/husky_viz -DCMAKE_INSTALL_PREFIX=/home/charlie/traversability_analysis_ws_ros2/install/husky_viz
[0.552s] Invoking command in '/home/charlie/traversability_analysis_ws_ros2/build/husky_viz': CMAKE_PREFIX_PATH=/home/charlie/traversability_analysis_ws_ros2/install/husky_description:/home/charlie/traversability_analysis_ws_ros2/install/husky_desktop:/home/charlie/traversability_analysis_ws_ros2/install/husky_viz:/home/charlie/traversability_analysis_ws_ros2/install/husky_simulator:/home/charlie/traversability_analysis_ws_ros2/install/husky_robot:/home/charlie/traversability_analysis_ws_ros2/install/husky_bringup:/home/charlie/traversability_analysis_ws_ros2/install/husky_base:/home/charlie/traversability_analysis_ws_ros2/install/husky_msgs:/home/charlie/traversability_analysis_ws_ros2/install/husky_gazebo:/home/charlie/traversability_analysis_ws_ros2/install/husky_control:/home/charlie/traversability_analysis_ws_ros2/install/gazebo_map_creator:/home/charlie/traversability_analysis_ws_ros2/install/gazebo_map_creator_interface:/home/charlie/traversability_analysis_ws_ros2/install/simulation:/opt/ros/foxy /usr/bin/cmake --build /home/charlie/traversability_analysis_ws_ros2/build/husky_viz -- -j16 -l16
[0.579s] Invoked command in '/home/charlie/traversability_analysis_ws_ros2/build/husky_viz' returned '0': CMAKE_PREFIX_PATH=/home/charlie/traversability_analysis_ws_ros2/install/husky_description:/home/charlie/traversability_analysis_ws_ros2/install/husky_desktop:/home/charlie/traversability_analysis_ws_ros2/install/husky_viz:/home/charlie/traversability_analysis_ws_ros2/install/husky_simulator:/home/charlie/traversability_analysis_ws_ros2/install/husky_robot:/home/charlie/traversability_analysis_ws_ros2/install/husky_bringup:/home/charlie/traversability_analysis_ws_ros2/install/husky_base:/home/charlie/traversability_analysis_ws_ros2/install/husky_msgs:/home/charlie/traversability_analysis_ws_ros2/install/husky_gazebo:/home/charlie/traversability_analysis_ws_ros2/install/husky_control:/home/charlie/traversability_analysis_ws_ros2/install/gazebo_map_creator:/home/charlie/traversability_analysis_ws_ros2/install/gazebo_map_creator_interface:/home/charlie/traversability_analysis_ws_ros2/install/simulation:/opt/ros/foxy /usr/bin/cmake --build /home/charlie/traversability_analysis_ws_ros2/build/husky_viz -- -j16 -l16
[0.596s] Invoking command in '/home/charlie/traversability_analysis_ws_ros2/build/husky_viz': CMAKE_PREFIX_PATH=/home/charlie/traversability_analysis_ws_ros2/install/husky_description:/home/charlie/traversability_analysis_ws_ros2/install/husky_desktop:/home/charlie/traversability_analysis_ws_ros2/install/husky_viz:/home/charlie/traversability_analysis_ws_ros2/install/husky_simulator:/home/charlie/traversability_analysis_ws_ros2/install/husky_robot:/home/charlie/traversability_analysis_ws_ros2/install/husky_bringup:/home/charlie/traversability_analysis_ws_ros2/install/husky_base:/home/charlie/traversability_analysis_ws_ros2/install/husky_msgs:/home/charlie/traversability_analysis_ws_ros2/install/husky_gazebo:/home/charlie/traversability_analysis_ws_ros2/install/husky_control:/home/charlie/traversability_analysis_ws_ros2/install/gazebo_map_creator:/home/charlie/traversability_analysis_ws_ros2/install/gazebo_map_creator_interface:/home/charlie/traversability_analysis_ws_ros2/install/simulation:/opt/ros/foxy /usr/bin/cmake --install /home/charlie/traversability_analysis_ws_ros2/build/husky_viz
[0.604s] -- Install configuration: ""
[0.604s] -- Installing: /home/charlie/traversability_analysis_ws_ros2/install/husky_viz/share/husky_viz/launch
[0.604s] -- Installing: /home/charlie/traversability_analysis_ws_ros2/install/husky_viz/share/husky_viz/launch/view_robot.launch.py
[0.604s] -- Installing: /home/charlie/traversability_analysis_ws_ros2/install/husky_viz/share/husky_viz/launch/view_model.launch
[0.604s] -- Installing: /home/charlie/traversability_analysis_ws_ros2/install/husky_viz/share/husky_viz/launch/view_model.launch.py
[0.604s] -- Installing: /home/charlie/traversability_analysis_ws_ros2/install/husky_viz/share/husky_viz/launch/view_robot.launch
[0.604s] -- Installing: /home/charlie/traversability_analysis_ws_ros2/install/husky_viz/share/husky_viz/rviz
[0.604s] -- Installing: /home/charlie/traversability_analysis_ws_ros2/install/husky_viz/share/husky_viz/rviz/test.rviz
[0.604s] -- Installing: /home/charlie/traversability_analysis_ws_ros2/install/husky_viz/share/husky_viz/rviz/robot.rviz
[0.604s] -- Installing: /home/charlie/traversability_analysis_ws_ros2/install/husky_viz/share/husky_viz/rviz/model.rviz
[0.604s] -- Installing: /home/charlie/traversability_analysis_ws_ros2/install/husky_viz/share/ament_index/resource_index/package_run_dependencies/husky_viz
[0.604s] -- Installing: /home/charlie/traversability_analysis_ws_ros2/install/husky_viz/share/ament_index/resource_index/parent_prefix_path/husky_viz
[0.605s] -- Installing: /home/charlie/traversability_analysis_ws_ros2/install/husky_viz/share/husky_viz/environment/ament_prefix_path.sh
[0.605s] -- Installing: /home/charlie/traversability_analysis_ws_ros2/install/husky_viz/share/husky_viz/environment/ament_prefix_path.dsv
[0.605s] -- Installing: /home/charlie/traversability_analysis_ws_ros2/install/husky_viz/share/husky_viz/environment/path.sh
[0.605s] -- Installing: /home/charlie/traversability_analysis_ws_ros2/install/husky_viz/share/husky_viz/environment/path.dsv
[0.605s] -- Installing: /home/charlie/traversability_analysis_ws_ros2/install/husky_viz/share/husky_viz/local_setup.bash
[0.605s] -- Installing: /home/charlie/traversability_analysis_ws_ros2/install/husky_viz/share/husky_viz/local_setup.sh
[0.605s] -- Installing: /home/charlie/traversability_analysis_ws_ros2/install/husky_viz/share/husky_viz/local_setup.zsh
[0.605s] -- Installing: /home/charlie/traversability_analysis_ws_ros2/install/husky_viz/share/husky_viz/local_setup.dsv
[0.605s] -- Installing: /home/charlie/traversability_analysis_ws_ros2/install/husky_viz/share/husky_viz/package.dsv
[0.605s] -- Installing: /home/charlie/traversability_analysis_ws_ros2/install/husky_viz/share/ament_index/resource_index/packages/husky_viz
[0.605s] -- Installing: /home/charlie/traversability_analysis_ws_ros2/install/husky_viz/share/husky_viz/cmake/husky_vizConfig.cmake
[0.605s] -- Installing: /home/charlie/traversability_analysis_ws_ros2/install/husky_viz/share/husky_viz/cmake/husky_vizConfig-version.cmake
[0.605s] -- Installing: /home/charlie/traversability_analysis_ws_ros2/install/husky_viz/share/husky_viz/package.xml
[0.610s] Invoked command in '/home/charlie/traversability_analysis_ws_ros2/build/husky_viz' returned '0': CMAKE_PREFIX_PATH=/home/charlie/traversability_analysis_ws_ros2/install/husky_description:/home/charlie/traversability_analysis_ws_ros2/install/husky_desktop:/home/charlie/traversability_analysis_ws_ros2/install/husky_viz:/home/charlie/traversability_analysis_ws_ros2/install/husky_simulator:/home/charlie/traversability_analysis_ws_ros2/install/husky_robot:/home/charlie/traversability_analysis_ws_ros2/install/husky_bringup:/home/charlie/traversability_analysis_ws_ros2/install/husky_base:/home/charlie/traversability_analysis_ws_ros2/install/husky_msgs:/home/charlie/traversability_analysis_ws_ros2/install/husky_gazebo:/home/charlie/traversability_analysis_ws_ros2/install/husky_control:/home/charlie/traversability_analysis_ws_ros2/install/gazebo_map_creator:/home/charlie/traversability_analysis_ws_ros2/install/gazebo_map_creator_interface:/home/charlie/traversability_analysis_ws_ros2/install/simulation:/opt/ros/foxy /usr/bin/cmake --install /home/charlie/traversability_analysis_ws_ros2/build/husky_viz
