[0.059s] Invoking command in '/home/charlie/traversability_analysis_ws_ros2/build/husky_msgs': CMAKE_PREFIX_PATH=${CMAKE_PREFIX_PATH}:/home/charlie/traversability_analysis_ws_ros2/install/simulation:/home/charlie/traversability_analysis_ws_ros2/install/evaluation:/home/charlie/traversability_analysis_ws_ros2/install/dataset_generation_training:/opt/ros/foxy /usr/bin/cmake --build /home/charlie/traversability_analysis_ws_ros2/build/husky_msgs -- -j16 -l16
[0.624s] [  3%] Built target husky_msgs__cpp
[0.625s] [ 12%] Built target husky_msgs__rosidl_generator_c
[0.625s] [ 22%] Built target husky_msgs__rosidl_typesupport_c
[0.626s] [ 32%] Built target husky_msgs__rosidl_typesupport_cpp
[0.626s] [ 41%] Built target husky_msgs__rosidl_typesupport_introspection_cpp
[0.626s] [ 51%] Built target husky_msgs__rosidl_typesupport_fastrtps_cpp
[0.626s] [ 61%] Built target husky_msgs__rosidl_typesupport_introspection_c
[0.626s] [ 70%] Built target husky_msgs__rosidl_typesupport_fastrtps_c
[0.626s] [ 70%] Built target husky_msgs
[0.626s] [ 74%] Built target husky_msgs__py
[0.626s] [ 80%] Built target husky_msgs__python
[0.626s] [ 87%] Built target husky_msgs__rosidl_typesupport_c__pyext
[0.626s] [ 93%] Built target husky_msgs__rosidl_typesupport_introspection_c__pyext
[0.626s] [100%] Built target husky_msgs__rosidl_typesupport_fastrtps_c__pyext
[0.890s] Invoked command in '/home/charlie/traversability_analysis_ws_ros2/build/husky_msgs' returned '0': CMAKE_PREFIX_PATH=${CMAKE_PREFIX_PATH}:/home/charlie/traversability_analysis_ws_ros2/install/simulation:/home/charlie/traversability_analysis_ws_ros2/install/evaluation:/home/charlie/traversability_analysis_ws_ros2/install/dataset_generation_training:/opt/ros/foxy /usr/bin/cmake --build /home/charlie/traversability_analysis_ws_ros2/build/husky_msgs -- -j16 -l16
[0.951s] Invoking command in '/home/charlie/traversability_analysis_ws_ros2/build/husky_msgs': CMAKE_PREFIX_PATH=${CMAKE_PREFIX_PATH}:/home/charlie/traversability_analysis_ws_ros2/install/simulation:/home/charlie/traversability_analysis_ws_ros2/install/evaluation:/home/charlie/traversability_analysis_ws_ros2/install/dataset_generation_training:/opt/ros/foxy /usr/bin/cmake --install /home/charlie/traversability_analysis_ws_ros2/build/husky_msgs
[0.959s] -- Install configuration: ""
[0.960s] -- Up-to-date: /home/charlie/traversability_analysis_ws_ros2/install/husky_msgs/share/ament_index/resource_index/rosidl_interfaces/husky_msgs
[0.960s] -- Up-to-date: /home/charlie/traversability_analysis_ws_ros2/install/husky_msgs/include/husky_msgs
[0.967s] -- Up-to-date: /home/charlie/traversability_analysis_ws_ros2/install/husky_msgs/include/husky_msgs/msg
[0.967s] -- Up-to-date: /home/charlie/traversability_analysis_ws_ros2/install/husky_msgs/include/husky_msgs/msg/husky_status.h
[0.967s] -- Up-to-date: /home/charlie/traversability_analysis_ws_ros2/install/husky_msgs/include/husky_msgs/msg/detail
[0.968s] -- Up-to-date: /home/charlie/traversability_analysis_ws_ros2/install/husky_msgs/include/husky_msgs/msg/detail/husky_status__struct.h
[0.968s] -- Up-to-date: /home/charlie/traversability_analysis_ws_ros2/install/husky_msgs/include/husky_msgs/msg/detail/husky_status__functions.c
[0.968s] -- Up-to-date: /home/charlie/traversability_analysis_ws_ros2/install/husky_msgs/include/husky_msgs/msg/detail/husky_status__functions.h
[0.968s] -- Up-to-date: /home/charlie/traversability_analysis_ws_ros2/install/husky_msgs/include/husky_msgs/msg/detail/husky_status__type_support.h
[0.971s] -- Up-to-date: /home/charlie/traversability_analysis_ws_ros2/install/husky_msgs/include/husky_msgs/msg/rosidl_generator_c__visibility_control.h
[0.971s] -- Up-to-date: /home/charlie/traversability_analysis_ws_ros2/install/husky_msgs/share/husky_msgs/environment/library_path.sh
[0.971s] -- Up-to-date: /home/charlie/traversability_analysis_ws_ros2/install/husky_msgs/share/husky_msgs/environment/library_path.dsv
[0.971s] -- Up-to-date: /home/charlie/traversability_analysis_ws_ros2/install/husky_msgs/lib/libhusky_msgs__rosidl_generator_c.so
[0.972s] -- Up-to-date: /home/charlie/traversability_analysis_ws_ros2/install/husky_msgs/include/husky_msgs
[0.975s] -- Up-to-date: /home/charlie/traversability_analysis_ws_ros2/install/husky_msgs/include/husky_msgs/msg
[0.975s] -- Up-to-date: /home/charlie/traversability_analysis_ws_ros2/install/husky_msgs/include/husky_msgs/msg/detail
[0.975s] -- Up-to-date: /home/charlie/traversability_analysis_ws_ros2/install/husky_msgs/include/husky_msgs/msg/detail/husky_status__rosidl_typesupport_fastrtps_c.h
[0.976s] -- Up-to-date: /home/charlie/traversability_analysis_ws_ros2/install/husky_msgs/include/husky_msgs/msg/rosidl_typesupport_fastrtps_c__visibility_control.h
[0.980s] -- Up-to-date: /home/charlie/traversability_analysis_ws_ros2/install/husky_msgs/lib/libhusky_msgs__rosidl_typesupport_fastrtps_c.so
[0.982s] -- Up-to-date: /home/charlie/traversability_analysis_ws_ros2/install/husky_msgs/include/husky_msgs
[0.982s] -- Up-to-date: /home/charlie/traversability_analysis_ws_ros2/install/husky_msgs/include/husky_msgs/msg
[0.982s] -- Up-to-date: /home/charlie/traversability_analysis_ws_ros2/install/husky_msgs/include/husky_msgs/msg/rosidl_typesupport_fastrtps_cpp__visibility_control.h
[0.983s] -- Up-to-date: /home/charlie/traversability_analysis_ws_ros2/install/husky_msgs/include/husky_msgs/msg/detail
[0.983s] -- Up-to-date: /home/charlie/traversability_analysis_ws_ros2/install/husky_msgs/include/husky_msgs/msg/detail/husky_status__rosidl_typesupport_fastrtps_cpp.hpp
[0.983s] -- Up-to-date: /home/charlie/traversability_analysis_ws_ros2/install/husky_msgs/include/husky_msgs/msg/detail/dds_fastrtps
[0.983s] -- Up-to-date: /home/charlie/traversability_analysis_ws_ros2/install/husky_msgs/lib/libhusky_msgs__rosidl_typesupport_fastrtps_cpp.so
[0.983s] -- Up-to-date: /home/charlie/traversability_analysis_ws_ros2/install/husky_msgs/include/husky_msgs
[0.983s] -- Up-to-date: /home/charlie/traversability_analysis_ws_ros2/install/husky_msgs/include/husky_msgs/msg
[0.983s] -- Up-to-date: /home/charlie/traversability_analysis_ws_ros2/install/husky_msgs/include/husky_msgs/msg/rosidl_typesupport_introspection_c__visibility_control.h
[0.983s] -- Up-to-date: /home/charlie/traversability_analysis_ws_ros2/install/husky_msgs/include/husky_msgs/msg/detail
[0.983s] -- Up-to-date: /home/charlie/traversability_analysis_ws_ros2/install/husky_msgs/include/husky_msgs/msg/detail/husky_status__type_support.c
[0.985s] -- Up-to-date: /home/charlie/traversability_analysis_ws_ros2/install/husky_msgs/include/husky_msgs/msg/detail/husky_status__rosidl_typesupport_introspection_c.h
[0.985s] -- Up-to-date: /home/charlie/traversability_analysis_ws_ros2/install/husky_msgs/lib/libhusky_msgs__rosidl_typesupport_introspection_c.so
[0.985s] -- Up-to-date: /home/charlie/traversability_analysis_ws_ros2/install/husky_msgs/lib/libhusky_msgs__rosidl_typesupport_c.so
[0.986s] -- Up-to-date: /home/charlie/traversability_analysis_ws_ros2/install/husky_msgs/include/husky_msgs
[0.986s] -- Up-to-date: /home/charlie/traversability_analysis_ws_ros2/install/husky_msgs/include/husky_msgs/msg
[0.987s] -- Up-to-date: /home/charlie/traversability_analysis_ws_ros2/install/husky_msgs/include/husky_msgs/msg/husky_status.hpp
[0.988s] -- Up-to-date: /home/charlie/traversability_analysis_ws_ros2/install/husky_msgs/include/husky_msgs/msg/detail
[0.988s] -- Up-to-date: /home/charlie/traversability_analysis_ws_ros2/install/husky_msgs/include/husky_msgs/msg/detail/husky_status__struct.hpp
[0.988s] -- Up-to-date: /home/charlie/traversability_analysis_ws_ros2/install/husky_msgs/include/husky_msgs/msg/detail/husky_status__builder.hpp
[0.988s] -- Up-to-date: /home/charlie/traversability_analysis_ws_ros2/install/husky_msgs/include/husky_msgs/msg/detail/husky_status__traits.hpp
[0.988s] -- Up-to-date: /home/charlie/traversability_analysis_ws_ros2/install/husky_msgs/include/husky_msgs
[0.988s] -- Up-to-date: /home/charlie/traversability_analysis_ws_ros2/install/husky_msgs/include/husky_msgs/msg
[0.988s] -- Up-to-date: /home/charlie/traversability_analysis_ws_ros2/install/husky_msgs/include/husky_msgs/msg/detail
[0.988s] -- Up-to-date: /home/charlie/traversability_analysis_ws_ros2/install/husky_msgs/include/husky_msgs/msg/detail/husky_status__type_support.cpp
[0.988s] -- Up-to-date: /home/charlie/traversability_analysis_ws_ros2/install/husky_msgs/include/husky_msgs/msg/detail/husky_status__rosidl_typesupport_introspection_cpp.hpp
[0.989s] -- Up-to-date: /home/charlie/traversability_analysis_ws_ros2/install/husky_msgs/lib/libhusky_msgs__rosidl_typesupport_introspection_cpp.so
[0.989s] -- Up-to-date: /home/charlie/traversability_analysis_ws_ros2/install/husky_msgs/lib/libhusky_msgs__rosidl_typesupport_cpp.so
[0.989s] -- Up-to-date: /home/charlie/traversability_analysis_ws_ros2/install/husky_msgs/share/husky_msgs/environment/pythonpath.sh
[0.989s] -- Up-to-date: /home/charlie/traversability_analysis_ws_ros2/install/husky_msgs/share/husky_msgs/environment/pythonpath.dsv
[0.989s] -- Up-to-date: /home/charlie/traversability_analysis_ws_ros2/install/husky_msgs/lib/python3.8/site-packages/husky_msgs/__init__.py
[0.996s] -- Up-to-date: /home/charlie/traversability_analysis_ws_ros2/install/husky_msgs/lib/python3.8/site-packages/husky_msgs/msg
[0.997s] -- Up-to-date: /home/charlie/traversability_analysis_ws_ros2/install/husky_msgs/lib/python3.8/site-packages/husky_msgs/msg/_husky_status.py
[0.997s] -- Up-to-date: /home/charlie/traversability_analysis_ws_ros2/install/husky_msgs/lib/python3.8/site-packages/husky_msgs/msg/_husky_status_s.c
[0.997s] -- Up-to-date: /home/charlie/traversability_analysis_ws_ros2/install/husky_msgs/lib/python3.8/site-packages/husky_msgs/msg/__init__.py
[0.997s] -- Up-to-date: /home/charlie/traversability_analysis_ws_ros2/install/husky_msgs/lib/python3.8/site-packages/husky_msgs/husky_msgs_s__rosidl_typesupport_fastrtps_c.cpython-38-x86_64-linux-gnu.so
[0.997s] -- Up-to-date: /home/charlie/traversability_analysis_ws_ros2/install/husky_msgs/lib/python3.8/site-packages/husky_msgs/husky_msgs_s__rosidl_typesupport_introspection_c.cpython-38-x86_64-linux-gnu.so
[0.997s] -- Up-to-date: /home/charlie/traversability_analysis_ws_ros2/install/husky_msgs/lib/python3.8/site-packages/husky_msgs/husky_msgs_s__rosidl_typesupport_c.cpython-38-x86_64-linux-gnu.so
[0.997s] -- Up-to-date: /home/charlie/traversability_analysis_ws_ros2/install/husky_msgs/lib/libhusky_msgs__python.so
[0.997s] -- Up-to-date: /home/charlie/traversability_analysis_ws_ros2/install/husky_msgs/share/husky_msgs/msg/HuskyStatus.idl
[0.997s] -- Up-to-date: /home/charlie/traversability_analysis_ws_ros2/install/husky_msgs/share/husky_msgs/msg/HuskyStatus.msg
[0.998s] -- Up-to-date: /home/charlie/traversability_analysis_ws_ros2/install/husky_msgs/share/ament_index/resource_index/package_run_dependencies/husky_msgs
[0.998s] -- Up-to-date: /home/charlie/traversability_analysis_ws_ros2/install/husky_msgs/share/ament_index/resource_index/parent_prefix_path/husky_msgs
[0.998s] -- Up-to-date: /home/charlie/traversability_analysis_ws_ros2/install/husky_msgs/share/husky_msgs/environment/ament_prefix_path.sh
[0.998s] -- Up-to-date: /home/charlie/traversability_analysis_ws_ros2/install/husky_msgs/share/husky_msgs/environment/ament_prefix_path.dsv
[0.998s] -- Up-to-date: /home/charlie/traversability_analysis_ws_ros2/install/husky_msgs/share/husky_msgs/environment/path.sh
[0.998s] -- Up-to-date: /home/charlie/traversability_analysis_ws_ros2/install/husky_msgs/share/husky_msgs/environment/path.dsv
[0.998s] -- Up-to-date: /home/charlie/traversability_analysis_ws_ros2/install/husky_msgs/share/husky_msgs/local_setup.bash
[0.998s] -- Up-to-date: /home/charlie/traversability_analysis_ws_ros2/install/husky_msgs/share/husky_msgs/local_setup.sh
[0.998s] -- Up-to-date: /home/charlie/traversability_analysis_ws_ros2/install/husky_msgs/share/husky_msgs/local_setup.zsh
[0.999s] -- Up-to-date: /home/charlie/traversability_analysis_ws_ros2/install/husky_msgs/share/husky_msgs/local_setup.dsv
[1.000s] -- Installing: /home/charlie/traversability_analysis_ws_ros2/install/husky_msgs/share/husky_msgs/package.dsv
[1.006s] -- Up-to-date: /home/charlie/traversability_analysis_ws_ros2/install/husky_msgs/share/ament_index/resource_index/packages/husky_msgs
[1.007s] -- Up-to-date: /home/charlie/traversability_analysis_ws_ros2/install/husky_msgs/share/husky_msgs/cmake/husky_msgs__rosidl_generator_cExport.cmake
[1.007s] -- Up-to-date: /home/charlie/traversability_analysis_ws_ros2/install/husky_msgs/share/husky_msgs/cmake/husky_msgs__rosidl_generator_cExport-noconfig.cmake
[1.012s] -- Up-to-date: /home/charlie/traversability_analysis_ws_ros2/install/husky_msgs/share/husky_msgs/cmake/husky_msgs__rosidl_typesupport_introspection_cExport.cmake
[1.012s] -- Up-to-date: /home/charlie/traversability_analysis_ws_ros2/install/husky_msgs/share/husky_msgs/cmake/husky_msgs__rosidl_typesupport_introspection_cExport-noconfig.cmake
[1.012s] -- Up-to-date: /home/charlie/traversability_analysis_ws_ros2/install/husky_msgs/share/husky_msgs/cmake/husky_msgs__rosidl_typesupport_cExport.cmake
[1.012s] -- Up-to-date: /home/charlie/traversability_analysis_ws_ros2/install/husky_msgs/share/husky_msgs/cmake/husky_msgs__rosidl_typesupport_cExport-noconfig.cmake
[1.013s] -- Up-to-date: /home/charlie/traversability_analysis_ws_ros2/install/husky_msgs/share/husky_msgs/cmake/husky_msgs__rosidl_generator_cppExport.cmake
[1.013s] -- Up-to-date: /home/charlie/traversability_analysis_ws_ros2/install/husky_msgs/share/husky_msgs/cmake/husky_msgs__rosidl_typesupport_introspection_cppExport.cmake
[1.016s] -- Up-to-date: /home/charlie/traversability_analysis_ws_ros2/install/husky_msgs/share/husky_msgs/cmake/husky_msgs__rosidl_typesupport_introspection_cppExport-noconfig.cmake
[1.017s] -- Up-to-date: /home/charlie/traversability_analysis_ws_ros2/install/husky_msgs/share/husky_msgs/cmake/husky_msgs__rosidl_typesupport_cppExport.cmake
[1.017s] -- Up-to-date: /home/charlie/traversability_analysis_ws_ros2/install/husky_msgs/share/husky_msgs/cmake/husky_msgs__rosidl_typesupport_cppExport-noconfig.cmake
[1.017s] -- Up-to-date: /home/charlie/traversability_analysis_ws_ros2/install/husky_msgs/share/husky_msgs/cmake/rosidl_cmake-extras.cmake
[1.017s] -- Up-to-date: /home/charlie/traversability_analysis_ws_ros2/install/husky_msgs/share/husky_msgs/cmake/ament_cmake_export_dependencies-extras.cmake
[1.024s] -- Up-to-date: /home/charlie/traversability_analysis_ws_ros2/install/husky_msgs/share/husky_msgs/cmake/ament_cmake_export_libraries-extras.cmake
[1.024s] -- Up-to-date: /home/charlie/traversability_analysis_ws_ros2/install/husky_msgs/share/husky_msgs/cmake/ament_cmake_export_targets-extras.cmake
[1.024s] -- Up-to-date: /home/charlie/traversability_analysis_ws_ros2/install/husky_msgs/share/husky_msgs/cmake/ament_cmake_export_include_directories-extras.cmake
[1.024s] -- Up-to-date: /home/charlie/traversability_analysis_ws_ros2/install/husky_msgs/share/husky_msgs/cmake/rosidl_cmake_export_typesupport_libraries-extras.cmake
[1.025s] -- Up-to-date: /home/charlie/traversability_analysis_ws_ros2/install/husky_msgs/share/husky_msgs/cmake/rosidl_cmake_export_typesupport_targets-extras.cmake
[1.025s] -- Up-to-date: /home/charlie/traversability_analysis_ws_ros2/install/husky_msgs/share/husky_msgs/cmake/husky_msgsConfig.cmake
[1.028s] -- Up-to-date: /home/charlie/traversability_analysis_ws_ros2/install/husky_msgs/share/husky_msgs/cmake/husky_msgsConfig-version.cmake
[1.028s] -- Up-to-date: /home/charlie/traversability_analysis_ws_ros2/install/husky_msgs/share/husky_msgs/package.xml
[1.036s] Invoked command in '/home/charlie/traversability_analysis_ws_ros2/build/husky_msgs' returned '0': CMAKE_PREFIX_PATH=${CMAKE_PREFIX_PATH}:/home/charlie/traversability_analysis_ws_ros2/install/simulation:/home/charlie/traversability_analysis_ws_ros2/install/evaluation:/home/charlie/traversability_analysis_ws_ros2/install/dataset_generation_training:/opt/ros/foxy /usr/bin/cmake --install /home/charlie/traversability_analysis_ws_ros2/build/husky_msgs
