[0.021s] Invoking command in '/home/charlie/traversability_analysis_ws_ros2/build/husky_base': CMAKE_PREFIX_PATH=/home/charlie/traversability_analysis_ws_ros2/install/husky_msgs:/home/charlie/traversability_analysis_ws_ros2/install/husky_desktop:/home/charlie/traversability_analysis_ws_ros2/install/husky_viz:/home/charlie/traversability_analysis_ws_ros2/install/husky_simulator:/home/charlie/traversability_analysis_ws_ros2/install/husky_robot:/home/charlie/traversability_analysis_ws_ros2/install/husky_bringup:/home/charlie/traversability_analysis_ws_ros2/install/husky_base:/home/charlie/traversability_analysis_ws_ros2/install/husky_gazebo:/home/charlie/traversability_analysis_ws_ros2/install/husky_control:/home/charlie/traversability_analysis_ws_ros2/install/husky_description:/home/charlie/traversability_analysis_ws_ros2/install/gazebo_map_creator:/home/charlie/traversability_analysis_ws_ros2/install/gazebo_map_creator_interface:/home/charlie/traversability_analysis_ws_ros2/install/simulation:/opt/ros/foxy LD_LIBRARY_PATH=/home/charlie/traversability_analysis_ws_ros2/install/husky_msgs/lib:/home/charlie/traversability_analysis_ws_ros2/install/husky_base/lib:/home/charlie/traversability_analysis_ws_ros2/install/gazebo_map_creator/lib:/home/charlie/traversability_analysis_ws_ros2/install/gazebo_map_creator_interface/lib:/usr/lib/x86_64-linux-gnu/gazebo-11/plugins:/opt/ros/foxy/opt/yaml_cpp_vendor/lib:/opt/ros/foxy/opt/rviz_ogre_vendor/lib:/opt/ros/foxy/lib/x86_64-linux-gnu:/opt/ros/foxy/lib:/usr/local/cuda-11.3/lib64 PYTHONPATH=/home/charlie/traversability_analysis_ws_ros2/install/husky_msgs/lib/python3.8/site-packages:/home/charlie/traversability_analysis_ws_ros2/install/simulation/lib/python3.8/site-packages:/home/charlie/traversability_analysis_ws_ros2/install/gazebo_map_creator_interface/lib/python3.8/site-packages:/opt/ros/foxy/lib/python3.8/site-packages /usr/bin/cmake /home/charlie/traversability_analysis_ws_ros2/src/husky/husky_base -DCMAKE_INSTALL_PREFIX=/home/charlie/traversability_analysis_ws_ros2/install/husky_base
[0.056s] -- The C compiler identification is GNU 9.4.0
[0.091s] -- The CXX compiler identification is GNU 9.4.0
[0.094s] -- Check for working C compiler: /usr/bin/cc
[0.138s] -- Check for working C compiler: /usr/bin/cc -- works
[0.139s] -- Detecting C compiler ABI info
[0.182s] -- Detecting C compiler ABI info - done
[0.189s] -- Detecting C compile features
[0.189s] -- Detecting C compile features - done
[0.190s] -- Check for working CXX compiler: /usr/bin/c++
[0.242s] -- Check for working CXX compiler: /usr/bin/c++ -- works
[0.243s] -- Detecting CXX compiler ABI info
[0.293s] -- Detecting CXX compiler ABI info - done
[0.301s] -- Detecting CXX compile features
[0.301s] -- Detecting CXX compile features - done
[0.303s] -- Found ament_cmake: 0.9.11 (/opt/ros/foxy/share/ament_cmake/cmake)
[0.319s] -- Found PythonInterp: /usr/bin/python3 (found suitable version "3.8.10", minimum required is "3") 
[0.319s] -- Using PYTHON_EXECUTABLE: /usr/bin/python3
[0.506s] -- Found controller_interface: 0.11.0 (/opt/ros/foxy/share/controller_interface/cmake)
[0.532s] -- Using all available rosidl_typesupport_c: rosidl_typesupport_fastrtps_c;rosidl_typesupport_introspection_c
[0.536s] -- Found rosidl_adapter: 1.3.0 (/opt/ros/foxy/share/rosidl_adapter/cmake)
[0.590s] -- Found OpenSSL: /usr/lib/x86_64-linux-gnu/libcrypto.so (found version "1.1.1f")  
[0.611s] -- Found FastRTPS: /opt/ros/foxy/include  
[0.664s] -- Using all available rosidl_typesupport_cpp: rosidl_typesupport_fastrtps_cpp;rosidl_typesupport_introspection_cpp
[1.020s] -- Found rmw_implementation_cmake: 1.0.3 (/opt/ros/foxy/share/rmw_implementation_cmake/cmake)
[1.021s] -- Using RMW implementation 'rmw_fastrtps_cpp' as default
[1.021s] -- Looking for pthread.h
[1.067s] -- Looking for pthread.h - found
[1.067s] -- Performing Test CMAKE_HAVE_LIBC_PTHREAD
[1.113s] -- Performing Test CMAKE_HAVE_LIBC_PTHREAD - Failed
[1.113s] -- Looking for pthread_create in pthreads
[1.150s] -- Looking for pthread_create in pthreads - not found
[1.150s] -- Looking for pthread_create in pthread
[1.197s] -- Looking for pthread_create in pthread - found
[1.198s] -- Found Threads: TRUE  
[1.361s] -- Found controller_manager: 0.11.0 (/opt/ros/foxy/share/controller_manager/cmake)
[1.403s] -- Found husky_msgs: 1.0.9 (/home/charlie/traversability_analysis_ws_ros2/install/husky_msgs/share/husky_msgs/cmake)
[1.425s] -- Found nav_msgs: 2.0.5 (/opt/ros/foxy/share/nav_msgs/cmake)
[1.470s] -- Found std_srvs: 2.0.5 (/opt/ros/foxy/share/std_srvs/cmake)
[1.476s] -- Found tf2: 0.13.13 (/opt/ros/foxy/share/tf2/cmake)
[1.483s] -- Found tf2_ros: 0.13.13 (/opt/ros/foxy/share/tf2_ros/cmake)
[1.702s] -- Configuring done
[1.714s] -- Generating done
[1.715s] -- Build files have been written to: /home/charlie/traversability_analysis_ws_ros2/build/husky_base
[1.721s] Invoked command in '/home/charlie/traversability_analysis_ws_ros2/build/husky_base' returned '0': CMAKE_PREFIX_PATH=/home/charlie/traversability_analysis_ws_ros2/install/husky_msgs:/home/charlie/traversability_analysis_ws_ros2/install/husky_desktop:/home/charlie/traversability_analysis_ws_ros2/install/husky_viz:/home/charlie/traversability_analysis_ws_ros2/install/husky_simulator:/home/charlie/traversability_analysis_ws_ros2/install/husky_robot:/home/charlie/traversability_analysis_ws_ros2/install/husky_bringup:/home/charlie/traversability_analysis_ws_ros2/install/husky_base:/home/charlie/traversability_analysis_ws_ros2/install/husky_gazebo:/home/charlie/traversability_analysis_ws_ros2/install/husky_control:/home/charlie/traversability_analysis_ws_ros2/install/husky_description:/home/charlie/traversability_analysis_ws_ros2/install/gazebo_map_creator:/home/charlie/traversability_analysis_ws_ros2/install/gazebo_map_creator_interface:/home/charlie/traversability_analysis_ws_ros2/install/simulation:/opt/ros/foxy LD_LIBRARY_PATH=/home/charlie/traversability_analysis_ws_ros2/install/husky_msgs/lib:/home/charlie/traversability_analysis_ws_ros2/install/husky_base/lib:/home/charlie/traversability_analysis_ws_ros2/install/gazebo_map_creator/lib:/home/charlie/traversability_analysis_ws_ros2/install/gazebo_map_creator_interface/lib:/usr/lib/x86_64-linux-gnu/gazebo-11/plugins:/opt/ros/foxy/opt/yaml_cpp_vendor/lib:/opt/ros/foxy/opt/rviz_ogre_vendor/lib:/opt/ros/foxy/lib/x86_64-linux-gnu:/opt/ros/foxy/lib:/usr/local/cuda-11.3/lib64 PYTHONPATH=/home/charlie/traversability_analysis_ws_ros2/install/husky_msgs/lib/python3.8/site-packages:/home/charlie/traversability_analysis_ws_ros2/install/simulation/lib/python3.8/site-packages:/home/charlie/traversability_analysis_ws_ros2/install/gazebo_map_creator_interface/lib/python3.8/site-packages:/opt/ros/foxy/lib/python3.8/site-packages /usr/bin/cmake /home/charlie/traversability_analysis_ws_ros2/src/husky/husky_base -DCMAKE_INSTALL_PREFIX=/home/charlie/traversability_analysis_ws_ros2/install/husky_base
[1.724s] Invoking command in '/home/charlie/traversability_analysis_ws_ros2/build/husky_base': CMAKE_PREFIX_PATH=/home/charlie/traversability_analysis_ws_ros2/install/husky_msgs:/home/charlie/traversability_analysis_ws_ros2/install/husky_desktop:/home/charlie/traversability_analysis_ws_ros2/install/husky_viz:/home/charlie/traversability_analysis_ws_ros2/install/husky_simulator:/home/charlie/traversability_analysis_ws_ros2/install/husky_robot:/home/charlie/traversability_analysis_ws_ros2/install/husky_bringup:/home/charlie/traversability_analysis_ws_ros2/install/husky_base:/home/charlie/traversability_analysis_ws_ros2/install/husky_gazebo:/home/charlie/traversability_analysis_ws_ros2/install/husky_control:/home/charlie/traversability_analysis_ws_ros2/install/husky_description:/home/charlie/traversability_analysis_ws_ros2/install/gazebo_map_creator:/home/charlie/traversability_analysis_ws_ros2/install/gazebo_map_creator_interface:/home/charlie/traversability_analysis_ws_ros2/install/simulation:/opt/ros/foxy LD_LIBRARY_PATH=/home/charlie/traversability_analysis_ws_ros2/install/husky_msgs/lib:/home/charlie/traversability_analysis_ws_ros2/install/husky_base/lib:/home/charlie/traversability_analysis_ws_ros2/install/gazebo_map_creator/lib:/home/charlie/traversability_analysis_ws_ros2/install/gazebo_map_creator_interface/lib:/usr/lib/x86_64-linux-gnu/gazebo-11/plugins:/opt/ros/foxy/opt/yaml_cpp_vendor/lib:/opt/ros/foxy/opt/rviz_ogre_vendor/lib:/opt/ros/foxy/lib/x86_64-linux-gnu:/opt/ros/foxy/lib:/usr/local/cuda-11.3/lib64 PYTHONPATH=/home/charlie/traversability_analysis_ws_ros2/install/husky_msgs/lib/python3.8/site-packages:/home/charlie/traversability_analysis_ws_ros2/install/simulation/lib/python3.8/site-packages:/home/charlie/traversability_analysis_ws_ros2/install/gazebo_map_creator_interface/lib/python3.8/site-packages:/opt/ros/foxy/lib/python3.8/site-packages /usr/bin/cmake --build /home/charlie/traversability_analysis_ws_ros2/build/husky_base -- -j16 -l16
[1.749s] [35m[1mScanning dependencies of target husky_hardware[0m
[1.776s] [ 23%] [32mBuilding CXX object CMakeFiles/husky_hardware.dir/src/husky_status.cpp.o[0m
[1.776s] [ 23%] [32mBuilding CXX object CMakeFiles/husky_hardware.dir/src/husky_hardware.cpp.o[0m
[1.776s] [ 23%] [32mBuilding CXX object CMakeFiles/husky_hardware.dir/src/horizon_legacy_wrapper.cpp.o[0m
[1.777s] [ 30%] [32mBuilding CXX object CMakeFiles/husky_hardware.dir/src/horizon_legacy/crc.cpp.o[0m
[1.777s] [ 38%] [32mBuilding CXX object CMakeFiles/husky_hardware.dir/src/horizon_legacy/Logger.cpp.o[0m
[1.777s] [ 46%] [32mBuilding CXX object CMakeFiles/husky_hardware.dir/src/horizon_legacy/Message.cpp.o[0m
[1.777s] [ 53%] [32mBuilding CXX object CMakeFiles/husky_hardware.dir/src/horizon_legacy/Message_data.cpp.o[0m
[1.777s] [ 61%] [32mBuilding CXX object CMakeFiles/husky_hardware.dir/src/horizon_legacy/Message_request.cpp.o[0m
[1.778s] [ 69%] [32mBuilding CXX object CMakeFiles/husky_hardware.dir/src/horizon_legacy/Message_cmd.cpp.o[0m
[1.778s] [ 76%] [32mBuilding CXX object CMakeFiles/husky_hardware.dir/src/horizon_legacy/Transport.cpp.o[0m
[1.778s] [ 84%] [32mBuilding CXX object CMakeFiles/husky_hardware.dir/src/horizon_legacy/Number.cpp.o[0m
[1.778s] [ 92%] [32mBuilding CXX object CMakeFiles/husky_hardware.dir/src/horizon_legacy/linux_serial.cpp.o[0m
[3.609s] [100%] [32m[1mLinking CXX shared library libhusky_hardware.so[0m
[3.757s] [100%] Built target husky_hardware
[3.764s] Invoked command in '/home/charlie/traversability_analysis_ws_ros2/build/husky_base' returned '0': CMAKE_PREFIX_PATH=/home/charlie/traversability_analysis_ws_ros2/install/husky_msgs:/home/charlie/traversability_analysis_ws_ros2/install/husky_desktop:/home/charlie/traversability_analysis_ws_ros2/install/husky_viz:/home/charlie/traversability_analysis_ws_ros2/install/husky_simulator:/home/charlie/traversability_analysis_ws_ros2/install/husky_robot:/home/charlie/traversability_analysis_ws_ros2/install/husky_bringup:/home/charlie/traversability_analysis_ws_ros2/install/husky_base:/home/charlie/traversability_analysis_ws_ros2/install/husky_gazebo:/home/charlie/traversability_analysis_ws_ros2/install/husky_control:/home/charlie/traversability_analysis_ws_ros2/install/husky_description:/home/charlie/traversability_analysis_ws_ros2/install/gazebo_map_creator:/home/charlie/traversability_analysis_ws_ros2/install/gazebo_map_creator_interface:/home/charlie/traversability_analysis_ws_ros2/install/simulation:/opt/ros/foxy LD_LIBRARY_PATH=/home/charlie/traversability_analysis_ws_ros2/install/husky_msgs/lib:/home/charlie/traversability_analysis_ws_ros2/install/husky_base/lib:/home/charlie/traversability_analysis_ws_ros2/install/gazebo_map_creator/lib:/home/charlie/traversability_analysis_ws_ros2/install/gazebo_map_creator_interface/lib:/usr/lib/x86_64-linux-gnu/gazebo-11/plugins:/opt/ros/foxy/opt/yaml_cpp_vendor/lib:/opt/ros/foxy/opt/rviz_ogre_vendor/lib:/opt/ros/foxy/lib/x86_64-linux-gnu:/opt/ros/foxy/lib:/usr/local/cuda-11.3/lib64 PYTHONPATH=/home/charlie/traversability_analysis_ws_ros2/install/husky_msgs/lib/python3.8/site-packages:/home/charlie/traversability_analysis_ws_ros2/install/simulation/lib/python3.8/site-packages:/home/charlie/traversability_analysis_ws_ros2/install/gazebo_map_creator_interface/lib/python3.8/site-packages:/opt/ros/foxy/lib/python3.8/site-packages /usr/bin/cmake --build /home/charlie/traversability_analysis_ws_ros2/build/husky_base -- -j16 -l16
[3.797s] Invoking command in '/home/charlie/traversability_analysis_ws_ros2/build/husky_base': CMAKE_PREFIX_PATH=/home/charlie/traversability_analysis_ws_ros2/install/husky_msgs:/home/charlie/traversability_analysis_ws_ros2/install/husky_desktop:/home/charlie/traversability_analysis_ws_ros2/install/husky_viz:/home/charlie/traversability_analysis_ws_ros2/install/husky_simulator:/home/charlie/traversability_analysis_ws_ros2/install/husky_robot:/home/charlie/traversability_analysis_ws_ros2/install/husky_bringup:/home/charlie/traversability_analysis_ws_ros2/install/husky_base:/home/charlie/traversability_analysis_ws_ros2/install/husky_gazebo:/home/charlie/traversability_analysis_ws_ros2/install/husky_control:/home/charlie/traversability_analysis_ws_ros2/install/husky_description:/home/charlie/traversability_analysis_ws_ros2/install/gazebo_map_creator:/home/charlie/traversability_analysis_ws_ros2/install/gazebo_map_creator_interface:/home/charlie/traversability_analysis_ws_ros2/install/simulation:/opt/ros/foxy LD_LIBRARY_PATH=/home/charlie/traversability_analysis_ws_ros2/install/husky_msgs/lib:/home/charlie/traversability_analysis_ws_ros2/install/husky_base/lib:/home/charlie/traversability_analysis_ws_ros2/install/gazebo_map_creator/lib:/home/charlie/traversability_analysis_ws_ros2/install/gazebo_map_creator_interface/lib:/usr/lib/x86_64-linux-gnu/gazebo-11/plugins:/opt/ros/foxy/opt/yaml_cpp_vendor/lib:/opt/ros/foxy/opt/rviz_ogre_vendor/lib:/opt/ros/foxy/lib/x86_64-linux-gnu:/opt/ros/foxy/lib:/usr/local/cuda-11.3/lib64 PYTHONPATH=/home/charlie/traversability_analysis_ws_ros2/install/husky_msgs/lib/python3.8/site-packages:/home/charlie/traversability_analysis_ws_ros2/install/simulation/lib/python3.8/site-packages:/home/charlie/traversability_analysis_ws_ros2/install/gazebo_map_creator_interface/lib/python3.8/site-packages:/opt/ros/foxy/lib/python3.8/site-packages /usr/bin/cmake --install /home/charlie/traversability_analysis_ws_ros2/build/husky_base
[3.802s] -- Install configuration: ""
[3.802s] -- Installing: /home/charlie/traversability_analysis_ws_ros2/install/husky_base/share/husky_base/husky_hardware.xml
[3.803s] -- Installing: /home/charlie/traversability_analysis_ws_ros2/install/husky_base/lib/libhusky_hardware.so
[3.804s] -- Set runtime path of "/home/charlie/traversability_analysis_ws_ros2/install/husky_base/lib/libhusky_hardware.so" to ""
[3.804s] -- Installing: /home/charlie/traversability_analysis_ws_ros2/install/husky_base/include
[3.804s] -- Installing: /home/charlie/traversability_analysis_ws_ros2/install/husky_base/include/husky_base
[3.804s] -- Installing: /home/charlie/traversability_analysis_ws_ros2/install/husky_base/include/husky_base/horizon_legacy
[3.804s] -- Installing: /home/charlie/traversability_analysis_ws_ros2/install/husky_base/include/husky_base/horizon_legacy/Message_cmd.h
[3.804s] -- Installing: /home/charlie/traversability_analysis_ws_ros2/install/husky_base/include/husky_base/horizon_legacy/serial.h
[3.804s] -- Installing: /home/charlie/traversability_analysis_ws_ros2/install/husky_base/include/husky_base/horizon_legacy/Number.h
[3.804s] -- Installing: /home/charlie/traversability_analysis_ws_ros2/install/husky_base/include/husky_base/horizon_legacy/Transport.h
[3.804s] -- Installing: /home/charlie/traversability_analysis_ws_ros2/install/husky_base/include/husky_base/horizon_legacy/Logger.h
[3.804s] -- Installing: /home/charlie/traversability_analysis_ws_ros2/install/husky_base/include/husky_base/horizon_legacy/Message_request.h
[3.804s] -- Installing: /home/charlie/traversability_analysis_ws_ros2/install/husky_base/include/husky_base/horizon_legacy/Exception.h
[3.804s] -- Installing: /home/charlie/traversability_analysis_ws_ros2/install/husky_base/include/husky_base/horizon_legacy/crc.h
[3.804s] -- Installing: /home/charlie/traversability_analysis_ws_ros2/install/husky_base/include/husky_base/horizon_legacy/Message.h
[3.804s] -- Installing: /home/charlie/traversability_analysis_ws_ros2/install/husky_base/include/husky_base/horizon_legacy/clearpath.h
[3.804s] -- Installing: /home/charlie/traversability_analysis_ws_ros2/install/husky_base/include/husky_base/horizon_legacy/Message_data.h
[3.804s] -- Installing: /home/charlie/traversability_analysis_ws_ros2/install/husky_base/include/husky_base/husky_diagnostics.h
[3.804s] -- Installing: /home/charlie/traversability_analysis_ws_ros2/install/husky_base/include/husky_base/husky_status.hpp
[3.804s] -- Installing: /home/charlie/traversability_analysis_ws_ros2/install/husky_base/include/husky_base/horizon_legacy_wrapper.h
[3.804s] -- Installing: /home/charlie/traversability_analysis_ws_ros2/install/husky_base/include/husky_base/husky_hardware.hpp
[3.804s] -- Installing: /home/charlie/traversability_analysis_ws_ros2/install/husky_base/share/husky_base/launch
[3.805s] -- Installing: /home/charlie/traversability_analysis_ws_ros2/install/husky_base/share/husky_base/launch/base.launch.py
[3.805s] -- Installing: /home/charlie/traversability_analysis_ws_ros2/install/husky_base/share/husky_base/environment/library_path.sh
[3.805s] -- Installing: /home/charlie/traversability_analysis_ws_ros2/install/husky_base/share/husky_base/environment/library_path.dsv
[3.805s] -- Installing: /home/charlie/traversability_analysis_ws_ros2/install/husky_base/share/ament_index/resource_index/package_run_dependencies/husky_base
[3.805s] -- Installing: /home/charlie/traversability_analysis_ws_ros2/install/husky_base/share/ament_index/resource_index/parent_prefix_path/husky_base
[3.805s] -- Installing: /home/charlie/traversability_analysis_ws_ros2/install/husky_base/share/husky_base/environment/ament_prefix_path.sh
[3.805s] -- Installing: /home/charlie/traversability_analysis_ws_ros2/install/husky_base/share/husky_base/environment/ament_prefix_path.dsv
[3.805s] -- Installing: /home/charlie/traversability_analysis_ws_ros2/install/husky_base/share/husky_base/environment/path.sh
[3.805s] -- Installing: /home/charlie/traversability_analysis_ws_ros2/install/husky_base/share/husky_base/environment/path.dsv
[3.805s] -- Installing: /home/charlie/traversability_analysis_ws_ros2/install/husky_base/share/husky_base/local_setup.bash
[3.805s] -- Installing: /home/charlie/traversability_analysis_ws_ros2/install/husky_base/share/husky_base/local_setup.sh
[3.805s] -- Installing: /home/charlie/traversability_analysis_ws_ros2/install/husky_base/share/husky_base/local_setup.zsh
[3.805s] -- Installing: /home/charlie/traversability_analysis_ws_ros2/install/husky_base/share/husky_base/local_setup.dsv
[3.805s] -- Installing: /home/charlie/traversability_analysis_ws_ros2/install/husky_base/share/husky_base/package.dsv
[3.805s] -- Installing: /home/charlie/traversability_analysis_ws_ros2/install/husky_base/share/ament_index/resource_index/packages/husky_base
[3.805s] -- Installing: /home/charlie/traversability_analysis_ws_ros2/install/husky_base/share/ament_index/resource_index/hardware_interface__pluginlib__plugin/husky_base
[3.805s] -- Installing: /home/charlie/traversability_analysis_ws_ros2/install/husky_base/share/husky_base/cmake/ament_cmake_export_include_directories-extras.cmake
[3.806s] -- Installing: /home/charlie/traversability_analysis_ws_ros2/install/husky_base/share/husky_base/cmake/ament_cmake_export_libraries-extras.cmake
[3.806s] -- Installing: /home/charlie/traversability_analysis_ws_ros2/install/husky_base/share/husky_base/cmake/ament_cmake_export_dependencies-extras.cmake
[3.806s] -- Installing: /home/charlie/traversability_analysis_ws_ros2/install/husky_base/share/husky_base/cmake/husky_baseConfig.cmake
[3.806s] -- Installing: /home/charlie/traversability_analysis_ws_ros2/install/husky_base/share/husky_base/cmake/husky_baseConfig-version.cmake
[3.806s] -- Installing: /home/charlie/traversability_analysis_ws_ros2/install/husky_base/share/husky_base/package.xml
[3.812s] Invoked command in '/home/charlie/traversability_analysis_ws_ros2/build/husky_base' returned '0': CMAKE_PREFIX_PATH=/home/charlie/traversability_analysis_ws_ros2/install/husky_msgs:/home/charlie/traversability_analysis_ws_ros2/install/husky_desktop:/home/charlie/traversability_analysis_ws_ros2/install/husky_viz:/home/charlie/traversability_analysis_ws_ros2/install/husky_simulator:/home/charlie/traversability_analysis_ws_ros2/install/husky_robot:/home/charlie/traversability_analysis_ws_ros2/install/husky_bringup:/home/charlie/traversability_analysis_ws_ros2/install/husky_base:/home/charlie/traversability_analysis_ws_ros2/install/husky_gazebo:/home/charlie/traversability_analysis_ws_ros2/install/husky_control:/home/charlie/traversability_analysis_ws_ros2/install/husky_description:/home/charlie/traversability_analysis_ws_ros2/install/gazebo_map_creator:/home/charlie/traversability_analysis_ws_ros2/install/gazebo_map_creator_interface:/home/charlie/traversability_analysis_ws_ros2/install/simulation:/opt/ros/foxy LD_LIBRARY_PATH=/home/charlie/traversability_analysis_ws_ros2/install/husky_msgs/lib:/home/charlie/traversability_analysis_ws_ros2/install/husky_base/lib:/home/charlie/traversability_analysis_ws_ros2/install/gazebo_map_creator/lib:/home/charlie/traversability_analysis_ws_ros2/install/gazebo_map_creator_interface/lib:/usr/lib/x86_64-linux-gnu/gazebo-11/plugins:/opt/ros/foxy/opt/yaml_cpp_vendor/lib:/opt/ros/foxy/opt/rviz_ogre_vendor/lib:/opt/ros/foxy/lib/x86_64-linux-gnu:/opt/ros/foxy/lib:/usr/local/cuda-11.3/lib64 PYTHONPATH=/home/charlie/traversability_analysis_ws_ros2/install/husky_msgs/lib/python3.8/site-packages:/home/charlie/traversability_analysis_ws_ros2/install/simulation/lib/python3.8/site-packages:/home/charlie/traversability_analysis_ws_ros2/install/gazebo_map_creator_interface/lib/python3.8/site-packages:/opt/ros/foxy/lib/python3.8/site-packages /usr/bin/cmake --install /home/charlie/traversability_analysis_ws_ros2/build/husky_base
