[0.016s] Invoking command in '/home/charlie/traversability_analysis_ws_ros2/build/husky_gazebo': CMAKE_PREFIX_PATH=/home/charlie/traversability_analysis_ws_ros2/install/husky_control:/home/charlie/traversability_analysis_ws_ros2/install/husky_description:/home/charlie/traversability_analysis_ws_ros2/install/husky_desktop:/home/charlie/traversability_analysis_ws_ros2/install/husky_viz:/home/charlie/traversability_analysis_ws_ros2/install/husky_simulator:/home/charlie/traversability_analysis_ws_ros2/install/husky_robot:/home/charlie/traversability_analysis_ws_ros2/install/husky_bringup:/home/charlie/traversability_analysis_ws_ros2/install/husky_base:/home/charlie/traversability_analysis_ws_ros2/install/husky_msgs:/home/charlie/traversability_analysis_ws_ros2/install/husky_gazebo:/home/charlie/traversability_analysis_ws_ros2/install/gazebo_map_creator:/home/charlie/traversability_analysis_ws_ros2/install/gazebo_map_creator_interface:/home/charlie/traversability_analysis_ws_ros2/install/simulation:/home/charlie/traversability_analysis_ws_ros2/install/evaluation:/home/charlie/traversability_analysis_ws_ros2/install/dataset_generation_training:/opt/ros/foxy /usr/bin/cmake --build /home/charlie/traversability_analysis_ws_ros2/build/husky_gazebo -- -j16 -l16
[0.075s] Invoked command in '/home/charlie/traversability_analysis_ws_ros2/build/husky_gazebo' returned '0': CMAKE_PREFIX_PATH=/home/charlie/traversability_analysis_ws_ros2/install/husky_control:/home/charlie/traversability_analysis_ws_ros2/install/husky_description:/home/charlie/traversability_analysis_ws_ros2/install/husky_desktop:/home/charlie/traversability_analysis_ws_ros2/install/husky_viz:/home/charlie/traversability_analysis_ws_ros2/install/husky_simulator:/home/charlie/traversability_analysis_ws_ros2/install/husky_robot:/home/charlie/traversability_analysis_ws_ros2/install/husky_bringup:/home/charlie/traversability_analysis_ws_ros2/install/husky_base:/home/charlie/traversability_analysis_ws_ros2/install/husky_msgs:/home/charlie/traversability_analysis_ws_ros2/install/husky_gazebo:/home/charlie/traversability_analysis_ws_ros2/install/gazebo_map_creator:/home/charlie/traversability_analysis_ws_ros2/install/gazebo_map_creator_interface:/home/charlie/traversability_analysis_ws_ros2/install/simulation:/home/charlie/traversability_analysis_ws_ros2/install/evaluation:/home/charlie/traversability_analysis_ws_ros2/install/dataset_generation_training:/opt/ros/foxy /usr/bin/cmake --build /home/charlie/traversability_analysis_ws_ros2/build/husky_gazebo -- -j16 -l16
[0.151s] Invoking command in '/home/charlie/traversability_analysis_ws_ros2/build/husky_gazebo': CMAKE_PREFIX_PATH=/home/charlie/traversability_analysis_ws_ros2/install/husky_control:/home/charlie/traversability_analysis_ws_ros2/install/husky_description:/home/charlie/traversability_analysis_ws_ros2/install/husky_desktop:/home/charlie/traversability_analysis_ws_ros2/install/husky_viz:/home/charlie/traversability_analysis_ws_ros2/install/husky_simulator:/home/charlie/traversability_analysis_ws_ros2/install/husky_robot:/home/charlie/traversability_analysis_ws_ros2/install/husky_bringup:/home/charlie/traversability_analysis_ws_ros2/install/husky_base:/home/charlie/traversability_analysis_ws_ros2/install/husky_msgs:/home/charlie/traversability_analysis_ws_ros2/install/husky_gazebo:/home/charlie/traversability_analysis_ws_ros2/install/gazebo_map_creator:/home/charlie/traversability_analysis_ws_ros2/install/gazebo_map_creator_interface:/home/charlie/traversability_analysis_ws_ros2/install/simulation:/home/charlie/traversability_analysis_ws_ros2/install/evaluation:/home/charlie/traversability_analysis_ws_ros2/install/dataset_generation_training:/opt/ros/foxy /usr/bin/cmake --install /home/charlie/traversability_analysis_ws_ros2/build/husky_gazebo
[0.167s] -- Install configuration: ""
[0.168s] -- Up-to-date: /home/charlie/traversability_analysis_ws_ros2/install/husky_gazebo/share/husky_gazebo/launch
[0.168s] -- Up-to-date: /home/charlie/traversability_analysis_ws_ros2/install/husky_gazebo/share/husky_gazebo/launch/custom_world.launch.py
[0.168s] -- Up-to-date: /home/charlie/traversability_analysis_ws_ros2/install/husky_gazebo/share/husky_gazebo/launch/realsense.launch
[0.171s] -- Up-to-date: /home/charlie/traversability_analysis_ws_ros2/install/husky_gazebo/share/husky_gazebo/launch/husky_playpen.launch.py
[0.172s] -- Up-to-date: /home/charlie/traversability_analysis_ws_ros2/install/husky_gazebo/share/husky_gazebo/launch/spawn_husky.launch
[0.172s] -- Up-to-date: /home/charlie/traversability_analysis_ws_ros2/install/husky_gazebo/share/husky_gazebo/launch/gazebo.launch.py
[0.172s] -- Up-to-date: /home/charlie/traversability_analysis_ws_ros2/install/husky_gazebo/share/husky_gazebo/launch/husky_empty_world.launch
[0.172s] -- Up-to-date: /home/charlie/traversability_analysis_ws_ros2/install/husky_gazebo/share/husky_gazebo/launch/playpen.launch
[0.172s] -- Up-to-date: /home/charlie/traversability_analysis_ws_ros2/install/husky_gazebo/share/husky_gazebo/launch/multi_husky_playpen.launch
[0.172s] -- Up-to-date: /home/charlie/traversability_analysis_ws_ros2/install/husky_gazebo/share/husky_gazebo/worlds
[0.172s] -- Up-to-date: /home/charlie/traversability_analysis_ws_ros2/install/husky_gazebo/share/husky_gazebo/worlds/random.world
[0.172s] -- Up-to-date: /home/charlie/traversability_analysis_ws_ros2/install/husky_gazebo/share/husky_gazebo/worlds/staircase_world.world
[0.173s] -- Up-to-date: /home/charlie/traversability_analysis_ws_ros2/install/husky_gazebo/share/husky_gazebo/worlds/slope_rocks1.world
[0.173s] -- Up-to-date: /home/charlie/traversability_analysis_ws_ros2/install/husky_gazebo/share/husky_gazebo/worlds/empty_world.world
[0.173s] -- Up-to-date: /home/charlie/traversability_analysis_ws_ros2/install/husky_gazebo/share/husky_gazebo/worlds/bumps2.world
[0.173s] -- Up-to-date: /home/charlie/traversability_analysis_ws_ros2/install/husky_gazebo/share/husky_gazebo/worlds/rails1.world
[0.173s] -- Up-to-date: /home/charlie/traversability_analysis_ws_ros2/install/husky_gazebo/share/husky_gazebo/worlds/sullens.world
[0.174s] -- Up-to-date: /home/charlie/traversability_analysis_ws_ros2/install/husky_gazebo/share/husky_gazebo/worlds/holes1.world
[0.174s] -- Up-to-date: /home/charlie/traversability_analysis_ws_ros2/install/husky_gazebo/share/husky_gazebo/worlds/steps1.world
[0.178s] -- Up-to-date: /home/charlie/traversability_analysis_ws_ros2/install/husky_gazebo/share/husky_gazebo/worlds/heightmaps
[0.178s] -- Up-to-date: /home/charlie/traversability_analysis_ws_ros2/install/husky_gazebo/share/husky_gazebo/worlds/heightmaps/slope_rocks1.png
[0.178s] -- Up-to-date: /home/charlie/traversability_analysis_ws_ros2/install/husky_gazebo/share/husky_gazebo/worlds/heightmaps/holes2.png
[0.178s] -- Up-to-date: /home/charlie/traversability_analysis_ws_ros2/install/husky_gazebo/share/husky_gazebo/worlds/heightmaps/bumps1.png
[0.178s] -- Up-to-date: /home/charlie/traversability_analysis_ws_ros2/install/husky_gazebo/share/husky_gazebo/worlds/heightmaps/rails1.png
[0.179s] -- Up-to-date: /home/charlie/traversability_analysis_ws_ros2/install/husky_gazebo/share/husky_gazebo/worlds/heightmaps/random.png
[0.179s] -- Up-to-date: /home/charlie/traversability_analysis_ws_ros2/install/husky_gazebo/share/husky_gazebo/worlds/heightmaps/holes1.png
[0.179s] -- Up-to-date: /home/charlie/traversability_analysis_ws_ros2/install/husky_gazebo/share/husky_gazebo/worlds/heightmaps/steps2.png
[0.179s] -- Up-to-date: /home/charlie/traversability_analysis_ws_ros2/install/husky_gazebo/share/husky_gazebo/worlds/heightmaps/bumps2.png
[0.180s] -- Up-to-date: /home/charlie/traversability_analysis_ws_ros2/install/husky_gazebo/share/husky_gazebo/worlds/heightmaps/slope_rocks2.png
[0.180s] -- Up-to-date: /home/charlie/traversability_analysis_ws_ros2/install/husky_gazebo/share/husky_gazebo/worlds/heightmaps/rails2.png
[0.180s] -- Up-to-date: /home/charlie/traversability_analysis_ws_ros2/install/husky_gazebo/share/husky_gazebo/worlds/heightmaps/sullens.png
[0.181s] -- Up-to-date: /home/charlie/traversability_analysis_ws_ros2/install/husky_gazebo/share/husky_gazebo/worlds/heightmaps/steps1.png
[0.186s] -- Up-to-date: /home/charlie/traversability_analysis_ws_ros2/install/husky_gazebo/share/husky_gazebo/worlds/heightmaps/textures
[0.186s] -- Up-to-date: /home/charlie/traversability_analysis_ws_ros2/install/husky_gazebo/share/husky_gazebo/worlds/heightmaps/textures/normal
[0.186s] -- Up-to-date: /home/charlie/traversability_analysis_ws_ros2/install/husky_gazebo/share/husky_gazebo/worlds/heightmaps/textures/normal/soil_normal.png
[0.186s] -- Up-to-date: /home/charlie/traversability_analysis_ws_ros2/install/husky_gazebo/share/husky_gazebo/worlds/heightmaps/textures/normal/dirt_normal.png
[0.186s] -- Up-to-date: /home/charlie/traversability_analysis_ws_ros2/install/husky_gazebo/share/husky_gazebo/worlds/heightmaps/textures/diffuse
[0.186s] -- Up-to-date: /home/charlie/traversability_analysis_ws_ros2/install/husky_gazebo/share/husky_gazebo/worlds/heightmaps/textures/diffuse/dirt_diffusespecular.png
[0.186s] -- Up-to-date: /home/charlie/traversability_analysis_ws_ros2/install/husky_gazebo/share/husky_gazebo/worlds/heightmaps/textures/diffuse/soil_diffuse.png
[0.190s] -- Up-to-date: /home/charlie/traversability_analysis_ws_ros2/install/husky_gazebo/share/husky_gazebo/worlds/heightmaps/slope_rocks3.png
[0.190s] -- Up-to-date: /home/charlie/traversability_analysis_ws_ros2/install/husky_gazebo/share/husky_gazebo/worlds/slope_rocks2.world
[0.190s] -- Up-to-date: /home/charlie/traversability_analysis_ws_ros2/install/husky_gazebo/share/husky_gazebo/worlds/bumps1.world
[0.190s] -- Up-to-date: /home/charlie/traversability_analysis_ws_ros2/install/husky_gazebo/share/husky_gazebo/worlds/steps2.world
[0.190s] -- Up-to-date: /home/charlie/traversability_analysis_ws_ros2/install/husky_gazebo/share/husky_gazebo/worlds/slope_rocks3.world
[0.191s] -- Up-to-date: /home/charlie/traversability_analysis_ws_ros2/install/husky_gazebo/share/husky_gazebo/worlds/clearpath_playpen.world
[0.191s] -- Up-to-date: /home/charlie/traversability_analysis_ws_ros2/install/husky_gazebo/share/husky_gazebo/worlds/rails2.world
[0.191s] -- Up-to-date: /home/charlie/traversability_analysis_ws_ros2/install/husky_gazebo/share/husky_gazebo/worlds/holes2.world
[0.195s] -- Up-to-date: /home/charlie/traversability_analysis_ws_ros2/install/husky_gazebo/share/ament_index/resource_index/package_run_dependencies/husky_gazebo
[0.195s] -- Up-to-date: /home/charlie/traversability_analysis_ws_ros2/install/husky_gazebo/share/ament_index/resource_index/parent_prefix_path/husky_gazebo
[0.195s] -- Up-to-date: /home/charlie/traversability_analysis_ws_ros2/install/husky_gazebo/share/husky_gazebo/environment/ament_prefix_path.sh
[0.195s] -- Up-to-date: /home/charlie/traversability_analysis_ws_ros2/install/husky_gazebo/share/husky_gazebo/environment/ament_prefix_path.dsv
[0.195s] -- Up-to-date: /home/charlie/traversability_analysis_ws_ros2/install/husky_gazebo/share/husky_gazebo/environment/path.sh
[0.196s] -- Up-to-date: /home/charlie/traversability_analysis_ws_ros2/install/husky_gazebo/share/husky_gazebo/environment/path.dsv
[0.196s] -- Up-to-date: /home/charlie/traversability_analysis_ws_ros2/install/husky_gazebo/share/husky_gazebo/local_setup.bash
[0.196s] -- Up-to-date: /home/charlie/traversability_analysis_ws_ros2/install/husky_gazebo/share/husky_gazebo/local_setup.sh
[0.196s] -- Up-to-date: /home/charlie/traversability_analysis_ws_ros2/install/husky_gazebo/share/husky_gazebo/local_setup.zsh
[0.196s] -- Up-to-date: /home/charlie/traversability_analysis_ws_ros2/install/husky_gazebo/share/husky_gazebo/local_setup.dsv
[0.197s] -- Installing: /home/charlie/traversability_analysis_ws_ros2/install/husky_gazebo/share/husky_gazebo/package.dsv
[0.197s] -- Up-to-date: /home/charlie/traversability_analysis_ws_ros2/install/husky_gazebo/share/ament_index/resource_index/packages/husky_gazebo
[0.198s] -- Up-to-date: /home/charlie/traversability_analysis_ws_ros2/install/husky_gazebo/share/husky_gazebo/cmake/husky_gazeboConfig.cmake
[0.198s] -- Up-to-date: /home/charlie/traversability_analysis_ws_ros2/install/husky_gazebo/share/husky_gazebo/cmake/husky_gazeboConfig-version.cmake
[0.199s] -- Up-to-date: /home/charlie/traversability_analysis_ws_ros2/install/husky_gazebo/share/husky_gazebo/package.xml
[0.200s] Invoked command in '/home/charlie/traversability_analysis_ws_ros2/build/husky_gazebo' returned '0': CMAKE_PREFIX_PATH=/home/charlie/traversability_analysis_ws_ros2/install/husky_control:/home/charlie/traversability_analysis_ws_ros2/install/husky_description:/home/charlie/traversability_analysis_ws_ros2/install/husky_desktop:/home/charlie/traversability_analysis_ws_ros2/install/husky_viz:/home/charlie/traversability_analysis_ws_ros2/install/husky_simulator:/home/charlie/traversability_analysis_ws_ros2/install/husky_robot:/home/charlie/traversability_analysis_ws_ros2/install/husky_bringup:/home/charlie/traversability_analysis_ws_ros2/install/husky_base:/home/charlie/traversability_analysis_ws_ros2/install/husky_msgs:/home/charlie/traversability_analysis_ws_ros2/install/husky_gazebo:/home/charlie/traversability_analysis_ws_ros2/install/gazebo_map_creator:/home/charlie/traversability_analysis_ws_ros2/install/gazebo_map_creator_interface:/home/charlie/traversability_analysis_ws_ros2/install/simulation:/home/charlie/traversability_analysis_ws_ros2/install/evaluation:/home/charlie/traversability_analysis_ws_ros2/install/dataset_generation_training:/opt/ros/foxy /usr/bin/cmake --install /home/charlie/traversability_analysis_ws_ros2/build/husky_gazebo
